Log file open, 11/23/18 13:59:06
LogWindows: Failed to load 'aqProf.dll' (GetLastError=126)
LogWindows: File 'aqProf.dll' does not exist
LogWindows: Failed to load 'VSPerf140.dll' (GetLastError=126)
LogWindows: File 'VSPerf140.dll' does not exist
LogWindows: Failed to load 'VtuneApi.dll' (GetLastError=126)
LogWindows: File 'VtuneApi.dll' does not exist
LogWindows: Failed to load 'VtuneApi32e.dll' (GetLastError=126)
LogWindows: File 'VtuneApi32e.dll' does not exist
LogInit: Display: Running engine for game: Project
LogPlatformFile: Not using cached read wrapper
LogTaskGraph: Started task graph with 5 named threads and 11 total threads with 3 sets of task threads.
LogStats: Stats thread started at 0.179072
LogD3D11RHI: Loaded GFSDK_Aftermath_Lib.x64.dll
LogICUInternationalization: Display: ICU TimeZone Detection - Raw Offset: +9:00, Platform Override: ''
LogPluginManager: Mounting plugin Paper2D
LogPluginManager: Mounting plugin AISupport
LogPluginManager: Mounting plugin LightPropagationVolume
LogPluginManager: Mounting plugin CLionSourceCodeAccess
LogPluginManager: Mounting plugin CodeLiteSourceCodeAccess
LogPluginManager: Mounting plugin GitSourceControl
LogPluginManager: Mounting plugin KDevelopSourceCodeAccess
LogPluginManager: Mounting plugin NullSourceCodeAccess
LogPluginManager: Mounting plugin PerforceSourceControl
LogPluginManager: Mounting plugin SubversionSourceControl
LogPluginManager: Mounting plugin UObjectPlugin
LogPluginManager: Mounting plugin VisualStudioCodeSourceCodeAccess
LogPluginManager: Mounting plugin VisualStudioSourceCodeAccess
LogPluginManager: Mounting plugin XCodeSourceCodeAccess
LogPluginManager: Mounting plugin AssetManagerEditor
LogPluginManager: Mounting plugin CryptoKeys
LogPluginManager: Mounting plugin DataValidation
LogPluginManager: Mounting plugin EditorScriptingUtilities
LogPluginManager: Mounting plugin FacialAnimation
LogPluginManager: Mounting plugin GameplayTagsEditor
LogPluginManager: Mounting plugin MacGraphicsSwitching
LogPluginManager: Mounting plugin MeshEditor
LogPluginManager: Mounting plugin MobileLauncherProfileWizard
LogPluginManager: Mounting plugin PluginBrowser
LogPluginManager: Mounting plugin SpeedTreeImporter
LogPluginManager: Mounting plugin DatasmithContent
LogPluginManager: Mounting plugin AlembicImporter
LogPluginManager: Mounting plugin AppleImageUtils
LogPluginManager: Mounting plugin AppleVision
LogPluginManager: Mounting plugin BackChannel
LogPluginManager: Mounting plugin CharacterAI
LogPluginManager: Mounting plugin GeometryCache
LogPluginManager: Mounting plugin HTML5Networking
LogPluginManager: Mounting plugin ProxyLODPlugin
LogPluginManager: Mounting plugin MagicLeap
LogPluginManager: Mounting plugin MagicLeapEmulator
LogPluginManager: Mounting plugin MagicLeapMedia
LogPluginManager: Mounting plugin AndroidMedia
LogPluginManager: Mounting plugin AvfMedia
LogPluginManager: Mounting plugin ImgMedia
LogPluginManager: Mounting plugin LinearTimecode
LogPluginManager: Mounting plugin MediaCompositing
LogPluginManager: Mounting plugin MediaPlayerEditor
LogPluginManager: Mounting plugin WmfMedia
LogPluginManager: Mounting plugin TcpMessaging
LogPluginManager: Mounting plugin UdpMessaging
LogPluginManager: Mounting plugin ActorSequence
LogPluginManager: Mounting plugin LevelSequenceEditor
LogPluginManager: Mounting plugin MatineeToLevelSequence
LogPluginManager: Mounting plugin NetcodeUnitTest
LogPluginManager: Mounting plugin NUTUnrealEngine4
LogPluginManager: Mounting plugin OnlineSubsystemGooglePlay
LogPluginManager: Mounting plugin OnlineSubsystemIOS
LogPluginManager: Mounting plugin OnlineSubsystem
LogPluginManager: Mounting plugin OnlineSubsystemNull
LogPluginManager: Mounting plugin OnlineSubsystemUtils
LogPluginManager: Mounting plugin LauncherChunkInstaller
LogPluginManager: Mounting plugin AndroidDeviceProfileSelector
LogPluginManager: Mounting plugin AndroidMoviePlayer
LogPluginManager: Mounting plugin AndroidPermission
LogPluginManager: Mounting plugin AppleMoviePlayer
LogPluginManager: Mounting plugin ArchVisCharacter
LogPluginManager: Mounting plugin AudioCapture
LogPluginManager: Mounting plugin CableComponent
LogPluginManager: Mounting plugin CustomMeshComponent
LogPluginManager: Mounting plugin EditableMesh
LogPluginManager: Mounting plugin ExampleDeviceProfileSelector
LogPluginManager: Mounting plugin GoogleCloudMessaging
LogPluginManager: Mounting plugin ImmediatePhysics
LogPluginManager: Mounting plugin IOSDeviceProfileSelector
LogPluginManager: Mounting plugin LinuxDeviceProfileSelector
LogPluginManager: Mounting plugin LocationServicesBPLibrary
LogPluginManager: Mounting plugin MobilePatchingUtils
LogPluginManager: Mounting plugin OculusVR
LogPluginManager: Plugin shader directory ../../../Engine/Plugins/Runtime/Oculus/OculusVR/Shaders found
LogPluginManager: Mapping shader source directory ../../../Engine/Plugins/Runtime/Oculus/OculusVR/Shaders to virtual directory /Plugin/OculusVR
LogPluginManager: Mounting plugin PhysXVehicles
LogPluginManager: Mounting plugin ProceduralMeshComponent
LogPluginManager: Mounting plugin RuntimePhysXCooking
LogPluginManager: Mounting plugin SteamVR
LogPluginManager: Mounting plugin WindowsMoviePlayer
LogPluginManager: Mounting plugin DatasmithCADImporter
LogPluginManager: Mounting plugin DatasmithFBXImporter
LogPluginManager: Mounting plugin DatasmithImporter
LogPluginManager: Mounting plugin DatasmithMDLImporter
LogPluginManager: Mounting plugin StaticMeshEditorExtension
LogStreaming: Display: Took  0.214s to configure plugins.
LogInit: Using libcurl 7.55.1-DEV
LogInit:  - built for x86_64-pc-win32
LogInit:  - supports SSL with OpenSSL/1.0.2h
LogInit:  - supports HTTP deflate (compression) using libz 1.2.8
LogInit:  - other features:
LogInit:      CURL_VERSION_SSL
LogInit:      CURL_VERSION_LIBZ
LogInit:      CURL_VERSION_IPV6
LogInit:      CURL_VERSION_ASYNCHDNS
LogInit:      CURL_VERSION_LARGEFILE
LogInit:      CURL_VERSION_IDN
LogInit:  CurlRequestOptions (configurable via config and command line):
LogInit:  - bVerifyPeer = false  - Libcurl will NOT verify peer certificate
LogInit:  - bUseHttpProxy = false  - Libcurl will NOT use HTTP proxy
LogInit:  - bDontReuseConnections = false  - Libcurl will reuse connections
LogInit:  - CertBundlePath = nullptr  - Libcurl will use whatever was configured at build time.
LogInit:  - MaxHostConnections = 16  - Libcurl will limit the number of connections to a host
LogInit:  - LocalHostAddr = Default
LogInit:  - BufferSize = 65536
LogInit: WinSock: version 1.1 (2.2), MaxSocks=32767, MaxUdp=65467
LogInit: Build: ++UE4+Release-4.20-CL-4369336
LogInit: Engine Version: 4.20.3-4369336+++UE4+Release-4.20
LogInit: Compatible Engine Version: 4.20.0-4212847+++UE4+Release-4.20
LogInit: Net CL: 4212847
LogInit: OS: Windows 10 (), CPU: Intel(R) Core(TM) i5-7200U CPU @ 2.50GHz, GPU: Intel(R) HD Graphics 620
LogInit: Compiled (64-bit): Sep 17 2018 12:26:19
LogInit: Compiled with Visual C++: 19.13.26129.00
LogInit: Build Configuration: Development
LogInit: Branch Name: ++UE4+Release-4.20
LogInit: Command Line: 
LogInit: Base Directory: C:/Program Files/Epic Games/UE_4.20/Engine/Binaries/Win64/
LogInit: Installed Engine Build: 1
LogDevObjectVersion: Number of dev versions registered: 20
LogDevObjectVersion:   Dev-Blueprints (B0D832E4-1F89-4F0D-ACCF-7EB736FD4AA2): 10
LogDevObjectVersion:   Dev-Build (E1C64328-A22C-4D53-A36C-8E866417BD8C): 0
LogDevObjectVersion:   Dev-Core (375EC13C-06E4-48FB-B500-84F0262A717E): 2
LogDevObjectVersion:   Dev-Editor (E4B068ED-F494-42E9-A231-DA0B2E46BB41): 24
LogDevObjectVersion:   Dev-Framework (CFFC743F-43B0-4480-9391-14DF171D2073): 34
LogDevObjectVersion:   Dev-Mobile (B02B49B5-BB20-44E9-A304-32B752E40360): 2
LogDevObjectVersion:   Dev-Networking (A4E4105C-59A1-49B5-A7C5-40C4547EDFEE): 0
LogDevObjectVersion:   Dev-Online (39C831C9-5AE6-47DC-9A44-9C173E1C8E7C): 0
LogDevObjectVersion:   Dev-Physics (78F01B33-EBEA-4F98-B9B4-84EACCB95AA2): 0
LogDevObjectVersion:   Dev-Platform (6631380F-2D4D-43E0-8009-CF276956A95A): 0
LogDevObjectVersion:   Dev-Rendering (12F88B9F-8875-4AFC-A67C-D90C383ABD29): 26
LogDevObjectVersion:   Dev-Sequencer (7B5AE74C-D270-4C10-A958-57980B212A5A): 9
LogDevObjectVersion:   Dev-VR (D7296918-1DD6-4BDD-9DE2-64A83CC13884): 2
LogDevObjectVersion:   Dev-LoadTimes (C2A15278-BFE7-4AFE-6C17-90FF531DF755): 1
LogDevObjectVersion:   Private-Geometry (6EACA3D4-40EC-4CC1-B786-8BED09428FC5): 3
LogDevObjectVersion:   Dev-AnimPhys (29E575DD-E0A3-4627-9D10-D276232CDCEA): 17
LogDevObjectVersion:   Dev-ReflectionCapture (6B266CEC-1EC7-4B8F-A30B-E4D90942FC07): 1
LogDevObjectVersion:   Dev-Automation (0DF73D61-A23F-47EA-B727-89E90C41499A): 1
LogDevObjectVersion:   FortniteMain (601D1886-AC64-4F84-AA16-D3DE0DEAC7D6): 12
LogDevObjectVersion:   Dev-Enterprise (9DFFBCD6-494F-0158-E221-12823C92A888): 1
LogStreaming: Display: Took  0.006s to delete old logs.
LogInit: Presizing for max 8388607 objects, including 0 objects not considered by GC, pre-allocating 0 bytes for permanent pool.
LogInit: Object subsystem initialized
[2018.11.23-04.59.06:766][  0]LogInit: Selected Device Profile: [Windows]
[2018.11.23-04.59.06:766][  0]LogInit: Applying CVar settings loaded from the selected device profile: [Windows]
[2018.11.23-04.59.06:789][  0]LogHAL: Display: Platform has ~ 8 GB [8442294272 / 8589934592 / 8], which maps to Default [LargestMinGB=32, LargerMinGB=12, DefaultMinGB=8, SmallerMinGB=6, SmallestMinGB=0)
[2018.11.23-04.59.06:790][  0]LogInit: Setting Device Profile CVar: [[r.Vulkan.UseRealUBs:1]]
[2018.11.23-04.59.06:790][  0]LogInit: Going up to parent DeviceProfile []
[2018.11.23-04.59.06:790][  0]LogInit: Computer: DESKTOP-QL9J6H5
[2018.11.23-04.59.06:790][  0]LogInit: User: User
[2018.11.23-04.59.06:790][  0]LogInit: CPU Page size=4096, Cores=2
[2018.11.23-04.59.06:790][  0]LogInit: High frequency timer resolution =2.648442 MHz
[2018.11.23-04.59.06:790][  0]LogMemory: Memory total: Physical=7.9GB (8GB approx)
[2018.11.23-04.59.06:790][  0]LogMemory: Platform Memory Stats for Windows
[2018.11.23-04.59.06:790][  0]LogMemory: Process Physical Memory: 100.61 MB used, 100.61 MB peak
[2018.11.23-04.59.06:790][  0]LogMemory: Process Virtual Memory: 92.10 MB used, 92.10 MB peak
[2018.11.23-04.59.06:790][  0]LogMemory: Physical Memory: 4297.81 MB used,  3753.39 MB free, 8051.20 MB total
[2018.11.23-04.59.06:790][  0]LogMemory: Virtual Memory: 4629.23 MB used,  3753.39 MB free, 134217728.00 MB total
[2018.11.23-04.59.06:809][  0]LogInit: Using OS detected language (ko-KR).
[2018.11.23-04.59.06:809][  0]LogInit: Using OS detected locale (ko-KR).
[2018.11.23-04.59.06:810][  0]LogTextLocalizationManager: No specific localization for 'ko-KR' exists, so the 'ko' localization will be used.
[2018.11.23-04.59.07:252][  0]LogStreaming: Display: Took  0.443s to InitEngineTextLocalization.
[2018.11.23-04.59.07:252][  0]LogInit: Setting process to per monitor DPI aware
[2018.11.23-04.59.07:297][  0]LogSlate: New Slate User Created.  User Index 0, Is Virtual User: 0
[2018.11.23-04.59.07:297][  0]LogSlate: Slate User Registered.  User Index 0, Is Virtual User: 0
[2018.11.23-04.59.07:653][  0]LogHMD: Failed to initialize OpenVR with code 110
[2018.11.23-04.59.07:653][  0]LogD3D11RHI: D3D11 adapters:
[2018.11.23-04.59.07:670][  0]LogD3D11RHI:    0. 'Intel(R) HD Graphics 620' (Feature Level 11_0)
[2018.11.23-04.59.07:670][  0]LogD3D11RHI:       128/0/4025 MB DedicatedVideo/DedicatedSystem/SharedSystem, Outputs:1, VendorId:0x8086
[2018.11.23-04.59.07:673][  0]LogD3D11RHI:    1. 'Microsoft Basic Render Driver' (Feature Level 11_0)
[2018.11.23-04.59.07:673][  0]LogD3D11RHI:       0/0/4025 MB DedicatedVideo/DedicatedSystem/SharedSystem, Outputs:0, VendorId:0x1414
[2018.11.23-04.59.07:673][  0]LogD3D11RHI: Chosen D3D11 Adapter: 0
[2018.11.23-04.59.07:682][  0]LogD3D11RHI: Creating new Direct3DDevice
[2018.11.23-04.59.07:682][  0]LogD3D11RHI:     GPU DeviceId: 0x5916 (for the marketing name, search the web for "GPU Device Id")
[2018.11.23-04.59.07:683][  0]LogWindows: EnumDisplayDevices:
[2018.11.23-04.59.07:683][  0]LogWindows:    0. 'Intel(R) HD Graphics 620' (P:1 D:1)
[2018.11.23-04.59.07:683][  0]LogWindows:    1. 'Intel(R) HD Graphics 620' (P:0 D:0)
[2018.11.23-04.59.07:684][  0]LogWindows:    2. 'Intel(R) HD Graphics 620' (P:0 D:0)
[2018.11.23-04.59.07:684][  0]LogWindows: DebugString: FoundDriverCount:3 
[2018.11.23-04.59.07:684][  0]LogD3D11RHI:     Adapter Name: Intel(R) HD Graphics 620
[2018.11.23-04.59.07:684][  0]LogD3D11RHI:   Driver Version: 23.20.16.4849 (internal:23.20.16.4849, unified:23.20.16.4849)
[2018.11.23-04.59.07:684][  0]LogD3D11RHI:      Driver Date: 10-27-2017
[2018.11.23-04.59.07:684][  0]LogRHI: Texture pool is 1498 MB (70% of 2140 MB)
[2018.11.23-04.59.07:696][  0]LogD3D11RHI: Async texture creation enabled
[2018.11.23-04.59.07:705][  0]LogD3D11RHI: GPU Timing Frequency: 12.000048 (Debug: 2 0)
[2018.11.23-04.59.07:707][  0]LogShaderCompilers: Guid format shader working directory is -18 characters bigger than the processId version (../../../../../../Users/User/Documents/Unreal Projects/Project/Intermediate/Shaders/WorkingDirectory/16560/).
[2018.11.23-04.59.07:707][  0]LogShaderCompilers: Cleaned the shader compiler working directory 'C:/Users/User/AppData/Local/Temp/UnrealShaderWorkingDir/D277211B4CE9E15F5F04A3895F60DE35/'.
[2018.11.23-04.59.08:100][  0]LogTemp: Display: Loaded TP AllDesktopTargetPlatform
[2018.11.23-04.59.08:117][  0]LogTemp: Display: Loaded TP MacClientTargetPlatform
[2018.11.23-04.59.08:143][  0]LogTemp: Display: Loaded TP MacNoEditorTargetPlatform
[2018.11.23-04.59.08:169][  0]LogTemp: Display: Loaded TP MacServerTargetPlatform
[2018.11.23-04.59.08:187][  0]LogTemp: Display: Loaded TP MacTargetPlatform
[2018.11.23-04.59.08:210][  0]LogTemp: Display: Loaded TP WindowsClientTargetPlatform
[2018.11.23-04.59.08:232][  0]LogTemp: Display: Loaded TP WindowsNoEditorTargetPlatform
[2018.11.23-04.59.08:253][  0]LogTemp: Display: Loaded TP WindowsServerTargetPlatform
[2018.11.23-04.59.08:266][  0]LogTemp: Display: Loaded TP WindowsTargetPlatform
[2018.11.23-04.59.08:390][  0]LogTemp: Display: Loaded TP AndroidTargetPlatform
[2018.11.23-04.59.08:390][  0]LogTemp: Display: Loaded TP AndroidTargetPlatform
[2018.11.23-04.59.08:390][  0]LogTemp: Display: Loaded TP AndroidTargetPlatform
[2018.11.23-04.59.08:390][  0]LogTemp: Display: Loaded TP AndroidTargetPlatform
[2018.11.23-04.59.08:390][  0]LogTemp: Display: Loaded TP AndroidTargetPlatform
[2018.11.23-04.59.08:390][  0]LogTemp: Display: Loaded TP AndroidTargetPlatform
[2018.11.23-04.59.08:390][  0]LogTemp: Display: Loaded TP AndroidTargetPlatform
[2018.11.23-04.59.08:390][  0]LogTemp: Display: Loaded TP AndroidTargetPlatform
[2018.11.23-04.59.08:390][  0]LogTemp: Display: Loaded TP AndroidTargetPlatform
[2018.11.23-04.59.08:390][  0]LogTemp: Display: Loaded TP AndroidTargetPlatform
[2018.11.23-04.59.08:390][  0]LogTemp: Display: Loaded TP AndroidTargetPlatform
[2018.11.23-04.59.08:390][  0]LogTemp: Display: Loaded TP AndroidTargetPlatform
[2018.11.23-04.59.08:390][  0]LogTemp: Display: Loaded TP AndroidTargetPlatform
[2018.11.23-04.59.08:390][  0]LogTemp: Display: Loaded TP AndroidTargetPlatform
[2018.11.23-04.59.08:390][  0]LogTemp: Display: Loaded TP AndroidTargetPlatform
[2018.11.23-04.59.08:390][  0]LogTemp: Display: Loaded TP AndroidTargetPlatform
[2018.11.23-04.59.08:390][  0]LogTemp: Display: Loaded TP AndroidTargetPlatform
[2018.11.23-04.59.08:390][  0]LogTemp: Display: Loaded TP AndroidTargetPlatform
[2018.11.23-04.59.08:392][  0]LogTemp: Display: Loaded TP HTML5TargetPlatform
[2018.11.23-04.59.08:467][  0]LogTemp: Display: Loaded TP IOSTargetPlatform
[2018.11.23-04.59.08:467][  0]LogTemp: Display: Loaded TP IOSTargetPlatform
[2018.11.23-04.59.08:493][  0]LogTemp: Display: Loaded TP TVOSTargetPlatform
[2018.11.23-04.59.08:493][  0]LogTemp: Display: Loaded TP TVOSTargetPlatform
[2018.11.23-04.59.08:508][  0]LogTemp: Display: Loaded TP LinuxClientTargetPlatform
[2018.11.23-04.59.08:523][  0]LogTemp: Display: Loaded TP LinuxNoEditorTargetPlatform
[2018.11.23-04.59.08:537][  0]LogTemp: Display: Loaded TP LinuxServerTargetPlatform
[2018.11.23-04.59.08:553][  0]LogTemp: Display: Loaded TP LinuxTargetPlatform
[2018.11.23-04.59.08:563][  0]LogTemp: Display: Loaded TP LuminTargetPlatform
[2018.11.23-04.59.08:563][  0]LogTargetPlatformManager: Display: Building Assets For Windows
[2018.11.23-04.59.08:656][  0]LogShaderCompilers: Display: Using XGE Shader Compiler (Interception Interface).
[2018.11.23-04.59.09:627][  0]LogDerivedDataCache: Display: Max Cache Size: 512 MB
[2018.11.23-04.59.09:696][  0]LogDerivedDataCache: Loaded boot cache 0.07s 72MB C:/Users/User/AppData/Local/UnrealEngine/4.20/DerivedDataCache/Boot.ddc.
[2018.11.23-04.59.09:696][  0]LogDerivedDataCache: Display: Loaded Boot cache: C:/Users/User/AppData/Local/UnrealEngine/4.20/DerivedDataCache/Boot.ddc
[2018.11.23-04.59.09:697][  0]LogDerivedDataCache: FDerivedDataBackendGraph:  Pak pak cache file ../../../../../../Users/User/Documents/Unreal Projects/Project/DerivedDataCache/DDC.ddp not found, will not use a pak cache.
[2018.11.23-04.59.09:697][  0]LogDerivedDataCache: Unable to find inner node Pak for hierarchical cache Hierarchy.
[2018.11.23-04.59.09:697][  0]LogDerivedDataCache: FDerivedDataBackendGraph:  CompressedPak pak cache file ../../../../../../Users/User/Documents/Unreal Projects/Project/DerivedDataCache/Compressed.ddp not found, will not use a pak cache.
[2018.11.23-04.59.09:697][  0]LogDerivedDataCache: Unable to find inner node CompressedPak for hierarchical cache Hierarchy.
[2018.11.23-04.59.09:712][  0]LogDerivedDataCache: Display: Pak cache opened for reading ../../../Engine/DerivedDataCache/Compressed.ddp.
[2018.11.23-04.59.09:724][  0]LogDerivedDataCache: Using Local data cache path C:/Users/User/AppData/Local/UnrealEngine/Common/DerivedDataCache: Writable
[2018.11.23-04.59.09:724][  0]LogDerivedDataCache: Shared data cache path not found in *engine.ini, will not use an Shared cache.
[2018.11.23-04.59.09:724][  0]LogDerivedDataCache: Unable to find inner node Shared for hierarchical cache Hierarchy.
[2018.11.23-04.59.09:750][  0]LogMaterial: Verifying Global Shaders for PCD3D_SM5
[2018.11.23-04.59.09:751][  0]LogSlate: Using FreeType 2.6.0
[2018.11.23-04.59.09:752][  0]LogSlate: SlateFontServices - WITH_FREETYPE: 1, WITH_HARFBUZZ: 1
[2018.11.23-04.59.09:839][  0]LogAssetRegistry: FAssetRegistry took 0.0280 seconds to start up
[2018.11.23-04.59.10:312][  0]LogInit: Selected Device Profile: [Windows]
[2018.11.23-04.59.10:396][  0]LogSimplygon: Simplygon DLL not present - disabling.
[2018.11.23-04.59.10:401][  0]LogMeshReduction: Using SimplygonSwarm for distributed automatic mesh merging
[2018.11.23-04.59.10:401][  0]LogMeshReduction: Using ProxyLODMeshReduction for automatic mesh merging
[2018.11.23-04.59.10:401][  0]LogMeshReduction: Using QuadricMeshReduction for automatic static mesh reduction
[2018.11.23-04.59.10:401][  0]LogMeshReduction: No automatic skeletal mesh reduction module available
[2018.11.23-04.59.10:557][  0]LogNetVersion: Project 1.0.0, NetCL: 4212847, EngineNetVer: 5, GameNetVer: 0 (Checksum: 1790082038)
[2018.11.23-04.59.11:335][  0]LogPackageLocalizationCache: Processed 13 localized package path(s) for 2 prioritized culture(s) in 0.199101 seconds
[2018.11.23-04.59.11:344][  0]LogUObjectArray: 38425 objects as part of root set at end of initial load.
[2018.11.23-04.59.11:344][  0]LogUObjectAllocator: 6690872 out of 0 bytes used by permanent object pool.
[2018.11.23-04.59.11:344][  0]LogUObjectArray: CloseDisregardForGC: 0/0 objects in disregard for GC pool
[2018.11.23-04.59.12:600][  0]LogTcpMessaging: Initializing TcpMessaging bridge
[2018.11.23-04.59.12:613][  0]LogUdpMessaging: Initializing bridge on interface 0.0.0.0:0 to multicast group 230.0.0.1:6666.
[2018.11.23-04.59.12:775][  0]SourceControl: 소스 컨트롤이 꺼졌습니다.
[2018.11.23-04.59.12:775][  0]SourceControl: 소스 컨트롤이 꺼졌습니다.
[2018.11.23-04.59.12:777][  0]SourceControl: 소스 컨트롤이 꺼졌습니다.
[2018.11.23-04.59.12:778][  0]SourceControl: 소스 컨트롤이 꺼졌습니다.
[2018.11.23-04.59.12:969][  0]LogAndroidPermission: UAndroidPermissionCallbackProxy::GetInstance
[2018.11.23-04.59.13:023][  0]LogOcInput: OculusInput pre-init called
[2018.11.23-04.59.16:452][  0]LogEngine: Initializing Engine...
[2018.11.23-04.59.16:453][  0]LogHMD: Failed to initialize OpenVR with code 110
[2018.11.23-04.59.16:454][  0]LogStats: UGameplayTagsManager::ConstructGameplayTagTree: ImportINI prefixes -  0.000 s
[2018.11.23-04.59.16:454][  0]LogStats: UGameplayTagsManager::ConstructGameplayTagTree: Construct from data asset -  0.000 s
[2018.11.23-04.59.16:455][  0]LogStats: UGameplayTagsManager::ConstructGameplayTagTree: ImportINI -  0.000 s
[2018.11.23-04.59.16:455][  0]LogStats: UGameplayTagsManager::ConstructGameplayTagTree: GameplayTagTreeChangedEvent.Broadcast -  0.000 s
[2018.11.23-04.59.16:711][  0]LogInit: Initializing FReadOnlyCVARCache
[2018.11.23-04.59.16:741][  0]LogAIModule: Creating AISystem for world Untitled
[2018.11.23-04.59.16:751][  0]LogInit: XAudio2 using '스피커(Conexant HD Audio)' : 2 channels at 48 kHz using 32 bits per sample (channel mask 0x3)
[2018.11.23-04.59.17:063][  0]LogInit: FAudioDevice initialized.
[2018.11.23-04.59.17:063][  0]LogNetVersion: Set ProjectVersion to 1.0.0.0. Version Checksum will be recalculated on next use.
[2018.11.23-04.59.17:165][  0]LogDerivedDataCache: Saved boot cache 0.10s 72MB C:/Users/User/AppData/Local/UnrealEngine/4.20/DerivedDataCache/Boot.ddc.
[2018.11.23-04.59.17:171][  0]LogInit: Texture streaming: Enabled
[2018.11.23-04.59.17:193][  0]LogEngineSessionManager: EngineSessionManager initialized
[2018.11.23-04.59.17:209][  0]LogInit: Transaction tracking system initialized
[2018.11.23-04.59.17:244][  0]BlueprintLog: New page: 에디터 로드
[2018.11.23-04.59.17:387][  0]LocalizationService: 현지화 서비스가 비활성화되었습니다.
[2018.11.23-04.59.17:805][  0]LogCook: Display: Max memory allowance for cook 16384mb min free memory 0mb
[2018.11.23-04.59.17:805][  0]LogCook: Display: Mobile HDR setting 1
[2018.11.23-04.59.17:805][  0]LogGameplayTags: Display: UGameplayTagsManager::DoneAddingNativeTags. DelegateIsBound: 0
[2018.11.23-04.59.17:805][  0]LogStats: UGameplayTagsManager::ConstructGameplayTagTree: ImportINI prefixes -  0.000 s
[2018.11.23-04.59.17:805][  0]LogStats: UGameplayTagsManager::ConstructGameplayTagTree: Construct from data asset -  0.000 s
[2018.11.23-04.59.17:806][  0]LogStats: UGameplayTagsManager::ConstructGameplayTagTree: ImportINI -  0.000 s
[2018.11.23-04.59.17:806][  0]LogStats: UGameplayTagsManager::ConstructGameplayTagTree: GameplayTagTreeChangedEvent.Broadcast -  0.000 s
[2018.11.23-04.59.18:088][  0]LogFileCache: Scanning file cache for directory 'C:/Users/User/Documents/Unreal Projects/Project/Content/' took 0.02s
[2018.11.23-04.59.20:238][  0]SourceControl: 소스 컨트롤이 꺼졌습니다.
[2018.11.23-04.59.20:238][  0]Cmd: MAP LOAD FILE="../../../../../../Users/User/Documents/Unreal Projects/Project/Content/2DSideScrollerBP/Maps/2DSideScrollerExampleMap.umap" TEMPLATE=0 SHOWPROGRESS=1 FEATURELEVEL=3
[2018.11.23-04.59.20:239][  0]LightingResults: New page: 라이팅 빌드
[2018.11.23-04.59.20:242][  0]MapCheck: New page: 맵 체크
[2018.11.23-04.59.20:242][  0]LightingResults: New page: 라이팅 빌드
[2018.11.23-04.59.21:644][  0]LogAIModule: Creating AISystem for world 2DSideScrollerExampleMap
[2018.11.23-04.59.21:651][  0]LogEditorServer: Finished looking for orphan Actors (0.000 secs)
[2018.11.23-04.59.21:680][  0]Cmd: MAP CHECKDEP NOCLEARLOG
[2018.11.23-04.59.21:797][  0]MapCheck: 맵 체크 완료: 오류 0 회, 경고 0 회, 소요 시간 116.057ms.
[2018.11.23-04.59.21:797][  0]LogFileHelpers: Loading map '2DSideScrollerExampleMap' took 1.559
[2018.11.23-04.59.21:982][  0]LogSlate: Updating window title bar state: overlay mode, drag disabled, window buttons hidden, title bar hidden
[2018.11.23-04.59.21:993][  0]LogSlate: Updating window title bar state: overlay mode, drag disabled, window buttons hidden, title bar hidden
[2018.11.23-04.59.22:002][  0]LogSlate: Updating window title bar state: overlay mode, drag disabled, window buttons hidden, title bar hidden
[2018.11.23-04.59.22:013][  0]LogSlate: Updating window title bar state: overlay mode, drag disabled, window buttons hidden, title bar hidden
[2018.11.23-04.59.22:042][  0]LogCollectionManager: Loaded 0 collections in 0.003245 seconds
[2018.11.23-04.59.22:104][  0]LogFileCache: Scanning file cache for directory 'C:/Users/User/Documents/Unreal Projects/Project/Saved/Collections/' took 0.01s
[2018.11.23-04.59.22:104][  0]LogFileCache: Scanning file cache for directory 'C:/Users/User/Documents/Unreal Projects/Project/Content/Developers/User/Collections/' took 0.01s
[2018.11.23-04.59.22:104][  0]LogFileCache: Scanning file cache for directory 'C:/Users/User/Documents/Unreal Projects/Project/Content/Collections/' took 0.01s
[2018.11.23-04.59.22:104][  0]LogCollectionManager: Rebuilt the GUID cache for 0 collections in 0.000000 seconds
[2018.11.23-04.59.22:118][  0]LogContentBrowser: Native class hierarchy populated in 0.0118 seconds. Added 2621 classes and 629 folders.
[2018.11.23-04.59.22:136][  0]LogContentBrowser: Native class hierarchy updated for 'WidgetCarousel' in 0.0009 seconds. Added 0 classes and 0 folders.
[2018.11.23-04.59.22:758][  0]LogContentBrowser: Native class hierarchy updated for 'AddContentDialog' in 0.0003 seconds. Added 0 classes and 0 folders.
[2018.11.23-04.59.22:779][  0]LogContentBrowser: Native class hierarchy updated for 'SceneOutliner' in 0.0003 seconds. Added 1 classes and 2 folders.
[2018.11.23-04.59.22:927][  0]LogContentBrowser: Native class hierarchy updated for 'HierarchicalLODOutliner' in 0.0005 seconds. Added 0 classes and 0 folders.
[2018.11.23-04.59.22:927][  0]LogLoad: (Engine Initialization) Total time: 18.42 seconds
[2018.11.23-04.59.22:927][  0]LogLoad: (Engine Initialization) Total Blueprint compile time: 0.00 seconds
[2018.11.23-04.59.22:943][  0]LogWindowsTextInputMethodSystem: Display: IME system now activated using TSF (Microsoft 입력기).
[2018.11.23-04.59.22:976][  0]LogContentStreaming: Texture pool size now 1000 MB
[2018.11.23-04.59.22:977][  0]LogSlate: Took 0.000210 seconds to synchronously load lazily loaded font '../../../Engine/Content/Slate/Fonts/Roboto-Regular.ttf' (155K)
[2018.11.23-04.59.22:983][  0]LogSlate: Took 0.004324 seconds to synchronously load lazily loaded font '../../../Engine/Content/Editor/Slate/Fonts/NanumGothic.ttf' (4243K)
[2018.11.23-04.59.22:987][  0]LogSlate: Took 0.003379 seconds to synchronously load lazily loaded font '../../../Engine/Content/Editor/Slate/Fonts/NanumGothicBold.ttf' (4188K)
[2018.11.23-04.59.22:988][  0]LogSlate: Took 0.000271 seconds to synchronously load lazily loaded font '../../../Engine/Content/Slate/Fonts/Roboto-Bold.ttf' (160K)
[2018.11.23-04.59.23:004][  0]LogSlate: Took 0.010371 seconds to synchronously load lazily loaded font '../../../Engine/Content/Editor/Slate/Fonts/FontAwesome.ttf' (139K)
[2018.11.23-04.59.23:526][  0]LogRenderer: Reallocating scene render targets to support 648x364 Format 10 NumSamples 1 (Frame:1).
[2018.11.23-04.59.23:526][  0]LogSlate: Took 0.256723 seconds to synchronously load lazily loaded font '../../../Engine/Content/Slate/Fonts/Roboto-Light.ttf' (167K)
[2018.11.23-04.59.24:297][  2]LogAssetRegistry: Asset discovery search completed in 14.4813 seconds
[2018.11.23-04.59.24:301][  2]LogCollectionManager: Rebuilt the object cache for 0 collections in 0.000001 seconds (found 0 objects)
[2018.11.23-04.59.24:301][  2]LogCollectionManager: Fixed up redirectors for 0 collections in 0.000537 seconds (updated 0 objects)
[2018.11.23-04.59.56:657][249]LogRenderer: Reallocating scene render targets to support 648x372 Format 10 NumSamples 1 (Frame:169).
[2018.11.23-04.59.56:804][249]LogRenderer: Reallocating scene render targets to support 648x428 Format 10 NumSamples 1 (Frame:170).
[2018.11.23-05.00.30:931][395]LogSlate: FSceneViewport::OnFocusLost() reason 0
[2018.11.23-05.00.37:889][773]LogSlate: Took 0.000398 seconds to synchronously load lazily loaded font '../../../Engine/Content/Slate/Fonts/Roboto-Light.ttf' (167K)
[2018.11.23-05.00.37:917][773]LogFactory: FactoryCreateFile: Texture with ReimportTextureFactory (0 0 C:\Users\User\Desktop\학술제\GameoverBackground.png)
[2018.11.23-05.00.37:992][773]LogTexture: Display: 텍스처 빌드: GameoverBackground (AutoDXT, 1920X1080)
[2018.11.23-05.00.39:258][839]LogRenderer: Reallocating scene render targets to support 784x440 Format 10 NumSamples 1 (Frame:643).
[2018.11.23-05.00.44:809][ 47]LogSlate: Window '콘텐츠 저장' being destroyed
[2018.11.23-05.00.44:848][ 47]Cmd: OBJ SAVEPACKAGE PACKAGE="/Game/Sprite/GameoverBackground" FILE="../../../../../../Users/User/Documents/Unreal Projects/Project/Content/Sprite/GameoverBackground.uasset" SILENT=true
[2018.11.23-05.00.44:963][ 47]LogSavePackage: Moving '../../../../../../Users/User/Documents/Unreal Projects/Project/Saved/GameoverBackgroundB7945F95499672EB90FB6B906F5C0582.tmp' to '../../../../../../Users/User/Documents/Unreal Projects/Project/Content/Sprite/GameoverBackground.uasset'
[2018.11.23-05.00.44:984][ 47]Cmd: OBJ SAVEPACKAGE PACKAGE="/Game/Sprite/GameoverBackground_Sprite" FILE="../../../../../../Users/User/Documents/Unreal Projects/Project/Content/Sprite/GameoverBackground_Sprite.uasset" SILENT=true
[2018.11.23-05.00.45:000][ 47]LogSavePackage: Moving '../../../../../../Users/User/Documents/Unreal Projects/Project/Saved/GameoverBackground_SpriteBF28B86B4F0DA934997598A1A01A8D81.tmp' to '../../../../../../Users/User/Documents/Unreal Projects/Project/Content/Sprite/GameoverBackground_Sprite.uasset'
[2018.11.23-05.00.49:407][220]LogAssetEditorManager: Opening Asset editor for WidgetBlueprint /Game/UI/CompleteGame.CompleteGame
[2018.11.23-05.00.50:221][220]LogContentBrowser: Native class hierarchy updated for 'BlueprintGraph' in 0.0006 seconds. Added 116 classes and 0 folders.
[2018.11.23-05.00.51:379][220]LogSlate: Took 0.006602 seconds to synchronously load lazily loaded font '../../../Engine/Content/Slate/Fonts/Roboto-BoldCondensed.ttf' (158K)
[2018.11.23-05.00.53:255][285]LogSlate: Window 'CompleteGame' being destroyed
[2018.11.23-05.01.12:189][908]LogSlate: Took 0.027492 seconds to synchronously load lazily loaded font '../../../Engine/Content/Slate/Fonts/DroidSansFallback.ttf' (3848K)
[2018.11.23-05.01.39:121][769]LogEditorTransaction: Undo 위젯 이동
[2018.11.23-05.02.04:523][577]LogEditorTransaction: Undo 위젯 이동
[2018.11.23-05.02.04:955][590]LogEditorTransaction: Undo 위젯 이동
[2018.11.23-05.02.22:080][105]BlueprintLog: New page: CompleteGame 컴파일
[2018.11.23-05.02.22:791][122]Cmd: OBJ SAVEPACKAGE PACKAGE="/Game/UI/CompleteGame" FILE="../../../../../../Users/User/Documents/Unreal Projects/Project/Content/UI/CompleteGame.uasset" SILENT=true
[2018.11.23-05.02.22:911][122]LogSavePackage: Moving '../../../../../../Users/User/Documents/Unreal Projects/Project/Saved/CompleteGameC38DB4DD486391A1B8729F80966FA185.tmp' to '../../../../../../Users/User/Documents/Unreal Projects/Project/Content/UI/CompleteGame.uasset'
[2018.11.23-05.02.48:136][904]LogEditorTransaction: Undo 위젯 이동
[2018.11.23-05.03.12:454][566]LogSlate: Window '색 선택 툴' being destroyed
[2018.11.23-05.03.22:266][863]LogSlate: Window '색 선택 툴' being destroyed
[2018.11.23-05.03.31:521][140]LogSlate: Window '색 선택 툴' being destroyed
[2018.11.23-05.04.33:342][382]BlueprintLog: New page: CompleteGame 컴파일
[2018.11.23-05.04.34:012][398]Cmd: OBJ SAVEPACKAGE PACKAGE="/Game/UI/CompleteGame" FILE="../../../../../../Users/User/Documents/Unreal Projects/Project/Content/UI/CompleteGame.uasset" SILENT=true
[2018.11.23-05.04.34:140][398]LogSavePackage: Moving '../../../../../../Users/User/Documents/Unreal Projects/Project/Saved/CompleteGame92321EAB41706ABFA1F76292D4F09B6E.tmp' to '../../../../../../Users/User/Documents/Unreal Projects/Project/Content/UI/CompleteGame.uasset'
[2018.11.23-05.04.35:100][424]LogSlate: Window 'CompleteGame' being destroyed
[2018.11.23-05.04.35:109][424]LogSlate: Window 'CompleteGame' being destroyed
[2018.11.23-05.04.42:629][793]LogTemp: Repeating last play command: 선택된 뷰포트
[2018.11.23-05.04.42:662][793]LogBlueprintUserMessages: Early PlayInEditor Detection: Level '/Game/2DSideScrollerBP/Maps/2DSideScrollerExampleMap.2DSideScrollerExampleMap:PersistentLevel' has LevelScriptBlueprint '/Game/2DSideScrollerBP/Maps/2DSideScrollerExampleMap.2DSideScrollerExampleMap:PersistentLevel.2DSideScrollerExampleMap' with GeneratedClass '/Game/2DSideScrollerBP/Maps/2DSideScrollerExampleMap.2DSideScrollerExampleMap_C' with ClassGeneratedBy '/Game/2DSideScrollerBP/Maps/2DSideScrollerExampleMap.2DSideScrollerExampleMap:PersistentLevel.2DSideScrollerExampleMap'
[2018.11.23-05.04.42:662][793]LogPlayLevel: PlayLevel: No blueprints needed recompiling
[2018.11.23-05.04.42:680][793]PIE: New page: PIE 세션: 2DSideScrollerExampleMap (2018. 11. 23. 오후 11:04:42)
[2018.11.23-05.04.42:680][793]LogPlayLevel: Creating play world package: /Game/2DSideScrollerBP/Maps/UEDPIE_0_2DSideScrollerExampleMap
[2018.11.23-05.04.42:683][793]LogPlayLevel: PIE: StaticDuplicateObject took: (0.003707s)
[2018.11.23-05.04.42:684][793]LogAIModule: Creating AISystem for world 2DSideScrollerExampleMap
[2018.11.23-05.04.42:684][793]LogPlayLevel: PIE: World Init took: (0.000958s)
[2018.11.23-05.04.42:684][793]LogPlayLevel: PIE: Created PIE world by copying editor world from /Game/2DSideScrollerBP/Maps/2DSideScrollerExampleMap.2DSideScrollerExampleMap to /Game/2DSideScrollerBP/Maps/UEDPIE_0_2DSideScrollerExampleMap.2DSideScrollerExampleMap (0.004832s)
[2018.11.23-05.04.42:717][793]LogInit: XAudio2 using '스피커(Conexant HD Audio)' : 2 channels at 48 kHz using 32 bits per sample (channel mask 0x3)
[2018.11.23-05.04.42:753][793]LogInit: FAudioDevice initialized.
[2018.11.23-05.04.42:798][793]LogLoad: Game class is '2DSideScrollerGameMode_C'
[2018.11.23-05.04.42:804][793]LogWorld: Bringing World /Game/2DSideScrollerBP/Maps/UEDPIE_0_2DSideScrollerExampleMap.2DSideScrollerExampleMap up for play (max tick rate 60) at 2018.11.23-14.04.42
[2018.11.23-05.04.42:807][793]LogWorld: Bringing up level for play took: 0.006387
[2018.11.23-05.04.42:842][793]LogContentBrowser: Native class hierarchy updated for 'MovieSceneCapture' in 0.0004 seconds. Added 10 classes and 0 folders.
[2018.11.23-05.04.42:854][793]LogBlueprintUserMessages: [2DSideScrollerCharacter_254] Load Game from Slot
[2018.11.23-05.04.42:855][793]PIE: /Game/2DSideScrollerBP/Maps/UEDPIE_0_2DSideScrollerExampleMap 에 대한 에디터에서 플레이 시작 시간: 0.773
[2018.11.23-05.04.42:855][793]LogBlueprintUserMessages: Late PlayInEditor Detection: Level '/Game/2DSideScrollerBP/Maps/2DSideScrollerExampleMap.2DSideScrollerExampleMap:PersistentLevel' has LevelScriptBlueprint '/Game/2DSideScrollerBP/Maps/2DSideScrollerExampleMap.2DSideScrollerExampleMap:PersistentLevel.2DSideScrollerExampleMap' with GeneratedClass '/Game/2DSideScrollerBP/Maps/2DSideScrollerExampleMap.2DSideScrollerExampleMap_C' with ClassGeneratedBy '/Game/2DSideScrollerBP/Maps/2DSideScrollerExampleMap.2DSideScrollerExampleMap:PersistentLevel.2DSideScrollerExampleMap'
[2018.11.23-05.04.46:776][975]LogSlate: Updating window title bar state: overlay mode, drag disabled, window buttons hidden, title bar hidden
[2018.11.23-05.04.50:303][139]LogNet: Browse: /Game/2DSideScrollerBP/Maps/2DSideScrollerExampleMap
[2018.11.23-05.04.50:303][139]LogLoad: LoadMap: /Game/2DSideScrollerBP/Maps/2DSideScrollerExampleMap
[2018.11.23-05.04.50:342][139]LogPlayLevel: Creating play world package: /Game/2DSideScrollerBP/Maps/UEDPIE_0_2DSideScrollerExampleMap
[2018.11.23-05.04.50:344][139]LogPlayLevel: PIE: StaticDuplicateObject took: (0.001977s)
[2018.11.23-05.04.50:344][139]LogAIModule: Creating AISystem for world 2DSideScrollerExampleMap
[2018.11.23-05.04.50:345][139]LogPlayLevel: PIE: World Init took: (0.000740s)
[2018.11.23-05.04.50:345][139]LogPlayLevel: PIE: Created PIE world by copying editor world from /Game/2DSideScrollerBP/Maps/2DSideScrollerExampleMap.2DSideScrollerExampleMap to /Game/2DSideScrollerBP/Maps/UEDPIE_0_2DSideScrollerExampleMap.2DSideScrollerExampleMap (0.002913s)
[2018.11.23-05.04.50:345][139]LogLoad: Game class is '2DSideScrollerGameMode_C'
[2018.11.23-05.04.50:346][139]LogWorld: Bringing World /Game/2DSideScrollerBP/Maps/UEDPIE_0_2DSideScrollerExampleMap.2DSideScrollerExampleMap up for play (max tick rate 60) at 2018.11.23-14.04.50
[2018.11.23-05.04.50:346][139]LogWorld: Bringing up level for play took: 0.001015
[2018.11.23-05.04.50:349][139]LogBlueprintUserMessages: [2DSideScrollerCharacter_254] Load Game from Slot
[2018.11.23-05.04.50:349][139]LogLoad: Took 0.046927 seconds to LoadMap(/Game/2DSideScrollerBP/Maps/UEDPIE_0_2DSideScrollerExampleMap)
[2018.11.23-05.04.53:858][307]LogSlate: Updating window title bar state: overlay mode, drag disabled, window buttons hidden, title bar hidden
[2018.11.23-05.04.55:210][372]LogNet: Browse: /Game/2DSideScrollerBP/Maps/2DSideScrollerExampleMap
[2018.11.23-05.04.55:214][372]LogLoad: LoadMap: /Game/2DSideScrollerBP/Maps/2DSideScrollerExampleMap
[2018.11.23-05.04.55:252][372]LogPlayLevel: Creating play world package: /Game/2DSideScrollerBP/Maps/UEDPIE_0_2DSideScrollerExampleMap
[2018.11.23-05.04.55:254][372]LogPlayLevel: PIE: StaticDuplicateObject took: (0.001991s)
[2018.11.23-05.04.55:255][372]LogAIModule: Creating AISystem for world 2DSideScrollerExampleMap
[2018.11.23-05.04.55:255][372]LogPlayLevel: PIE: World Init took: (0.000718s)
[2018.11.23-05.04.55:255][372]LogPlayLevel: PIE: Created PIE world by copying editor world from /Game/2DSideScrollerBP/Maps/2DSideScrollerExampleMap.2DSideScrollerExampleMap to /Game/2DSideScrollerBP/Maps/UEDPIE_0_2DSideScrollerExampleMap.2DSideScrollerExampleMap (0.002876s)
[2018.11.23-05.04.55:255][372]LogLoad: Game class is '2DSideScrollerGameMode_C'
[2018.11.23-05.04.55:257][372]LogWorld: Bringing World /Game/2DSideScrollerBP/Maps/UEDPIE_0_2DSideScrollerExampleMap.2DSideScrollerExampleMap up for play (max tick rate 60) at 2018.11.23-14.04.55
[2018.11.23-05.04.55:257][372]LogWorld: Bringing up level for play took: 0.001098
[2018.11.23-05.04.55:259][372]LogBlueprintUserMessages: [2DSideScrollerCharacter_254] Load Game from Slot
[2018.11.23-05.04.55:259][372]LogLoad: Took 0.045093 seconds to LoadMap(/Game/2DSideScrollerBP/Maps/UEDPIE_0_2DSideScrollerExampleMap)
[2018.11.23-05.05.02:151][710]LogBlueprintUserMessages: Early EndPlayMap Detection: Level '/Game/2DSideScrollerBP/Maps/2DSideScrollerExampleMap.2DSideScrollerExampleMap:PersistentLevel' has LevelScriptBlueprint '/Game/2DSideScrollerBP/Maps/2DSideScrollerExampleMap.2DSideScrollerExampleMap:PersistentLevel.2DSideScrollerExampleMap' with GeneratedClass '/Game/2DSideScrollerBP/Maps/2DSideScrollerExampleMap.2DSideScrollerExampleMap_C' with ClassGeneratedBy '/Game/2DSideScrollerBP/Maps/2DSideScrollerExampleMap.2DSideScrollerExampleMap:PersistentLevel.2DSideScrollerExampleMap'
[2018.11.23-05.05.02:151][710]LogSlate: Updating window title bar state: overlay mode, drag disabled, window buttons hidden, title bar hidden
[2018.11.23-05.05.02:190][710]LogPlayLevel: Display: Shutting down PIE online subsystems
[2018.11.23-05.05.02:190][710]LogBlueprintUserMessages: Late EndPlayMap Detection: Level '/Game/2DSideScrollerBP/Maps/2DSideScrollerExampleMap.2DSideScrollerExampleMap:PersistentLevel' has LevelScriptBlueprint '/Game/2DSideScrollerBP/Maps/2DSideScrollerExampleMap.2DSideScrollerExampleMap:PersistentLevel.2DSideScrollerExampleMap' with GeneratedClass '/Game/2DSideScrollerBP/Maps/2DSideScrollerExampleMap.2DSideScrollerExampleMap_C' with ClassGeneratedBy '/Game/2DSideScrollerBP/Maps/2DSideScrollerExampleMap.2DSideScrollerExampleMap:PersistentLevel.2DSideScrollerExampleMap'
[2018.11.23-05.05.02:218][710]LogSlate: Updating window title bar state: overlay mode, drag disabled, window buttons hidden, title bar hidden
[2018.11.23-05.05.02:247][712]LogPlayLevel: Display: Destroying online subsystem :Context_3
[2018.11.23-05.05.06:679][880]LogAssetEditorManager: Opening Asset editor for WidgetBlueprint /Game/UI/CompleteGame.CompleteGame
[2018.11.23-05.05.22:529][258]BlueprintLog: New page: CompleteGame 컴파일
[2018.11.23-05.05.23:456][276]LogTemp: Repeating last play command: 선택된 뷰포트
[2018.11.23-05.05.23:497][276]LogBlueprintUserMessages: Early PlayInEditor Detection: Level '/Game/2DSideScrollerBP/Maps/2DSideScrollerExampleMap.2DSideScrollerExampleMap:PersistentLevel' has LevelScriptBlueprint '/Game/2DSideScrollerBP/Maps/2DSideScrollerExampleMap.2DSideScrollerExampleMap:PersistentLevel.2DSideScrollerExampleMap' with GeneratedClass '/Game/2DSideScrollerBP/Maps/2DSideScrollerExampleMap.2DSideScrollerExampleMap_C' with ClassGeneratedBy '/Game/2DSideScrollerBP/Maps/2DSideScrollerExampleMap.2DSideScrollerExampleMap:PersistentLevel.2DSideScrollerExampleMap'
[2018.11.23-05.05.23:497][276]LogPlayLevel: PlayLevel: No blueprints needed recompiling
[2018.11.23-05.05.23:497][276]PIE: New page: PIE 세션: 2DSideScrollerExampleMap (2018. 11. 23. 오후 11:05:23)
[2018.11.23-05.05.23:497][276]LogPlayLevel: Creating play world package: /Game/2DSideScrollerBP/Maps/UEDPIE_0_2DSideScrollerExampleMap
[2018.11.23-05.05.23:499][276]LogPlayLevel: PIE: StaticDuplicateObject took: (0.002139s)
[2018.11.23-05.05.23:500][276]LogAIModule: Creating AISystem for world 2DSideScrollerExampleMap
[2018.11.23-05.05.23:500][276]LogPlayLevel: PIE: World Init took: (0.000758s)
[2018.11.23-05.05.23:500][276]LogPlayLevel: PIE: Created PIE world by copying editor world from /Game/2DSideScrollerBP/Maps/2DSideScrollerExampleMap.2DSideScrollerExampleMap to /Game/2DSideScrollerBP/Maps/UEDPIE_0_2DSideScrollerExampleMap.2DSideScrollerExampleMap (0.003036s)
[2018.11.23-05.05.23:536][276]LogInit: XAudio2 using '스피커(Conexant HD Audio)' : 2 channels at 48 kHz using 32 bits per sample (channel mask 0x3)
[2018.11.23-05.05.23:569][276]LogInit: FAudioDevice initialized.
[2018.11.23-05.05.23:603][276]LogLoad: Game class is '2DSideScrollerGameMode_C'
[2018.11.23-05.05.23:605][276]LogWorld: Bringing World /Game/2DSideScrollerBP/Maps/UEDPIE_0_2DSideScrollerExampleMap.2DSideScrollerExampleMap up for play (max tick rate 60) at 2018.11.23-14.05.23
[2018.11.23-05.05.23:606][276]LogWorld: Bringing up level for play took: 0.001412
[2018.11.23-05.05.23:620][276]LogBlueprintUserMessages: [2DSideScrollerCharacter_254] Load Game from Slot
[2018.11.23-05.05.23:621][276]PIE: /Game/2DSideScrollerBP/Maps/UEDPIE_0_2DSideScrollerExampleMap 에 대한 에디터에서 플레이 시작 시간: -0.461
[2018.11.23-05.05.23:621][276]LogBlueprintUserMessages: Late PlayInEditor Detection: Level '/Game/2DSideScrollerBP/Maps/2DSideScrollerExampleMap.2DSideScrollerExampleMap:PersistentLevel' has LevelScriptBlueprint '/Game/2DSideScrollerBP/Maps/2DSideScrollerExampleMap.2DSideScrollerExampleMap:PersistentLevel.2DSideScrollerExampleMap' with GeneratedClass '/Game/2DSideScrollerBP/Maps/2DSideScrollerExampleMap.2DSideScrollerExampleMap_C' with ClassGeneratedBy '/Game/2DSideScrollerBP/Maps/2DSideScrollerExampleMap.2DSideScrollerExampleMap:PersistentLevel.2DSideScrollerExampleMap'
[2018.11.23-05.05.25:000][316]LogBlueprintUserMessages: Early EndPlayMap Detection: Level '/Game/2DSideScrollerBP/Maps/2DSideScrollerExampleMap.2DSideScrollerExampleMap:PersistentLevel' has LevelScriptBlueprint '/Game/2DSideScrollerBP/Maps/2DSideScrollerExampleMap.2DSideScrollerExampleMap:PersistentLevel.2DSideScrollerExampleMap' with GeneratedClass '/Game/2DSideScrollerBP/Maps/2DSideScrollerExampleMap.2DSideScrollerExampleMap_C' with ClassGeneratedBy '/Game/2DSideScrollerBP/Maps/2DSideScrollerExampleMap.2DSideScrollerExampleMap:PersistentLevel.2DSideScrollerExampleMap'
[2018.11.23-05.05.25:007][316]LogSlate: Updating window title bar state: overlay mode, drag disabled, window buttons hidden, title bar hidden
[2018.11.23-05.05.25:053][316]LogPlayLevel: Display: Shutting down PIE online subsystems
[2018.11.23-05.05.25:054][316]LogBlueprintUserMessages: Late EndPlayMap Detection: Level '/Game/2DSideScrollerBP/Maps/2DSideScrollerExampleMap.2DSideScrollerExampleMap:PersistentLevel' has LevelScriptBlueprint '/Game/2DSideScrollerBP/Maps/2DSideScrollerExampleMap.2DSideScrollerExampleMap:PersistentLevel.2DSideScrollerExampleMap' with GeneratedClass '/Game/2DSideScrollerBP/Maps/2DSideScrollerExampleMap.2DSideScrollerExampleMap_C' with ClassGeneratedBy '/Game/2DSideScrollerBP/Maps/2DSideScrollerExampleMap.2DSideScrollerExampleMap:PersistentLevel.2DSideScrollerExampleMap'
[2018.11.23-05.05.25:123][316]LogSlate: Updating window title bar state: overlay mode, drag disabled, window buttons hidden, title bar hidden
[2018.11.23-05.05.25:146][317]LogPlayLevel: Display: Destroying online subsystem :Context_6
[2018.11.23-05.05.27:453][376]Cmd: OBJ SAVEPACKAGE PACKAGE="/Game/UI/CompleteGame" FILE="../../../../../../Users/User/Documents/Unreal Projects/Project/Content/UI/CompleteGame.uasset" SILENT=true
[2018.11.23-05.05.27:571][376]LogSavePackage: Moving '../../../../../../Users/User/Documents/Unreal Projects/Project/Saved/CompleteGame7870AECF4F38DF6BC772D1BFDB5F75A6.tmp' to '../../../../../../Users/User/Documents/Unreal Projects/Project/Content/UI/CompleteGame.uasset'
[2018.11.23-05.05.29:017][414]LogSlate: Window 'CompleteGame' being destroyed
[2018.11.23-05.05.29:032][414]LogSlate: Window 'CompleteGame' being destroyed
[2018.11.23-05.05.36:595][712]LogTemp: Repeating last play command: 선택된 뷰포트
[2018.11.23-05.05.36:634][712]LogBlueprintUserMessages: Early PlayInEditor Detection: Level '/Game/2DSideScrollerBP/Maps/2DSideScrollerExampleMap.2DSideScrollerExampleMap:PersistentLevel' has LevelScriptBlueprint '/Game/2DSideScrollerBP/Maps/2DSideScrollerExampleMap.2DSideScrollerExampleMap:PersistentLevel.2DSideScrollerExampleMap' with GeneratedClass '/Game/2DSideScrollerBP/Maps/2DSideScrollerExampleMap.2DSideScrollerExampleMap_C' with ClassGeneratedBy '/Game/2DSideScrollerBP/Maps/2DSideScrollerExampleMap.2DSideScrollerExampleMap:PersistentLevel.2DSideScrollerExampleMap'
[2018.11.23-05.05.36:635][712]LogPlayLevel: PlayLevel: No blueprints needed recompiling
[2018.11.23-05.05.36:635][712]PIE: New page: PIE 세션: 2DSideScrollerExampleMap (2018. 11. 23. 오후 11:05:36)
[2018.11.23-05.05.36:635][712]LogPlayLevel: Creating play world package: /Game/2DSideScrollerBP/Maps/UEDPIE_0_2DSideScrollerExampleMap
[2018.11.23-05.05.36:637][712]LogPlayLevel: PIE: StaticDuplicateObject took: (0.002440s)
[2018.11.23-05.05.36:638][712]LogAIModule: Creating AISystem for world 2DSideScrollerExampleMap
[2018.11.23-05.05.36:638][712]LogPlayLevel: PIE: World Init took: (0.001101s)
[2018.11.23-05.05.36:639][712]LogPlayLevel: PIE: Created PIE world by copying editor world from /Game/2DSideScrollerBP/Maps/2DSideScrollerExampleMap.2DSideScrollerExampleMap to /Game/2DSideScrollerBP/Maps/UEDPIE_0_2DSideScrollerExampleMap.2DSideScrollerExampleMap (0.003752s)
[2018.11.23-05.05.36:676][712]LogInit: XAudio2 using '스피커(Conexant HD Audio)' : 2 channels at 48 kHz using 32 bits per sample (channel mask 0x3)
[2018.11.23-05.05.36:713][712]LogInit: FAudioDevice initialized.
[2018.11.23-05.05.36:754][712]LogLoad: Game class is '2DSideScrollerGameMode_C'
[2018.11.23-05.05.36:760][712]LogWorld: Bringing World /Game/2DSideScrollerBP/Maps/UEDPIE_0_2DSideScrollerExampleMap.2DSideScrollerExampleMap up for play (max tick rate 60) at 2018.11.23-14.05.36
[2018.11.23-05.05.36:760][712]LogWorld: Bringing up level for play took: 0.002862
[2018.11.23-05.05.36:781][712]LogBlueprintUserMessages: [2DSideScrollerCharacter_254] Load Game from Slot
[2018.11.23-05.05.36:782][712]PIE: /Game/2DSideScrollerBP/Maps/UEDPIE_0_2DSideScrollerExampleMap 에 대한 에디터에서 플레이 시작 시간: 0.699
[2018.11.23-05.05.36:782][712]LogBlueprintUserMessages: Late PlayInEditor Detection: Level '/Game/2DSideScrollerBP/Maps/2DSideScrollerExampleMap.2DSideScrollerExampleMap:PersistentLevel' has LevelScriptBlueprint '/Game/2DSideScrollerBP/Maps/2DSideScrollerExampleMap.2DSideScrollerExampleMap:PersistentLevel.2DSideScrollerExampleMap' with GeneratedClass '/Game/2DSideScrollerBP/Maps/2DSideScrollerExampleMap.2DSideScrollerExampleMap_C' with ClassGeneratedBy '/Game/2DSideScrollerBP/Maps/2DSideScrollerExampleMap.2DSideScrollerExampleMap:PersistentLevel.2DSideScrollerExampleMap'
[2018.11.23-05.05.40:395][881]LogSlate: Updating window title bar state: overlay mode, drag disabled, window buttons hidden, title bar hidden
[2018.11.23-05.05.41:610][937]LogNet: Browse: /Game/2DSideScrollerBP/Maps/2DSideScrollerExampleMap
[2018.11.23-05.05.41:619][937]LogLoad: LoadMap: /Game/2DSideScrollerBP/Maps/2DSideScrollerExampleMap
[2018.11.23-05.05.41:689][937]LogPlayLevel: Creating play world package: /Game/2DSideScrollerBP/Maps/UEDPIE_0_2DSideScrollerExampleMap
[2018.11.23-05.05.41:692][937]LogPlayLevel: PIE: StaticDuplicateObject took: (0.003363s)
[2018.11.23-05.05.41:693][937]LogAIModule: Creating AISystem for world 2DSideScrollerExampleMap
[2018.11.23-05.05.41:693][937]LogPlayLevel: PIE: World Init took: (0.001257s)
[2018.11.23-05.05.41:694][937]LogPlayLevel: PIE: Created PIE world by copying editor world from /Game/2DSideScrollerBP/Maps/2DSideScrollerExampleMap.2DSideScrollerExampleMap to /Game/2DSideScrollerBP/Maps/UEDPIE_0_2DSideScrollerExampleMap.2DSideScrollerExampleMap (0.004925s)
[2018.11.23-05.05.41:694][937]LogLoad: Game class is '2DSideScrollerGameMode_C'
[2018.11.23-05.05.41:696][937]LogWorld: Bringing World /Game/2DSideScrollerBP/Maps/UEDPIE_0_2DSideScrollerExampleMap.2DSideScrollerExampleMap up for play (max tick rate 60) at 2018.11.23-14.05.41
[2018.11.23-05.05.41:696][937]LogWorld: Bringing up level for play took: 0.001468
[2018.11.23-05.05.41:699][937]LogBlueprintUserMessages: [2DSideScrollerCharacter_254] Load Game from Slot
[2018.11.23-05.05.41:699][937]LogLoad: Took 0.080621 seconds to LoadMap(/Game/2DSideScrollerBP/Maps/UEDPIE_0_2DSideScrollerExampleMap)
[2018.11.23-05.05.44:876][ 84]LogSlate: Updating window title bar state: overlay mode, drag disabled, window buttons hidden, title bar hidden
[2018.11.23-05.05.45:872][128]LogNet: Browse: /Game/2DSideScrollerBP/Maps/2DSideScrollerExampleMap
[2018.11.23-05.05.45:873][128]LogLoad: LoadMap: /Game/2DSideScrollerBP/Maps/2DSideScrollerExampleMap
[2018.11.23-05.05.45:928][128]LogPlayLevel: Creating play world package: /Game/2DSideScrollerBP/Maps/UEDPIE_0_2DSideScrollerExampleMap
[2018.11.23-05.05.45:934][128]LogPlayLevel: PIE: StaticDuplicateObject took: (0.004907s)
[2018.11.23-05.05.45:935][128]LogAIModule: Creating AISystem for world 2DSideScrollerExampleMap
[2018.11.23-05.05.45:935][128]LogPlayLevel: PIE: World Init took: (0.001178s)
[2018.11.23-05.05.45:935][128]LogPlayLevel: PIE: Created PIE world by copying editor world from /Game/2DSideScrollerBP/Maps/2DSideScrollerExampleMap.2DSideScrollerExampleMap to /Game/2DSideScrollerBP/Maps/UEDPIE_0_2DSideScrollerExampleMap.2DSideScrollerExampleMap (0.006457s)
[2018.11.23-05.05.45:935][128]LogLoad: Game class is '2DSideScrollerGameMode_C'
[2018.11.23-05.05.45:937][128]LogWorld: Bringing World /Game/2DSideScrollerBP/Maps/UEDPIE_0_2DSideScrollerExampleMap.2DSideScrollerExampleMap up for play (max tick rate 60) at 2018.11.23-14.05.45
[2018.11.23-05.05.45:938][128]LogWorld: Bringing up level for play took: 0.001322
[2018.11.23-05.05.45:942][128]LogBlueprintUserMessages: [2DSideScrollerCharacter_254] Load Game from Slot
[2018.11.23-05.05.45:943][128]LogLoad: Took 0.070587 seconds to LoadMap(/Game/2DSideScrollerBP/Maps/UEDPIE_0_2DSideScrollerExampleMap)
[2018.11.23-05.05.47:676][209]LogSlate: Updating window title bar state: overlay mode, drag disabled, window buttons hidden, title bar hidden
[2018.11.23-05.05.48:387][241]LogSlate: Updating window title bar state: overlay mode, drag disabled, window buttons hidden, title bar hidden
[2018.11.23-05.05.48:387][241]LogBlueprintUserMessages: Early EndPlayMap Detection: Level '/Game/2DSideScrollerBP/Maps/2DSideScrollerExampleMap.2DSideScrollerExampleMap:PersistentLevel' has LevelScriptBlueprint '/Game/2DSideScrollerBP/Maps/2DSideScrollerExampleMap.2DSideScrollerExampleMap:PersistentLevel.2DSideScrollerExampleMap' with GeneratedClass '/Game/2DSideScrollerBP/Maps/2DSideScrollerExampleMap.2DSideScrollerExampleMap_C' with ClassGeneratedBy '/Game/2DSideScrollerBP/Maps/2DSideScrollerExampleMap.2DSideScrollerExampleMap:PersistentLevel.2DSideScrollerExampleMap'
[2018.11.23-05.05.48:434][241]LogPlayLevel: Display: Shutting down PIE online subsystems
[2018.11.23-05.05.48:436][241]LogBlueprintUserMessages: Late EndPlayMap Detection: Level '/Game/2DSideScrollerBP/Maps/2DSideScrollerExampleMap.2DSideScrollerExampleMap:PersistentLevel' has LevelScriptBlueprint '/Game/2DSideScrollerBP/Maps/2DSideScrollerExampleMap.2DSideScrollerExampleMap:PersistentLevel.2DSideScrollerExampleMap' with GeneratedClass '/Game/2DSideScrollerBP/Maps/2DSideScrollerExampleMap.2DSideScrollerExampleMap_C' with ClassGeneratedBy '/Game/2DSideScrollerBP/Maps/2DSideScrollerExampleMap.2DSideScrollerExampleMap:PersistentLevel.2DSideScrollerExampleMap'
[2018.11.23-05.05.48:509][241]LogSlate: Updating window title bar state: overlay mode, drag disabled, window buttons hidden, title bar hidden
[2018.11.23-05.05.48:545][242]LogPlayLevel: Display: Destroying online subsystem :Context_7
[2018.11.23-05.05.52:675][385]LogSlate: Window 'Project - 언리얼 에디터' being destroyed
[2018.11.23-05.05.52:678][385]LogWindowsTextInputMethodSystem: Display: IME system now activated using TSF (Microsoft 입력기).
[2018.11.23-05.05.52:976][386]Cmd: QUIT_EDITOR
[2018.11.23-05.05.54:545][386]LogExit: Preparing to exit.
[2018.11.23-05.05.54:996][386]LogExit: Editor shut down
[2018.11.23-05.05.54:996][386]LogExit: Transaction tracking system shut down
[2018.11.23-05.05.55:383][386]LogExit: Object subsystem successfully closed.
[2018.11.23-05.05.55:395][386]LogShaderCompilers: Display: Shaders left to compile 0
[2018.11.23-05.05.55:399][386]LogD3D11RHI: Shutdown
[2018.11.23-05.05.55:399][386]LogD3D11RHI: CleanupD3DDevice
[2018.11.23-05.05.55:404][386]LogD3D11RHI: ~FD3D11DynamicRHI
[2018.11.23-05.05.55:439][386]LogModuleManager: Shutting down and abandoning module MovieSceneCapture (636)
[2018.11.23-05.05.55:439][386]LogModuleManager: Shutting down and abandoning module Voice (634)
[2018.11.23-05.05.55:439][386]LogModuleManager: Shutting down and abandoning module SequencerWidgets (632)
[2018.11.23-05.05.55:439][386]LogModuleManager: Shutting down and abandoning module BlueprintGraph (630)
[2018.11.23-05.05.55:439][386]LogModuleManager: Shutting down and abandoning module HierarchicalLODOutliner (628)
[2018.11.23-05.05.55:439][386]LogModuleManager: Shutting down and abandoning module SceneOutliner (626)
[2018.11.23-05.05.55:439][386]LogModuleManager: Shutting down and abandoning module AddContentDialog (624)
[2018.11.23-05.05.55:439][386]LogModuleManager: Shutting down and abandoning module WidgetCarousel (623)
[2018.11.23-05.05.55:439][386]LogModuleManager: Shutting down and abandoning module EditorWidgets (620)
[2018.11.23-05.05.55:439][386]LogModuleManager: Shutting down and abandoning module CollectionManager (618)
[2018.11.23-05.05.55:439][386]LogModuleManager: Shutting down and abandoning module StatsViewer (616)
[2018.11.23-05.05.55:439][386]LogModuleManager: Shutting down and abandoning module FoliageEdit (614)
[2018.11.23-05.05.55:439][386]LogModuleManager: Shutting down and abandoning module LandscapeEditor (612)
[2018.11.23-05.05.55:439][386]LogModuleManager: Shutting down and abandoning module MeshPaintMode (610)
[2018.11.23-05.05.55:439][386]LogModuleManager: Shutting down and abandoning module SceneDepthPickerMode (608)
[2018.11.23-05.05.55:439][386]LogModuleManager: Shutting down and abandoning module ActorPickerMode (606)
[2018.11.23-05.05.55:439][386]LogModuleManager: Shutting down and abandoning module GeometryMode (604)
[2018.11.23-05.05.55:439][386]LogModuleManager: Shutting down and abandoning module TextureAlignMode (602)
[2018.11.23-05.05.55:439][386]LogModuleManager: Shutting down and abandoning module BspMode (600)
[2018.11.23-05.05.55:439][386]LogModuleManager: Shutting down and abandoning module PIEPreviewDeviceProfileSelector (598)
[2018.11.23-05.05.55:439][386]LogModuleManager: Shutting down and abandoning module SequenceRecorderSections (596)
[2018.11.23-05.05.55:439][386]LogModuleManager: Shutting down and abandoning module AutomationWorker (594)
[2018.11.23-05.05.55:439][386]LogModuleManager: Shutting down and abandoning module DatasmithFBXImporter (592)
[2018.11.23-05.05.55:440][386]LogModuleManager: Shutting down and abandoning module DatasmithDeltaGenImporter (590)
[2018.11.23-05.05.55:440][386]LogModuleManager: Shutting down and abandoning module DatasmithVREDImporter (588)
[2018.11.23-05.05.55:440][386]LogModuleManager: Shutting down and abandoning module AudioCaptureEditor (586)
[2018.11.23-05.05.55:440][386]LogModuleManager: Shutting down and abandoning module SequenceRecorder (585)
[2018.11.23-05.05.55:440][386]LogModuleManager: Shutting down and abandoning module MatineeToLevelSequence (582)
[2018.11.23-05.05.55:440][386]LogModuleManager: Shutting down and abandoning module LevelSequenceEditor (580)
[2018.11.23-05.05.55:440][386]LogModuleManager: Shutting down and abandoning module PlacementMode (579)
[2018.11.23-05.05.55:441][386]LogModuleManager: Shutting down and abandoning module MaterialEditor (578)
[2018.11.23-05.05.55:441][386]LogModuleManager: Shutting down and abandoning module WmfMediaFactory (574)
[2018.11.23-05.05.55:441][386]LogModuleManager: Shutting down and abandoning module WmfMediaEditor (572)
[2018.11.23-05.05.55:441][386]LogModuleManager: Shutting down and abandoning module MediaPlayerEditor (570)
[2018.11.23-05.05.55:441][386]LogModuleManager: Shutting down and abandoning module OpenExrWrapper (568)
[2018.11.23-05.05.55:441][386]LogModuleManager: Shutting down and abandoning module ImgMediaFactory (566)
[2018.11.23-05.05.55:441][386]LogModuleManager: Shutting down and abandoning module ImgMediaEditor (564)
[2018.11.23-05.05.55:441][386]LogModuleManager: Shutting down and abandoning module AvfMediaFactory (562)
[2018.11.23-05.05.55:441][386]LogModuleManager: Shutting down and abandoning module AvfMediaEditor (560)
[2018.11.23-05.05.55:441][386]LogModuleManager: Shutting down and abandoning module AndroidMediaFactory (558)
[2018.11.23-05.05.55:441][386]LogModuleManager: Shutting down and abandoning module AndroidMediaEditor (556)
[2018.11.23-05.05.55:441][386]LogModuleManager: Shutting down and abandoning module MagicLeapCameraPreviewFactory (554)
[2018.11.23-05.05.55:441][386]LogModuleManager: Shutting down and abandoning module MagicLeapMediaFactory (552)
[2018.11.23-05.05.55:441][386]LogModuleManager: Shutting down and abandoning module MagicLeapMediaEditor (550)
[2018.11.23-05.05.55:441][386]LogModuleManager: Shutting down and abandoning module CharacterAI (548)
[2018.11.23-05.05.55:441][386]LogModuleManager: Shutting down and abandoning module SmartSnapping (546)
[2018.11.23-05.05.55:441][386]LogModuleManager: Shutting down and abandoning module SessionServices (544)
[2018.11.23-05.05.55:441][386]LogModuleManager: Shutting down and abandoning module ViewportSnapping (542)
[2018.11.23-05.05.55:441][386]LogModuleManager: Shutting down and abandoning module ViewportInteraction (540)
[2018.11.23-05.05.55:441][386]LogModuleManager: Shutting down and abandoning module ClothPainter (538)
[2018.11.23-05.05.55:441][386]LogModuleManager: Shutting down and abandoning module SkeletalMeshEditor (537)
[2018.11.23-05.05.55:441][386]LogModuleManager: Shutting down and abandoning module LogVisualizer (534)
[2018.11.23-05.05.55:441][386]LogModuleManager: Shutting down and abandoning module IntroTutorials (532)
[2018.11.23-05.05.55:441][386]LogModuleManager: Shutting down and abandoning module GameProjectGeneration (531)
[2018.11.23-05.05.55:441][386]LogModuleManager: Shutting down and abandoning module LuminPlatformEditor (528)
[2018.11.23-05.05.55:441][386]LogModuleManager: Shutting down and abandoning module IOSPlatformEditor (526)
[2018.11.23-05.05.55:441][386]LogModuleManager: Shutting down and abandoning module HTML5PlatformEditor (524)
[2018.11.23-05.05.55:441][386]LogModuleManager: Shutting down and abandoning module AndroidPlatformEditor (522)
[2018.11.23-05.05.55:442][386]LogModuleManager: Shutting down and abandoning module AndroidDeviceDetection (521)
[2018.11.23-05.05.55:670][386]LogModuleManager: Shutting down and abandoning module WindowsPlatformEditor (518)
[2018.11.23-05.05.55:670][386]LogModuleManager: Shutting down and abandoning module LuminRuntimeSettings (516)
[2018.11.23-05.05.55:670][386]LogModuleManager: Shutting down and abandoning module IOSRuntimeSettings (514)
[2018.11.23-05.05.55:670][386]LogModuleManager: Shutting down and abandoning module AndroidRuntimeSettings (512)
[2018.11.23-05.05.55:670][386]LogModuleManager: Shutting down and abandoning module InputBindingEditor (510)
[2018.11.23-05.05.55:670][386]LogModuleManager: Shutting down and abandoning module MergeActors (508)
[2018.11.23-05.05.55:670][386]LogModuleManager: Shutting down and abandoning module LocalizationDashboard (506)
[2018.11.23-05.05.55:670][386]LogModuleManager: Shutting down and abandoning module LocalizationService (505)
[2018.11.23-05.05.55:670][386]LogModuleManager: Shutting down and abandoning module HardwareTargeting (502)
[2018.11.23-05.05.55:670][386]LogModuleManager: Shutting down and abandoning module DeviceProfileEditor (500)
[2018.11.23-05.05.55:670][386]LogModuleManager: Shutting down and abandoning module UndoHistory (498)
[2018.11.23-05.05.55:670][386]LogModuleManager: Shutting down and abandoning module XmlParser (496)
[2018.11.23-05.05.55:670][386]LogModuleManager: Shutting down and abandoning module Blutility (494)
[2018.11.23-05.05.55:670][386]LogModuleManager: Shutting down and abandoning module ProjectSettingsViewer (492)
[2018.11.23-05.05.55:670][386]LogModuleManager: Shutting down and abandoning module ProjectTargetPlatformEditor (491)
[2018.11.23-05.05.55:670][386]LogModuleManager: Shutting down and abandoning module EditorSettingsViewer (488)
[2018.11.23-05.05.55:671][386]LogModuleManager: Shutting down and abandoning module SettingsEditor (486)
[2018.11.23-05.05.55:671][386]LogModuleManager: Shutting down and abandoning module ProjectLauncher (484)
[2018.11.23-05.05.55:671][386]LogModuleManager: Shutting down and abandoning module SessionFrontend (482)
[2018.11.23-05.05.55:671][386]LogModuleManager: Shutting down and abandoning module ProfilerClient (480)
[2018.11.23-05.05.55:671][386]LogModuleManager: Shutting down and abandoning module DeviceManager (478)
[2018.11.23-05.05.55:671][386]LogModuleManager: Shutting down and abandoning module TargetDeviceServices (477)
[2018.11.23-05.05.55:726][386]LogModuleManager: Shutting down and abandoning module AutomationController (474)
[2018.11.23-05.05.55:726][386]LogModuleManager: Shutting down and abandoning module AutomationWindow (472)
[2018.11.23-05.05.55:726][386]LogModuleManager: Shutting down and abandoning module Layers (470)
[2018.11.23-05.05.55:726][386]LogModuleManager: Shutting down and abandoning module ComponentVisualizers (468)
[2018.11.23-05.05.55:726][386]LogModuleManager: Shutting down and abandoning module DetailCustomizations (466)
[2018.11.23-05.05.55:726][386]LogModuleManager: Shutting down and abandoning module PackagesDialog (464)
[2018.11.23-05.05.55:727][386]LogModuleManager: Shutting down and abandoning module Persona (462)
[2018.11.23-05.05.55:727][386]LogModuleManager: Shutting down and abandoning module AnimGraph (461)
[2018.11.23-05.05.55:727][386]LogModuleManager: Shutting down and abandoning module Kismet (458)
[2018.11.23-05.05.55:741][386]LogModuleManager: Shutting down and abandoning module GraphEditor (456)
[2018.11.23-05.05.55:742][386]LogModuleManager: Shutting down and abandoning module ClassViewer (454)
[2018.11.23-05.05.55:742][386]LogModuleManager: Shutting down and abandoning module Toolbox (452)
[2018.11.23-05.05.55:742][386]LogModuleManager: Shutting down and abandoning module ModuleUI (450)
[2018.11.23-05.05.55:742][386]LogModuleManager: Shutting down and abandoning module MovieSceneTools (448)
[2018.11.23-05.05.55:742][386]LogModuleManager: Shutting down and abandoning module OutputLog (446)
[2018.11.23-05.05.55:742][386]LogModuleManager: Shutting down and abandoning module GammaUI (444)
[2018.11.23-05.05.55:743][386]LogModuleManager: Shutting down and abandoning module Documentation (442)
[2018.11.23-05.05.55:743][386]LogModuleManager: Shutting down and abandoning module MovieSceneTracks (440)
[2018.11.23-05.05.55:743][386]LogModuleManager: Shutting down and abandoning module MovieScene (438)
[2018.11.23-05.05.55:743][386]LogModuleManager: Shutting down and abandoning module StreamingPauseRendering (436)
[2018.11.23-05.05.55:743][386]LogModuleManager: Shutting down and abandoning module LauncherPlatform (434)
[2018.11.23-05.05.55:743][386]LogModuleManager: Shutting down and abandoning module AnalyticsET (432)
[2018.11.23-05.05.55:743][386]LogModuleManager: Shutting down and abandoning module PortalServices (430)
[2018.11.23-05.05.55:744][386]LogModuleManager: Shutting down and abandoning module PortalRpc (428)
[2018.11.23-05.05.55:744][386]LogModuleManager: Shutting down and abandoning module MessagingRpc (426)
[2018.11.23-05.05.55:744][386]LogModuleManager: Shutting down and abandoning module AIModule (424)
[2018.11.23-05.05.55:744][386]LogModuleManager: Shutting down and abandoning module GameplayDebugger (423)
[2018.11.23-05.05.55:744][386]LogModuleManager: Shutting down and abandoning module AITestSuite (421)
[2018.11.23-05.05.55:744][386]LogModuleManager: Shutting down and abandoning module NavigationSystem (419)
[2018.11.23-05.05.55:744][386]LogModuleManager: Shutting down and abandoning module DesktopPlatform (416)
[2018.11.23-05.05.55:744][386]LogModuleManager: Shutting down and abandoning module ProfilerService (414)
[2018.11.23-05.05.55:970][386]LogModuleManager: Shutting down and abandoning module TaskGraph (412)
[2018.11.23-05.05.55:970][386]LogModuleManager: Shutting down and abandoning module DatasmithCADImporter (410)
[2018.11.23-05.05.55:971][386]LogModuleManager: Shutting down and abandoning module StaticMeshEditorExtension (408)
[2018.11.23-05.05.55:971][386]LogModuleManager: Shutting down and abandoning module StaticMeshEditor (407)
[2018.11.23-05.05.55:974][386]LogModuleManager: Shutting down and abandoning module AdvancedPreviewScene (406)
[2018.11.23-05.05.55:974][386]LogModuleManager: Shutting down and abandoning module DatasmithMDLImporter (402)
[2018.11.23-05.05.55:981][386]LogModuleManager: Shutting down and abandoning module DatasmithImporter (400)
[2018.11.23-05.05.55:982][386]LogModuleManager: Shutting down and abandoning module SteamVRController (398)
[2018.11.23-05.05.55:982][386]LogModuleManager: Shutting down and abandoning module ProceduralMeshComponentEditor (396)
[2018.11.23-05.05.55:982][386]LogModuleManager: Shutting down and abandoning module ProceduralMeshComponent (394)
[2018.11.23-05.05.55:983][386]LogModuleManager: Shutting down and abandoning module OculusInput (392)
[2018.11.23-05.05.55:983][386]LogModuleManager: Shutting down and abandoning module MobilePatchingUtils (390)
[2018.11.23-05.05.55:983][386]LogModuleManager: Shutting down and abandoning module EditableMesh (388)
[2018.11.23-05.05.55:983][386]LogModuleManager: Shutting down and abandoning module CustomMeshComponent (386)
[2018.11.23-05.05.55:983][386]LogModuleManager: Shutting down and abandoning module CableComponent (384)
[2018.11.23-05.05.55:983][386]LogModuleManager: Shutting down and abandoning module AudioCapture (382)
[2018.11.23-05.05.55:983][386]LogModuleManager: Shutting down and abandoning module ArchVisCharacter (380)
[2018.11.23-05.05.55:983][386]LogModuleManager: Shutting down and abandoning module AndroidPermission (378)
[2018.11.23-05.05.55:983][386]LogModuleManager: Shutting down and abandoning module NUTUnrealEngine4 (376)
[2018.11.23-05.05.55:983][386]LogModuleManager: Shutting down and abandoning module NetcodeUnitTest (374)
[2018.11.23-05.05.55:983][386]LogModuleManager: Shutting down and abandoning module MediaCompositingEditor (372)
[2018.11.23-05.05.55:984][386]LogModuleManager: Shutting down and abandoning module MediaCompositing (370)
[2018.11.23-05.05.55:984][386]LogModuleManager: Shutting down and abandoning module LinearTimecode (368)
[2018.11.23-05.05.55:984][386]LogModuleManager: Shutting down and abandoning module ImgMedia (366)
[2018.11.23-05.05.55:993][386]LogModuleManager: Shutting down and abandoning module HTML5Networking (364)
[2018.11.23-05.05.55:993][386]LogModuleManager: Shutting down and abandoning module GeometryCacheTracks (362)
[2018.11.23-05.05.55:993][386]LogModuleManager: Shutting down and abandoning module GeometryCacheSequencer (360)
[2018.11.23-05.05.55:993][386]LogModuleManager: Shutting down and abandoning module BackChannel (358)
[2018.11.23-05.05.55:993][386]LogModuleManager: Shutting down and abandoning module AppleVision (356)
[2018.11.23-05.05.55:993][386]LogModuleManager: Shutting down and abandoning module AppleImageUtils (354)
[2018.11.23-05.05.55:993][386]LogModuleManager: Shutting down and abandoning module AlembicImporter (352)
[2018.11.23-05.05.55:993][386]LogModuleManager: Shutting down and abandoning module AlembicLibrary (351)
[2018.11.23-05.05.55:993][386]LogModuleManager: Shutting down and abandoning module GeometryCache (350)
[2018.11.23-05.05.55:993][386]LogModuleManager: Shutting down and abandoning module GeometryCacheEd (349)
[2018.11.23-05.05.55:993][386]LogModuleManager: Shutting down and abandoning module DatasmithContentEditor (344)
[2018.11.23-05.05.55:993][386]LogModuleManager: Shutting down and abandoning module DatasmithContent (342)
[2018.11.23-05.05.55:994][386]LogModuleManager: Shutting down and abandoning module SpeedTreeImporter (340)
[2018.11.23-05.05.55:994][386]LogModuleManager: Shutting down and abandoning module PluginBrowser (338)
[2018.11.23-05.05.55:994][386]LogModuleManager: Shutting down and abandoning module MobileLauncherProfileWizard (336)
[2018.11.23-05.05.55:994][386]LogModuleManager: Shutting down and abandoning module PolygonModeling (334)
[2018.11.23-05.05.55:994][386]LogModuleManager: Shutting down and abandoning module MeshEditor (332)
[2018.11.23-05.05.55:995][386]LogModuleManager: Shutting down and abandoning module EditorScriptingUtilities (330)
[2018.11.23-05.05.55:995][386]LogModuleManager: Shutting down and abandoning module CryptoKeysOpenSSL (328)
[2018.11.23-05.05.55:995][386]LogModuleManager: Shutting down and abandoning module CryptoKeys (326)
[2018.11.23-05.05.55:995][386]LogModuleManager: Shutting down and abandoning module VisualStudioSourceCodeAccess (324)
[2018.11.23-05.05.55:995][386]LogModuleManager: Shutting down and abandoning module VisualStudioCodeSourceCodeAccess (322)
[2018.11.23-05.05.55:995][386]LogModuleManager: Shutting down and abandoning module UObjectPlugin (320)
[2018.11.23-05.05.55:995][386]LogModuleManager: Shutting down and abandoning module SubversionSourceControl (318)
[2018.11.23-05.05.55:995][386]LogModuleManager: Shutting down and abandoning module PerforceSourceControl (316)
[2018.11.23-05.05.55:995][386]LogModuleManager: Shutting down and abandoning module GitSourceControl (314)
[2018.11.23-05.05.55:995][386]LogModuleManager: Shutting down and abandoning module SourceControl (313)
[2018.11.23-05.05.55:995][386]LogModuleManager: Shutting down and abandoning module CLionSourceCodeAccess (310)
[2018.11.23-05.05.55:995][386]LogModuleManager: Shutting down and abandoning module LightPropagationVolumeEditor (308)
[2018.11.23-05.05.55:995][386]LogModuleManager: Shutting down and abandoning module PaperTiledImporter (306)
[2018.11.23-05.05.55:995][386]LogModuleManager: Shutting down and abandoning module PaperSpriteSheetImporter (304)
[2018.11.23-05.05.55:995][386]LogModuleManager: Shutting down and abandoning module Paper2DEditor (302)
[2018.11.23-05.05.55:995][386]LogModuleManager: Shutting down and abandoning module MeshPaint (301)
[2018.11.23-05.05.55:995][386]LogModuleManager: Shutting down and abandoning module RuntimePhysXCooking (298)
[2018.11.23-05.05.55:995][386]LogModuleManager: Shutting down and abandoning module PhysXVehiclesEditor (296)
[2018.11.23-05.05.55:995][386]LogModuleManager: Shutting down and abandoning module PhysXVehicles (294)
[2018.11.23-05.05.55:995][386]LogModuleManager: Shutting down and abandoning module OculusEditor (292)
[2018.11.23-05.05.55:996][386]LogModuleManager: Shutting down and abandoning module LocationServicesBPLibrary (290)
[2018.11.23-05.05.55:996][386]LogModuleManager: Shutting down and abandoning module ImmediatePhysicsEditor (288)
[2018.11.23-05.05.55:996][386]LogModuleManager: Shutting down and abandoning module ImmediatePhysics (286)
[2018.11.23-05.05.55:996][386]LogModuleManager: Shutting down and abandoning module ActorSequence (284)
[2018.11.23-05.05.55:996][386]LogModuleManager: Shutting down and abandoning module UdpMessaging (282)
[2018.11.23-05.05.56:097][386]LogModuleManager: Shutting down and abandoning module TcpMessaging (280)
[2018.11.23-05.05.56:198][386]LogModuleManager: Shutting down and abandoning module MagicLeapAudio (278)
[2018.11.23-05.05.56:198][386]LogModuleManager: Shutting down and abandoning module GameplayTagsEditor (276)
[2018.11.23-05.05.56:198][386]LogModuleManager: Shutting down and abandoning module FacialAnimationEditor (274)
[2018.11.23-05.05.56:198][386]LogModuleManager: Shutting down and abandoning module FacialAnimation (272)
[2018.11.23-05.05.56:198][386]LogModuleManager: Shutting down and abandoning module DataValidation (270)
[2018.11.23-05.05.56:198][386]LogModuleManager: Shutting down and abandoning module AssetManagerEditor (268)
[2018.11.23-05.05.56:198][386]LogModuleManager: Shutting down and abandoning module LevelEditor (267)
[2018.11.23-05.05.56:200][386]LogModuleManager: Shutting down and abandoning module PixelInspectorModule (266)
[2018.11.23-05.05.56:200][386]LogModuleManager: Shutting down and abandoning module CommonMenuExtensions (264)
[2018.11.23-05.05.56:201][386]LogModuleManager: Shutting down and abandoning module MainFrame (262)
[2018.11.23-05.05.56:201][386]LogModuleManager: Shutting down and abandoning module HotReload (261)
[2018.11.23-05.05.56:202][386]LogModuleManager: Shutting down and abandoning module ContentBrowser (257)
[2018.11.23-05.05.56:204][386]LogModuleManager: Shutting down and abandoning module TreeMap (255)
[2018.11.23-05.05.56:204][386]LogModuleManager: Shutting down and abandoning module LightPropagationVolumeRuntime (252)
[2018.11.23-05.05.56:204][386]LogModuleManager: Shutting down and abandoning module AISupportModule (250)
[2018.11.23-05.05.56:204][386]LogModuleManager: Shutting down and abandoning module Paper2D (248)
[2018.11.23-05.05.56:204][386]LogModuleManager: Shutting down and abandoning module WindowsMoviePlayer (246)
[2018.11.23-05.05.56:204][386]LogModuleManager: Shutting down and abandoning module WmfMedia (244)
[2018.11.23-05.05.56:208][386]LogModuleManager: Shutting down and abandoning module Media (243)
[2018.11.23-05.05.56:215][386]LogModuleManager: Shutting down and abandoning module PacketHandler (240)
[2018.11.23-05.05.56:215][386]LogModuleManager: Shutting down and abandoning module ClothingSystemEditor (238)
[2018.11.23-05.05.56:215][386]LogModuleManager: Shutting down and abandoning module ClothingSystemRuntime (236)
[2018.11.23-05.05.56:215][386]LogModuleManager: Shutting down and abandoning module MediaAssets (234)
[2018.11.23-05.05.56:215][386]LogModuleManager: Shutting down and abandoning module Overlay (232)
[2018.11.23-05.05.56:215][386]LogModuleManager: Shutting down and abandoning module OverlayEditor (231)
[2018.11.23-05.05.56:215][386]LogModuleManager: Shutting down and abandoning module VREditor (228)
[2018.11.23-05.05.56:215][386]LogModuleManager: Shutting down and abandoning module StringTableEditor (226)
[2018.11.23-05.05.56:215][386]LogModuleManager: Shutting down and abandoning module GameplayTasksEditor (224)
[2018.11.23-05.05.56:215][386]LogModuleManager: Shutting down and abandoning module BehaviorTreeEditor (222)
[2018.11.23-05.05.56:215][386]LogModuleManager: Shutting down and abandoning module FunctionalTesting (220)
[2018.11.23-05.05.56:215][386]LogModuleManager: Shutting down and abandoning module CollisionAnalyzer (218)
[2018.11.23-05.05.56:215][386]LogModuleManager: Shutting down and abandoning module WorkspaceMenuStructure (217)
[2018.11.23-05.05.56:215][386]LogModuleManager: Shutting down and abandoning module UMG (214)
[2018.11.23-05.05.56:215][386]LogModuleManager: Shutting down and abandoning module UMGEditor (213)
[2018.11.23-05.05.56:215][386]LogModuleManager: Shutting down and abandoning module Sequencer (212)
[2018.11.23-05.05.56:216][386]LogModuleManager: Shutting down and abandoning module MessageLog (209)
[2018.11.23-05.05.56:216][386]LogModuleManager: Shutting down and abandoning module SlateReflector (204)
[2018.11.23-05.05.56:216][386]LogModuleManager: Shutting down and abandoning module Slate (202)
[2018.11.23-05.05.56:216][386]LogModuleManager: Shutting down and abandoning module EditorStyle (200)
[2018.11.23-05.05.56:219][386]LogModuleManager: Shutting down and abandoning module MRMesh (198)
[2018.11.23-05.05.56:219][386]LogModuleManager: Shutting down and abandoning module SourceCodeAccess (196)
[2018.11.23-05.05.56:219][386]LogModuleManager: Shutting down and abandoning module HeadMountedDisplay (194)
[2018.11.23-05.05.56:219][386]LogModuleManager: Shutting down and abandoning module XAudio2 (192)
[2018.11.23-05.05.56:219][386]LogModuleManager: Shutting down and abandoning module Networking (190)
[2018.11.23-05.05.56:219][386]LogModuleManager: Shutting down and abandoning module Core (188)
[2018.11.23-05.05.56:219][386]LogModuleManager: Shutting down and abandoning module LevelSequence (186)
[2018.11.23-05.05.56:219][386]LogModuleManager: Shutting down and abandoning module KismetCompiler (184)
[2018.11.23-05.05.56:219][386]LogModuleManager: Shutting down and abandoning module MeshUtilities (182)
[2018.11.23-05.05.56:220][386]LogModuleManager: Shutting down and abandoning module MeshMergeUtilities (181)
[2018.11.23-05.05.56:220][386]LogModuleManager: Shutting down and abandoning module MeshReductionInterface (180)
[2018.11.23-05.05.56:220][386]LogModuleManager: Shutting down and abandoning module SimplygonSwarm (179)
[2018.11.23-05.05.56:220][386]LogModuleManager: Shutting down and abandoning module ProxyLODMeshReduction (177)
[2018.11.23-05.05.56:220][386]LogModuleManager: Shutting down and abandoning module SimplygonMeshReduction (175)
[2018.11.23-05.05.56:220][386]LogModuleManager: Shutting down and abandoning module QuadricMeshReduction (173)
[2018.11.23-05.05.56:220][386]LogModuleManager: Shutting down and abandoning module MaterialBaking (169)
[2018.11.23-05.05.56:220][386]LogModuleManager: Shutting down and abandoning module DirectoryWatcher (165)
[2018.11.23-05.05.56:220][386]LogModuleManager: Shutting down and abandoning module DerivedDataCache (162)
[2018.11.23-05.05.56:283][386]LogDerivedDataCache: Shutdown
[2018.11.23-05.05.56:283][386]LogModuleManager: Shutting down and abandoning module XGEController (160)
[2018.11.23-05.05.56:283][386]LogModuleManager: Shutting down and abandoning module TargetPlatform (158)
[2018.11.23-05.05.56:283][386]LogModuleManager: Shutting down and abandoning module VulkanShaderFormat (157)
[2018.11.23-05.05.56:283][386]LogModuleManager: Shutting down and abandoning module ShaderFormatVectorVM (155)
[2018.11.23-05.05.56:283][386]LogModuleManager: Shutting down and abandoning module ShaderFormatOpenGL (153)
[2018.11.23-05.05.56:283][386]LogModuleManager: Shutting down and abandoning module ShaderFormatD3D (151)
[2018.11.23-05.05.56:283][386]LogModuleManager: Shutting down and abandoning module MetalShaderFormat (149)
[2018.11.23-05.05.56:284][386]LogModuleManager: Shutting down and abandoning module TextureFormatUncompressed (147)
[2018.11.23-05.05.56:284][386]LogModuleManager: Shutting down and abandoning module TextureFormatPVR (145)
[2018.11.23-05.05.56:284][386]LogModuleManager: Shutting down and abandoning module TextureFormatDXT (143)
[2018.11.23-05.05.56:284][386]LogModuleManager: Shutting down and abandoning module TextureFormatIntelISPCTexComp (141)
[2018.11.23-05.05.56:285][386]LogModuleManager: Shutting down and abandoning module TextureFormatASTC (139)
[2018.11.23-05.05.56:285][386]LogModuleManager: Shutting down and abandoning module ImageWrapper (138)
[2018.11.23-05.05.56:285][386]LogModuleManager: Shutting down and abandoning module TextureFormatAndroid (135)
[2018.11.23-05.05.56:285][386]LogModuleManager: Shutting down and abandoning module AudioFormatOpus (133)
[2018.11.23-05.05.56:285][386]LogModuleManager: Shutting down and abandoning module AudioFormatOgg (131)
[2018.11.23-05.05.56:285][386]LogModuleManager: Shutting down and abandoning module AudioFormatADPCM (129)
[2018.11.23-05.05.56:285][386]LogModuleManager: Shutting down and abandoning module LuminTargetPlatform (127)
[2018.11.23-05.05.56:285][386]LogModuleManager: Shutting down and abandoning module LinuxTargetPlatform (125)
[2018.11.23-05.05.56:285][386]LogModuleManager: Shutting down and abandoning module LinuxServerTargetPlatform (123)
[2018.11.23-05.05.56:285][386]LogModuleManager: Shutting down and abandoning module LinuxNoEditorTargetPlatform (121)
[2018.11.23-05.05.56:285][386]LogModuleManager: Shutting down and abandoning module LinuxClientTargetPlatform (119)
[2018.11.23-05.05.56:285][386]LogModuleManager: Shutting down and abandoning module TVOSTargetPlatform (117)
[2018.11.23-05.05.56:287][386]LogModuleManager: Shutting down and abandoning module Messaging (115)
[2018.11.23-05.05.56:287][386]LogModuleManager: Shutting down and abandoning module IOSTargetPlatform (113)
[2018.11.23-05.05.56:289][386]LogModuleManager: Shutting down and abandoning module HTML5TargetPlatform (111)
[2018.11.23-05.05.56:290][386]LogModuleManager: Shutting down and abandoning module AndroidTargetPlatform (109)
[2018.11.23-05.05.56:303][386]LogModuleManager: Shutting down and abandoning module WindowsTargetPlatform (107)
[2018.11.23-05.05.56:303][386]LogModuleManager: Shutting down and abandoning module WindowsServerTargetPlatform (105)
[2018.11.23-05.05.56:303][386]LogModuleManager: Shutting down and abandoning module WindowsNoEditorTargetPlatform (103)
[2018.11.23-05.05.56:303][386]LogModuleManager: Shutting down and abandoning module WindowsClientTargetPlatform (101)
[2018.11.23-05.05.56:304][386]LogModuleManager: Shutting down and abandoning module MacTargetPlatform (99)
[2018.11.23-05.05.56:304][386]LogModuleManager: Shutting down and abandoning module MacServerTargetPlatform (97)
[2018.11.23-05.05.56:304][386]LogModuleManager: Shutting down and abandoning module MacNoEditorTargetPlatform (95)
[2018.11.23-05.05.56:304][386]LogModuleManager: Shutting down and abandoning module MacClientTargetPlatform (93)
[2018.11.23-05.05.56:304][386]LogModuleManager: Shutting down and abandoning module AllDesktopTargetPlatform (91)
[2018.11.23-05.05.56:304][386]LogModuleManager: Shutting down and abandoning module InputCore (88)
[2018.11.23-05.05.56:304][386]LogModuleManager: Shutting down and abandoning module Settings (86)
[2018.11.23-05.05.56:304][386]LogModuleManager: Shutting down and abandoning module PhysXCooking (84)
[2018.11.23-05.05.56:304][386]LogModuleManager: Shutting down and abandoning module SteamVR (82)
[2018.11.23-05.05.56:304][386]LogModuleManager: Shutting down and abandoning module OculusHMD (80)
[2018.11.23-05.05.56:304][386]LogModuleManager: Shutting down and abandoning module ExampleDeviceProfileSelector (78)
[2018.11.23-05.05.56:304][386]LogModuleManager: Shutting down and abandoning module LauncherChunkInstaller (76)
[2018.11.23-05.05.56:304][386]LogModuleManager: Shutting down and abandoning module OnlineBlueprintSupport (74)
[2018.11.23-05.05.56:304][386]LogModuleManager: Shutting down and abandoning module OnlineSubsystem (70)
[2018.11.23-05.05.56:305][386]LogModuleManager: Shutting down and abandoning module XMPP (65)
[2018.11.23-05.05.56:305][386]LogModuleManager: Shutting down and abandoning module WebSockets (64)
[2018.11.23-05.05.56:316][386]LogModuleManager: Shutting down and abandoning module HTTP (61)
[2018.11.23-05.05.56:316][386]LogHttp: Display: Http module shutting down, but needs to wait on 1 outstanding Http requests:
[2018.11.23-05.05.56:316][386]LogHttp: Display: 	verb=[POST] url=[https://datarouter.ol.epicgames.com/datarouter/api/v1/public/data?SessionID=%7BB9D05473-4B1F-9A46-F89B-9181AD410DA4%7D&AppID=UEEditor.Rocket.Release&AppVersion=4.20.3-4369336%2B%2B%2BUE4%2BRelease-4.20&UserID=e57ba87b426d560315d2cf85f8a185a0%7C01811f2312ae4167ba6bb89423682e69%7C52fa6b2f-ee9e-4c89-8986-4cd63a1a1ca8&AppEnvironment=datacollector-binary&UploadType=eteventstream] status=Processing
[2018.11.23-05.05.56:320][386]LogModuleManager: Shutting down and abandoning module SSL (60)
[2018.11.23-05.05.56:321][386]LogModuleManager: Shutting down and abandoning module MagicLeapEmulator (56)
[2018.11.23-05.05.56:321][386]LogModuleManager: Shutting down and abandoning module MagicLeapPrivileges (54)
[2018.11.23-05.05.56:321][386]LogModuleManager: Shutting down and abandoning module MagicLeapIdentity (52)
[2018.11.23-05.05.56:321][386]LogModuleManager: Shutting down and abandoning module MagicLeapHelperVulkan (50)
[2018.11.23-05.05.56:321][386]LogModuleManager: Shutting down and abandoning module MagicLeapHelperOpenGL (48)
[2018.11.23-05.05.56:321][386]LogModuleManager: Shutting down and abandoning module MagicLeapSecureStorage (46)
[2018.11.23-05.05.56:322][386]LogModuleManager: Shutting down and abandoning module MagicLeapGestures (44)
[2018.11.23-05.05.56:322][386]LogModuleManager: Shutting down and abandoning module MagicLeapEyeTracker (42)
[2018.11.23-05.05.56:322][386]LogModuleManager: Shutting down and abandoning module MagicLeapController (40)
[2018.11.23-05.05.56:322][386]LogSlate: Slate User Destroyed.  User Index 0, Is Virtual User: 0
[2018.11.23-05.05.56:322][386]LogModuleManager: Shutting down and abandoning module MagicLeap (38)
[2018.11.23-05.05.56:322][386]LogModuleManager: Shutting down and abandoning module AnimationModifiers (36)
[2018.11.23-05.05.56:322][386]LogModuleManager: Shutting down and abandoning module PropertyEditor (35)
[2018.11.23-05.05.56:322][386]LogModuleManager: Shutting down and abandoning module AudioEditor (32)
[2018.11.23-05.05.56:322][386]LogModuleManager: Shutting down and abandoning module TextureCompressor (30)
[2018.11.23-05.05.56:322][386]LogModuleManager: Shutting down and abandoning module ShaderCore (28)
[2018.11.23-05.05.56:322][386]LogModuleManager: Shutting down and abandoning module Landscape (26)
[2018.11.23-05.05.56:322][386]LogModuleManager: Shutting down and abandoning module SlateRHIRenderer (24)
[2018.11.23-05.05.56:324][386]LogModuleManager: Shutting down and abandoning module OpenGLDrv (22)
[2018.11.23-05.05.56:324][386]LogModuleManager: Shutting down and abandoning module D3D11RHI (20)
[2018.11.23-05.05.56:324][386]LogModuleManager: Shutting down and abandoning module AnimGraphRuntime (18)
[2018.11.23-05.05.56:324][386]LogModuleManager: Shutting down and abandoning module Renderer (16)
[2018.11.23-05.05.56:324][386]LogModuleManager: Shutting down and abandoning module Engine (14)
[2018.11.23-05.05.56:324][386]LogModuleManager: Shutting down and abandoning module CoreUObject (12)
[2018.11.23-05.05.56:324][386]LogModuleManager: Shutting down and abandoning module NetworkFile (10)
[2018.11.23-05.05.56:324][386]LogModuleManager: Shutting down and abandoning module CookedIterativeFile (8)
[2018.11.23-05.05.56:324][386]LogModuleManager: Shutting down and abandoning module StreamingFile (6)
[2018.11.23-05.05.56:324][386]LogModuleManager: Shutting down and abandoning module SandboxFile (4)
[2018.11.23-05.05.56:324][386]LogModuleManager: Shutting down and abandoning module PakFile (2)
[2018.11.23-05.05.56:328][386]LogExit: Exiting.
[2018.11.23-05.05.56:337][386]Log file closed, 11/23/18 14:05:56
