Log file open, 11/22/18 22:16:56
LogWindows: Failed to load 'aqProf.dll' (GetLastError=126)
LogWindows: File 'aqProf.dll' does not exist
LogWindows: Failed to load 'VSPerf140.dll' (GetLastError=126)
LogWindows: File 'VSPerf140.dll' does not exist
LogWindows: Failed to load 'VtuneApi.dll' (GetLastError=126)
LogWindows: File 'VtuneApi.dll' does not exist
LogWindows: Failed to load 'VtuneApi32e.dll' (GetLastError=126)
LogWindows: File 'VtuneApi32e.dll' does not exist
LogInit: Display: Running engine for game: Project
LogPlatformFile: Not using cached read wrapper
LogTaskGraph: Started task graph with 5 named threads and 11 total threads with 3 sets of task threads.
LogStats: Stats thread started at 0.182518
LogD3D11RHI: Loaded GFSDK_Aftermath_Lib.x64.dll
LogICUInternationalization: Display: ICU TimeZone Detection - Raw Offset: +9:00, Platform Override: ''
LogPluginManager: Mounting plugin Paper2D
LogPluginManager: Mounting plugin AISupport
LogPluginManager: Mounting plugin LightPropagationVolume
LogPluginManager: Mounting plugin CLionSourceCodeAccess
LogPluginManager: Mounting plugin CodeLiteSourceCodeAccess
LogPluginManager: Mounting plugin GitSourceControl
LogPluginManager: Mounting plugin KDevelopSourceCodeAccess
LogPluginManager: Mounting plugin NullSourceCodeAccess
LogPluginManager: Mounting plugin PerforceSourceControl
LogPluginManager: Mounting plugin SubversionSourceControl
LogPluginManager: Mounting plugin UObjectPlugin
LogPluginManager: Mounting plugin VisualStudioCodeSourceCodeAccess
LogPluginManager: Mounting plugin VisualStudioSourceCodeAccess
LogPluginManager: Mounting plugin XCodeSourceCodeAccess
LogPluginManager: Mounting plugin AssetManagerEditor
LogPluginManager: Mounting plugin CryptoKeys
LogPluginManager: Mounting plugin DataValidation
LogPluginManager: Mounting plugin EditorScriptingUtilities
LogPluginManager: Mounting plugin FacialAnimation
LogPluginManager: Mounting plugin GameplayTagsEditor
LogPluginManager: Mounting plugin MacGraphicsSwitching
LogPluginManager: Mounting plugin MeshEditor
LogPluginManager: Mounting plugin MobileLauncherProfileWizard
LogPluginManager: Mounting plugin PluginBrowser
LogPluginManager: Mounting plugin SpeedTreeImporter
LogPluginManager: Mounting plugin DatasmithContent
LogPluginManager: Mounting plugin AlembicImporter
LogPluginManager: Mounting plugin AppleImageUtils
LogPluginManager: Mounting plugin AppleVision
LogPluginManager: Mounting plugin BackChannel
LogPluginManager: Mounting plugin CharacterAI
LogPluginManager: Mounting plugin GeometryCache
LogPluginManager: Mounting plugin HTML5Networking
LogPluginManager: Mounting plugin ProxyLODPlugin
LogPluginManager: Mounting plugin MagicLeap
LogPluginManager: Mounting plugin MagicLeapEmulator
LogPluginManager: Mounting plugin MagicLeapMedia
LogPluginManager: Mounting plugin AndroidMedia
LogPluginManager: Mounting plugin AvfMedia
LogPluginManager: Mounting plugin ImgMedia
LogPluginManager: Mounting plugin LinearTimecode
LogPluginManager: Mounting plugin MediaCompositing
LogPluginManager: Mounting plugin MediaPlayerEditor
LogPluginManager: Mounting plugin WmfMedia
LogPluginManager: Mounting plugin TcpMessaging
LogPluginManager: Mounting plugin UdpMessaging
LogPluginManager: Mounting plugin ActorSequence
LogPluginManager: Mounting plugin LevelSequenceEditor
LogPluginManager: Mounting plugin MatineeToLevelSequence
LogPluginManager: Mounting plugin NetcodeUnitTest
LogPluginManager: Mounting plugin NUTUnrealEngine4
LogPluginManager: Mounting plugin OnlineSubsystemGooglePlay
LogPluginManager: Mounting plugin OnlineSubsystemIOS
LogPluginManager: Mounting plugin OnlineSubsystem
LogPluginManager: Mounting plugin OnlineSubsystemNull
LogPluginManager: Mounting plugin OnlineSubsystemUtils
LogPluginManager: Mounting plugin LauncherChunkInstaller
LogPluginManager: Mounting plugin AndroidDeviceProfileSelector
LogPluginManager: Mounting plugin AndroidMoviePlayer
LogPluginManager: Mounting plugin AndroidPermission
LogPluginManager: Mounting plugin AppleMoviePlayer
LogPluginManager: Mounting plugin ArchVisCharacter
LogPluginManager: Mounting plugin AudioCapture
LogPluginManager: Mounting plugin CableComponent
LogPluginManager: Mounting plugin CustomMeshComponent
LogPluginManager: Mounting plugin EditableMesh
LogPluginManager: Mounting plugin ExampleDeviceProfileSelector
LogPluginManager: Mounting plugin GoogleCloudMessaging
LogPluginManager: Mounting plugin ImmediatePhysics
LogPluginManager: Mounting plugin IOSDeviceProfileSelector
LogPluginManager: Mounting plugin LinuxDeviceProfileSelector
LogPluginManager: Mounting plugin LocationServicesBPLibrary
LogPluginManager: Mounting plugin MobilePatchingUtils
LogPluginManager: Mounting plugin OculusVR
LogPluginManager: Plugin shader directory ../../../Engine/Plugins/Runtime/Oculus/OculusVR/Shaders found
LogPluginManager: Mapping shader source directory ../../../Engine/Plugins/Runtime/Oculus/OculusVR/Shaders to virtual directory /Plugin/OculusVR
LogPluginManager: Mounting plugin PhysXVehicles
LogPluginManager: Mounting plugin ProceduralMeshComponent
LogPluginManager: Mounting plugin RuntimePhysXCooking
LogPluginManager: Mounting plugin SteamVR
LogPluginManager: Mounting plugin WindowsMoviePlayer
LogPluginManager: Mounting plugin DatasmithCADImporter
LogPluginManager: Mounting plugin DatasmithFBXImporter
LogPluginManager: Mounting plugin DatasmithImporter
LogPluginManager: Mounting plugin DatasmithMDLImporter
LogPluginManager: Mounting plugin StaticMeshEditorExtension
LogStreaming: Display: Took  0.362s to configure plugins.
LogInit: Using libcurl 7.55.1-DEV
LogInit:  - built for x86_64-pc-win32
LogInit:  - supports SSL with OpenSSL/1.0.2h
LogInit:  - supports HTTP deflate (compression) using libz 1.2.8
LogInit:  - other features:
LogInit:      CURL_VERSION_SSL
LogInit:      CURL_VERSION_LIBZ
LogInit:      CURL_VERSION_IPV6
LogInit:      CURL_VERSION_ASYNCHDNS
LogInit:      CURL_VERSION_LARGEFILE
LogInit:      CURL_VERSION_IDN
LogInit:  CurlRequestOptions (configurable via config and command line):
LogInit:  - bVerifyPeer = false  - Libcurl will NOT verify peer certificate
LogInit:  - bUseHttpProxy = false  - Libcurl will NOT use HTTP proxy
LogInit:  - bDontReuseConnections = false  - Libcurl will reuse connections
LogInit:  - CertBundlePath = nullptr  - Libcurl will use whatever was configured at build time.
LogInit:  - MaxHostConnections = 16  - Libcurl will limit the number of connections to a host
LogInit:  - LocalHostAddr = Default
LogInit:  - BufferSize = 65536
LogInit: WinSock: version 1.1 (2.2), MaxSocks=32767, MaxUdp=65467
LogInit: Build: ++UE4+Release-4.20-CL-4369336
LogInit: Engine Version: 4.20.3-4369336+++UE4+Release-4.20
LogInit: Compatible Engine Version: 4.20.0-4212847+++UE4+Release-4.20
LogInit: Net CL: 4212847
LogInit: OS: Windows 10 (), CPU: Intel(R) Core(TM) i5-7200U CPU @ 2.50GHz, GPU: Intel(R) HD Graphics 620
LogInit: Compiled (64-bit): Sep 17 2018 12:26:19
LogInit: Compiled with Visual C++: 19.13.26129.00
LogInit: Build Configuration: Development
LogInit: Branch Name: ++UE4+Release-4.20
LogInit: Command Line: 
LogInit: Base Directory: C:/Program Files/Epic Games/UE_4.20/Engine/Binaries/Win64/
LogInit: Installed Engine Build: 1
LogDevObjectVersion: Number of dev versions registered: 20
LogDevObjectVersion:   Dev-Blueprints (B0D832E4-1F89-4F0D-ACCF-7EB736FD4AA2): 10
LogDevObjectVersion:   Dev-Build (E1C64328-A22C-4D53-A36C-8E866417BD8C): 0
LogDevObjectVersion:   Dev-Core (375EC13C-06E4-48FB-B500-84F0262A717E): 2
LogDevObjectVersion:   Dev-Editor (E4B068ED-F494-42E9-A231-DA0B2E46BB41): 24
LogDevObjectVersion:   Dev-Framework (CFFC743F-43B0-4480-9391-14DF171D2073): 34
LogDevObjectVersion:   Dev-Mobile (B02B49B5-BB20-44E9-A304-32B752E40360): 2
LogDevObjectVersion:   Dev-Networking (A4E4105C-59A1-49B5-A7C5-40C4547EDFEE): 0
LogDevObjectVersion:   Dev-Online (39C831C9-5AE6-47DC-9A44-9C173E1C8E7C): 0
LogDevObjectVersion:   Dev-Physics (78F01B33-EBEA-4F98-B9B4-84EACCB95AA2): 0
LogDevObjectVersion:   Dev-Platform (6631380F-2D4D-43E0-8009-CF276956A95A): 0
LogDevObjectVersion:   Dev-Rendering (12F88B9F-8875-4AFC-A67C-D90C383ABD29): 26
LogDevObjectVersion:   Dev-Sequencer (7B5AE74C-D270-4C10-A958-57980B212A5A): 9
LogDevObjectVersion:   Dev-VR (D7296918-1DD6-4BDD-9DE2-64A83CC13884): 2
LogDevObjectVersion:   Dev-LoadTimes (C2A15278-BFE7-4AFE-6C17-90FF531DF755): 1
LogDevObjectVersion:   Private-Geometry (6EACA3D4-40EC-4CC1-B786-8BED09428FC5): 3
LogDevObjectVersion:   Dev-AnimPhys (29E575DD-E0A3-4627-9D10-D276232CDCEA): 17
LogDevObjectVersion:   Dev-ReflectionCapture (6B266CEC-1EC7-4B8F-A30B-E4D90942FC07): 1
LogDevObjectVersion:   Dev-Automation (0DF73D61-A23F-47EA-B727-89E90C41499A): 1
LogDevObjectVersion:   FortniteMain (601D1886-AC64-4F84-AA16-D3DE0DEAC7D6): 12
LogDevObjectVersion:   Dev-Enterprise (9DFFBCD6-494F-0158-E221-12823C92A888): 1
LogStreaming: Display: Took  0.007s to delete old logs.
LogInit: Presizing for max 8388607 objects, including 0 objects not considered by GC, pre-allocating 0 bytes for permanent pool.
LogInit: Object subsystem initialized
[2018.11.22-13.16.57:535][  0]LogInit: Selected Device Profile: [Windows]
[2018.11.22-13.16.57:535][  0]LogInit: Applying CVar settings loaded from the selected device profile: [Windows]
[2018.11.22-13.16.57:575][  0]LogHAL: Display: Platform has ~ 8 GB [8442294272 / 8589934592 / 8], which maps to Default [LargestMinGB=32, LargerMinGB=12, DefaultMinGB=8, SmallerMinGB=6, SmallestMinGB=0)
[2018.11.22-13.16.57:575][  0]LogInit: Setting Device Profile CVar: [[r.Vulkan.UseRealUBs:1]]
[2018.11.22-13.16.57:575][  0]LogInit: Going up to parent DeviceProfile []
[2018.11.22-13.16.57:576][  0]LogInit: Computer: DESKTOP-QL9J6H5
[2018.11.22-13.16.57:576][  0]LogInit: User: User
[2018.11.22-13.16.57:576][  0]LogInit: CPU Page size=4096, Cores=2
[2018.11.22-13.16.57:576][  0]LogInit: High frequency timer resolution =2.648442 MHz
[2018.11.22-13.16.57:577][  0]LogMemory: Memory total: Physical=7.9GB (8GB approx)
[2018.11.22-13.16.57:577][  0]LogMemory: Platform Memory Stats for Windows
[2018.11.22-13.16.57:577][  0]LogMemory: Process Physical Memory: 101.15 MB used, 101.15 MB peak
[2018.11.22-13.16.57:577][  0]LogMemory: Process Virtual Memory: 86.19 MB used, 86.19 MB peak
[2018.11.22-13.16.57:577][  0]LogMemory: Physical Memory: 4033.22 MB used,  4017.98 MB free, 8051.20 MB total
[2018.11.22-13.16.57:577][  0]LogMemory: Virtual Memory: 4623.29 MB used,  4017.98 MB free, 134217728.00 MB total
[2018.11.22-13.16.57:619][  0]LogInit: Using OS detected language (ko-KR).
[2018.11.22-13.16.57:619][  0]LogInit: Using OS detected locale (ko-KR).
[2018.11.22-13.16.57:622][  0]LogTextLocalizationManager: No specific localization for 'ko-KR' exists, so the 'ko' localization will be used.
[2018.11.22-13.16.58:184][  0]LogStreaming: Display: Took  0.565s to InitEngineTextLocalization.
[2018.11.22-13.16.58:184][  0]LogInit: Setting process to per monitor DPI aware
[2018.11.22-13.16.58:254][  0]LogSlate: New Slate User Created.  User Index 0, Is Virtual User: 0
[2018.11.22-13.16.58:254][  0]LogSlate: Slate User Registered.  User Index 0, Is Virtual User: 0
[2018.11.22-13.16.58:527][  0]LogHMD: Failed to initialize OpenVR with code 110
[2018.11.22-13.16.58:527][  0]LogD3D11RHI: D3D11 adapters:
[2018.11.22-13.16.58:544][  0]LogD3D11RHI:    0. 'Intel(R) HD Graphics 620' (Feature Level 11_0)
[2018.11.22-13.16.58:544][  0]LogD3D11RHI:       128/0/4025 MB DedicatedVideo/DedicatedSystem/SharedSystem, Outputs:1, VendorId:0x8086
[2018.11.22-13.16.58:547][  0]LogD3D11RHI:    1. 'Microsoft Basic Render Driver' (Feature Level 11_0)
[2018.11.22-13.16.58:547][  0]LogD3D11RHI:       0/0/4025 MB DedicatedVideo/DedicatedSystem/SharedSystem, Outputs:0, VendorId:0x1414
[2018.11.22-13.16.58:547][  0]LogD3D11RHI: Chosen D3D11 Adapter: 0
[2018.11.22-13.16.58:554][  0]LogD3D11RHI: Creating new Direct3DDevice
[2018.11.22-13.16.58:554][  0]LogD3D11RHI:     GPU DeviceId: 0x5916 (for the marketing name, search the web for "GPU Device Id")
[2018.11.22-13.16.58:554][  0]LogWindows: EnumDisplayDevices:
[2018.11.22-13.16.58:555][  0]LogWindows:    0. 'Intel(R) HD Graphics 620' (P:1 D:1)
[2018.11.22-13.16.58:555][  0]LogWindows:    1. 'Intel(R) HD Graphics 620' (P:0 D:0)
[2018.11.22-13.16.58:555][  0]LogWindows:    2. 'Intel(R) HD Graphics 620' (P:0 D:0)
[2018.11.22-13.16.58:556][  0]LogWindows: DebugString: FoundDriverCount:3 
[2018.11.22-13.16.58:556][  0]LogD3D11RHI:     Adapter Name: Intel(R) HD Graphics 620
[2018.11.22-13.16.58:556][  0]LogD3D11RHI:   Driver Version: 23.20.16.4849 (internal:23.20.16.4849, unified:23.20.16.4849)
[2018.11.22-13.16.58:556][  0]LogD3D11RHI:      Driver Date: 10-27-2017
[2018.11.22-13.16.58:556][  0]LogRHI: Texture pool is 1498 MB (70% of 2140 MB)
[2018.11.22-13.16.58:568][  0]LogD3D11RHI: Async texture creation enabled
[2018.11.22-13.16.58:575][  0]LogD3D11RHI: GPU Timing Frequency: 12.000048 (Debug: 2 0)
[2018.11.22-13.16.58:576][  0]LogShaderCompilers: Guid format shader working directory is -17 characters bigger than the processId version (../../../../../../Users/User/Documents/Unreal Projects/Project/Intermediate/Shaders/WorkingDirectory/9776/).
[2018.11.22-13.16.58:576][  0]LogShaderCompilers: Cleaned the shader compiler working directory 'C:/Users/User/AppData/Local/Temp/UnrealShaderWorkingDir/B4327BE64E5B82BF66AF45956539264A/'.
[2018.11.22-13.16.59:188][  0]LogTemp: Display: Loaded TP AllDesktopTargetPlatform
[2018.11.22-13.16.59:226][  0]LogTemp: Display: Loaded TP MacClientTargetPlatform
[2018.11.22-13.16.59:265][  0]LogTemp: Display: Loaded TP MacNoEditorTargetPlatform
[2018.11.22-13.16.59:303][  0]LogTemp: Display: Loaded TP MacServerTargetPlatform
[2018.11.22-13.16.59:349][  0]LogTemp: Display: Loaded TP MacTargetPlatform
[2018.11.22-13.16.59:390][  0]LogTemp: Display: Loaded TP WindowsClientTargetPlatform
[2018.11.22-13.16.59:439][  0]LogTemp: Display: Loaded TP WindowsNoEditorTargetPlatform
[2018.11.22-13.16.59:475][  0]LogTemp: Display: Loaded TP WindowsServerTargetPlatform
[2018.11.22-13.16.59:491][  0]LogTemp: Display: Loaded TP WindowsTargetPlatform
[2018.11.22-13.16.59:652][  0]LogTemp: Display: Loaded TP AndroidTargetPlatform
[2018.11.22-13.16.59:652][  0]LogTemp: Display: Loaded TP AndroidTargetPlatform
[2018.11.22-13.16.59:652][  0]LogTemp: Display: Loaded TP AndroidTargetPlatform
[2018.11.22-13.16.59:652][  0]LogTemp: Display: Loaded TP AndroidTargetPlatform
[2018.11.22-13.16.59:652][  0]LogTemp: Display: Loaded TP AndroidTargetPlatform
[2018.11.22-13.16.59:652][  0]LogTemp: Display: Loaded TP AndroidTargetPlatform
[2018.11.22-13.16.59:652][  0]LogTemp: Display: Loaded TP AndroidTargetPlatform
[2018.11.22-13.16.59:652][  0]LogTemp: Display: Loaded TP AndroidTargetPlatform
[2018.11.22-13.16.59:652][  0]LogTemp: Display: Loaded TP AndroidTargetPlatform
[2018.11.22-13.16.59:652][  0]LogTemp: Display: Loaded TP AndroidTargetPlatform
[2018.11.22-13.16.59:652][  0]LogTemp: Display: Loaded TP AndroidTargetPlatform
[2018.11.22-13.16.59:652][  0]LogTemp: Display: Loaded TP AndroidTargetPlatform
[2018.11.22-13.16.59:652][  0]LogTemp: Display: Loaded TP AndroidTargetPlatform
[2018.11.22-13.16.59:652][  0]LogTemp: Display: Loaded TP AndroidTargetPlatform
[2018.11.22-13.16.59:652][  0]LogTemp: Display: Loaded TP AndroidTargetPlatform
[2018.11.22-13.16.59:652][  0]LogTemp: Display: Loaded TP AndroidTargetPlatform
[2018.11.22-13.16.59:652][  0]LogTemp: Display: Loaded TP AndroidTargetPlatform
[2018.11.22-13.16.59:652][  0]LogTemp: Display: Loaded TP AndroidTargetPlatform
[2018.11.22-13.16.59:654][  0]LogTemp: Display: Loaded TP HTML5TargetPlatform
[2018.11.22-13.16.59:747][  0]LogTemp: Display: Loaded TP IOSTargetPlatform
[2018.11.22-13.16.59:747][  0]LogTemp: Display: Loaded TP IOSTargetPlatform
[2018.11.22-13.16.59:801][  0]LogTemp: Display: Loaded TP TVOSTargetPlatform
[2018.11.22-13.16.59:801][  0]LogTemp: Display: Loaded TP TVOSTargetPlatform
[2018.11.22-13.16.59:827][  0]LogTemp: Display: Loaded TP LinuxClientTargetPlatform
[2018.11.22-13.16.59:854][  0]LogTemp: Display: Loaded TP LinuxNoEditorTargetPlatform
[2018.11.22-13.16.59:886][  0]LogTemp: Display: Loaded TP LinuxServerTargetPlatform
[2018.11.22-13.16.59:915][  0]LogTemp: Display: Loaded TP LinuxTargetPlatform
[2018.11.22-13.16.59:933][  0]LogTemp: Display: Loaded TP LuminTargetPlatform
[2018.11.22-13.16.59:933][  0]LogTargetPlatformManager: Display: Building Assets For Windows
[2018.11.22-13.17.00:106][  0]LogShaderCompilers: Display: Using XGE Shader Compiler (Interception Interface).
[2018.11.22-13.17.01:867][  0]LogDerivedDataCache: Display: Max Cache Size: 512 MB
[2018.11.22-13.17.02:005][  0]LogDerivedDataCache: Loaded boot cache 0.14s 72MB C:/Users/User/AppData/Local/UnrealEngine/4.20/DerivedDataCache/Boot.ddc.
[2018.11.22-13.17.02:006][  0]LogDerivedDataCache: Display: Loaded Boot cache: C:/Users/User/AppData/Local/UnrealEngine/4.20/DerivedDataCache/Boot.ddc
[2018.11.22-13.17.02:007][  0]LogDerivedDataCache: FDerivedDataBackendGraph:  Pak pak cache file ../../../../../../Users/User/Documents/Unreal Projects/Project/DerivedDataCache/DDC.ddp not found, will not use a pak cache.
[2018.11.22-13.17.02:007][  0]LogDerivedDataCache: Unable to find inner node Pak for hierarchical cache Hierarchy.
[2018.11.22-13.17.02:007][  0]LogDerivedDataCache: FDerivedDataBackendGraph:  CompressedPak pak cache file ../../../../../../Users/User/Documents/Unreal Projects/Project/DerivedDataCache/Compressed.ddp not found, will not use a pak cache.
[2018.11.22-13.17.02:007][  0]LogDerivedDataCache: Unable to find inner node CompressedPak for hierarchical cache Hierarchy.
[2018.11.22-13.17.02:041][  0]LogDerivedDataCache: Display: Pak cache opened for reading ../../../Engine/DerivedDataCache/Compressed.ddp.
[2018.11.22-13.17.02:054][  0]LogDerivedDataCache: Using Local data cache path C:/Users/User/AppData/Local/UnrealEngine/Common/DerivedDataCache: Writable
[2018.11.22-13.17.02:054][  0]LogDerivedDataCache: Shared data cache path not found in *engine.ini, will not use an Shared cache.
[2018.11.22-13.17.02:054][  0]LogDerivedDataCache: Unable to find inner node Shared for hierarchical cache Hierarchy.
[2018.11.22-13.17.02:095][  0]LogMaterial: Verifying Global Shaders for PCD3D_SM5
[2018.11.22-13.17.02:098][  0]LogSlate: Using FreeType 2.6.0
[2018.11.22-13.17.02:099][  0]LogSlate: SlateFontServices - WITH_FREETYPE: 1, WITH_HARFBUZZ: 1
[2018.11.22-13.17.02:248][  0]LogAssetRegistry: FAssetRegistry took 0.0336 seconds to start up
[2018.11.22-13.17.03:110][  0]LogInit: Selected Device Profile: [Windows]
[2018.11.22-13.17.03:218][  0]LogSimplygon: Simplygon DLL not present - disabling.
[2018.11.22-13.17.03:225][  0]LogMeshReduction: Using SimplygonSwarm for distributed automatic mesh merging
[2018.11.22-13.17.03:225][  0]LogMeshReduction: Using ProxyLODMeshReduction for automatic mesh merging
[2018.11.22-13.17.03:225][  0]LogMeshReduction: Using QuadricMeshReduction for automatic static mesh reduction
[2018.11.22-13.17.03:225][  0]LogMeshReduction: No automatic skeletal mesh reduction module available
[2018.11.22-13.17.03:430][  0]LogNetVersion: Project 1.0.0, NetCL: 4212847, EngineNetVer: 5, GameNetVer: 0 (Checksum: 1790082038)
[2018.11.22-13.17.04:623][  0]LogPackageLocalizationCache: Processed 13 localized package path(s) for 2 prioritized culture(s) in 0.357778 seconds
[2018.11.22-13.17.04:641][  0]LogUObjectArray: 38425 objects as part of root set at end of initial load.
[2018.11.22-13.17.04:641][  0]LogUObjectAllocator: 6690872 out of 0 bytes used by permanent object pool.
[2018.11.22-13.17.04:641][  0]LogUObjectArray: CloseDisregardForGC: 0/0 objects in disregard for GC pool
[2018.11.22-13.17.06:474][  0]LogTcpMessaging: Initializing TcpMessaging bridge
[2018.11.22-13.17.06:490][  0]LogUdpMessaging: Initializing bridge on interface 0.0.0.0:0 to multicast group 230.0.0.1:6666.
[2018.11.22-13.17.06:824][  0]SourceControl: 소스 컨트롤이 꺼졌습니다.
[2018.11.22-13.17.06:825][  0]SourceControl: 소스 컨트롤이 꺼졌습니다.
[2018.11.22-13.17.06:830][  0]SourceControl: 소스 컨트롤이 꺼졌습니다.
[2018.11.22-13.17.06:834][  0]SourceControl: 소스 컨트롤이 꺼졌습니다.
[2018.11.22-13.17.07:135][  0]LogAndroidPermission: UAndroidPermissionCallbackProxy::GetInstance
[2018.11.22-13.17.07:288][  0]LogOcInput: OculusInput pre-init called
[2018.11.22-13.17.14:293][  0]LogEngine: Initializing Engine...
[2018.11.22-13.17.14:295][  0]LogHMD: Failed to initialize OpenVR with code 110
[2018.11.22-13.17.14:297][  0]LogStats: UGameplayTagsManager::ConstructGameplayTagTree: ImportINI prefixes -  0.000 s
[2018.11.22-13.17.14:297][  0]LogStats: UGameplayTagsManager::ConstructGameplayTagTree: Construct from data asset -  0.000 s
[2018.11.22-13.17.14:297][  0]LogStats: UGameplayTagsManager::ConstructGameplayTagTree: ImportINI -  0.000 s
[2018.11.22-13.17.14:297][  0]LogStats: UGameplayTagsManager::ConstructGameplayTagTree: GameplayTagTreeChangedEvent.Broadcast -  0.000 s
[2018.11.22-13.17.14:679][  0]LogInit: Initializing FReadOnlyCVARCache
[2018.11.22-13.17.14:710][  0]LogAIModule: Creating AISystem for world Untitled
[2018.11.22-13.17.14:724][  0]LogInit: XAudio2 using '스피커(Conexant HD Audio)' : 2 channels at 48 kHz using 32 bits per sample (channel mask 0x3)
[2018.11.22-13.17.14:918][  0]LogInit: FAudioDevice initialized.
[2018.11.22-13.17.14:918][  0]LogNetVersion: Set ProjectVersion to 1.0.0.0. Version Checksum will be recalculated on next use.
[2018.11.22-13.17.15:017][  0]LogDerivedDataCache: Saved boot cache 0.10s 72MB C:/Users/User/AppData/Local/UnrealEngine/4.20/DerivedDataCache/Boot.ddc.
[2018.11.22-13.17.15:049][  0]LogInit: Texture streaming: Enabled
[2018.11.22-13.17.15:093][  0]LogEngineSessionManager: EngineSessionManager initialized
[2018.11.22-13.17.15:128][  0]LogInit: Transaction tracking system initialized
[2018.11.22-13.17.15:195][  0]BlueprintLog: New page: 에디터 로드
[2018.11.22-13.17.15:361][  0]LocalizationService: 현지화 서비스가 비활성화되었습니다.
[2018.11.22-13.17.15:704][  0]LogCook: Display: Max memory allowance for cook 16384mb min free memory 0mb
[2018.11.22-13.17.15:704][  0]LogCook: Display: Mobile HDR setting 1
[2018.11.22-13.17.15:704][  0]LogGameplayTags: Display: UGameplayTagsManager::DoneAddingNativeTags. DelegateIsBound: 0
[2018.11.22-13.17.15:704][  0]LogStats: UGameplayTagsManager::ConstructGameplayTagTree: ImportINI prefixes -  0.000 s
[2018.11.22-13.17.15:704][  0]LogStats: UGameplayTagsManager::ConstructGameplayTagTree: Construct from data asset -  0.000 s
[2018.11.22-13.17.15:704][  0]LogStats: UGameplayTagsManager::ConstructGameplayTagTree: ImportINI -  0.000 s
[2018.11.22-13.17.15:704][  0]LogStats: UGameplayTagsManager::ConstructGameplayTagTree: GameplayTagTreeChangedEvent.Broadcast -  0.000 s
[2018.11.22-13.17.16:193][  0]LogFileCache: Scanning file cache for directory 'C:/Users/User/Documents/Unreal Projects/Project/Content/' took 0.02s
[2018.11.22-13.17.17:921][  0]SourceControl: 소스 컨트롤이 꺼졌습니다.
[2018.11.22-13.17.17:921][  0]Cmd: MAP LOAD FILE="../../../../../../Users/User/Documents/Unreal Projects/Project/Content/2DSideScrollerBP/Maps/2DSideScrollerExampleMap.umap" TEMPLATE=0 SHOWPROGRESS=1 FEATURELEVEL=3
[2018.11.22-13.17.17:922][  0]LightingResults: New page: 라이팅 빌드
[2018.11.22-13.17.17:926][  0]MapCheck: New page: 맵 체크
[2018.11.22-13.17.17:926][  0]LightingResults: New page: 라이팅 빌드
[2018.11.22-13.17.19:411][  0]LogAIModule: Creating AISystem for world 2DSideScrollerExampleMap
[2018.11.22-13.17.19:426][  0]LogEditorServer: Finished looking for orphan Actors (0.000 secs)
[2018.11.22-13.17.19:455][  0]Cmd: MAP CHECKDEP NOCLEARLOG
[2018.11.22-13.17.19:553][  0]MapCheck: 맵 체크 완료: 오류 0 회, 경고 0 회, 소요 시간 98.943ms.
[2018.11.22-13.17.19:553][  0]LogFileHelpers: Loading map '2DSideScrollerExampleMap' took 1.633
[2018.11.22-13.17.19:776][  0]LogSlate: Updating window title bar state: overlay mode, drag disabled, window buttons hidden, title bar hidden
[2018.11.22-13.17.19:788][  0]LogSlate: Updating window title bar state: overlay mode, drag disabled, window buttons hidden, title bar hidden
[2018.11.22-13.17.19:797][  0]LogSlate: Updating window title bar state: overlay mode, drag disabled, window buttons hidden, title bar hidden
[2018.11.22-13.17.19:807][  0]LogSlate: Updating window title bar state: overlay mode, drag disabled, window buttons hidden, title bar hidden
[2018.11.22-13.17.19:840][  0]LogCollectionManager: Loaded 0 collections in 0.003037 seconds
[2018.11.22-13.17.19:920][  0]LogFileCache: Scanning file cache for directory 'C:/Users/User/Documents/Unreal Projects/Project/Saved/Collections/' took 0.01s
[2018.11.22-13.17.19:920][  0]LogFileCache: Scanning file cache for directory 'C:/Users/User/Documents/Unreal Projects/Project/Content/Developers/User/Collections/' took 0.01s
[2018.11.22-13.17.19:920][  0]LogFileCache: Scanning file cache for directory 'C:/Users/User/Documents/Unreal Projects/Project/Content/Collections/' took 0.01s
[2018.11.22-13.17.19:920][  0]LogCollectionManager: Rebuilt the GUID cache for 0 collections in 0.000000 seconds
[2018.11.22-13.17.19:949][  0]LogContentBrowser: Native class hierarchy populated in 0.0257 seconds. Added 2621 classes and 629 folders.
[2018.11.22-13.17.19:999][  0]LogContentBrowser: Native class hierarchy updated for 'WidgetCarousel' in 0.0008 seconds. Added 0 classes and 0 folders.
[2018.11.22-13.17.21:103][  0]LogContentBrowser: Native class hierarchy updated for 'AddContentDialog' in 0.0005 seconds. Added 0 classes and 0 folders.
[2018.11.22-13.17.21:136][  0]LogContentBrowser: Native class hierarchy updated for 'SceneOutliner' in 0.0006 seconds. Added 1 classes and 2 folders.
[2018.11.22-13.17.21:272][  0]LogSlate: Took 0.000487 seconds to synchronously load lazily loaded font '../../../Engine/Content/Slate/Fonts/Roboto-Regular.ttf' (155K)
[2018.11.22-13.17.21:285][  0]LogSlate: Took 0.009769 seconds to synchronously load lazily loaded font '../../../Engine/Content/Editor/Slate/Fonts/NanumGothic.ttf' (4243K)
[2018.11.22-13.17.21:292][  0]LogSlate: Took 0.004882 seconds to synchronously load lazily loaded font '../../../Engine/Content/Editor/Slate/Fonts/NanumGothicBold.ttf' (4188K)
[2018.11.22-13.17.21:293][  0]LogSlate: Took 0.001265 seconds to synchronously load lazily loaded font '../../../Engine/Content/Slate/Fonts/Roboto-Bold.ttf' (160K)
[2018.11.22-13.17.21:338][  0]LogSlate: Took 0.026478 seconds to synchronously load lazily loaded font '../../../Engine/Content/Editor/Slate/Fonts/FontAwesome.ttf' (139K)
[2018.11.22-13.17.21:780][  0]LogRenderer: Reallocating scene render targets to support 772x440 Format 10 NumSamples 1 (Frame:1).
[2018.11.22-13.17.22:469][  0]LogContentBrowser: Native class hierarchy updated for 'HierarchicalLODOutliner' in 0.0003 seconds. Added 0 classes and 0 folders.
[2018.11.22-13.17.22:469][  0]LogLoad: (Engine Initialization) Total time: 28.44 seconds
[2018.11.22-13.17.22:469][  0]LogLoad: (Engine Initialization) Total Blueprint compile time: 0.00 seconds
[2018.11.22-13.17.22:526][  0]LogContentStreaming: Texture pool size now 1000 MB
[2018.11.22-13.17.22:642][  0]LogSlate: Took 0.019723 seconds to synchronously load lazily loaded font '../../../Engine/Content/Slate/Fonts/Roboto-Light.ttf' (167K)
[2018.11.22-13.17.23:214][  5]LogAssetRegistry: Asset discovery search completed in 20.9887 seconds
[2018.11.22-13.17.23:224][  5]LogCollectionManager: Rebuilt the object cache for 0 collections in 0.000000 seconds (found 0 objects)
[2018.11.22-13.17.23:224][  5]LogCollectionManager: Fixed up redirectors for 0 collections in 0.000185 seconds (updated 0 objects)
[2018.11.22-13.18.52:041][270]LogSlate: FSceneViewport::OnFocusLost() reason 0
[2018.11.22-13.18.53:327][313]LogSlate: Took 0.001781 seconds to synchronously load lazily loaded font '../../../Engine/Content/Slate/Fonts/Roboto-Light.ttf' (167K)
[2018.11.22-13.18.53:343][313]LogAssetEditorManager: Opening Asset editor for Blueprint /Game/2DSideScrollerBP/Blueprints/2DSideScrollerCharacter.2DSideScrollerCharacter
[2018.11.22-13.18.54:736][313]LogContentBrowser: Native class hierarchy updated for 'BlueprintGraph' in 0.0012 seconds. Added 116 classes and 0 folders.
[2018.11.22-13.18.55:999][313]LogSlate: Took 0.008515 seconds to synchronously load lazily loaded font '../../../Engine/Content/Slate/Fonts/Roboto-BoldCondensed.ttf' (158K)
[2018.11.22-13.18.57:411][314]LogSlate: Took 0.008277 seconds to synchronously load lazily loaded font '../../../Engine/Content/Slate/Fonts/Roboto-Italic.ttf' (157K)
[2018.11.22-13.18.58:947][351]LogSlate: Window '2DSideScrollerCharacter' being destroyed
[2018.11.22-13.18.58:966][351]LogSlate: Window '2DSideScrollerCharacter' being destroyed
[2018.11.22-13.19.51:442][633]LogFactory: FactoryCreateFile: Texture with ReimportTextureFactory (0 0 C:\Users\User\Desktop\학술제\Jumping.png)
[2018.11.22-13.19.51:453][633]LogTexture: Display: 텍스처 빌드: Jumping (BGRA8, 324X237)
[2018.11.22-13.19.53:709][645]Cmd: OBJ SAVEPACKAGE PACKAGE="/Game/Sprite/Jumping" FILE="../../../../../../Users/User/Documents/Unreal Projects/Project/Content/Sprite/Jumping.uasset" SILENT=true
[2018.11.22-13.19.53:735][645]LogSavePackage: Moving '../../../../../../Users/User/Documents/Unreal Projects/Project/Saved/Jumping974792CB4BFF21454A9F2D8CD3C5BCE1.tmp' to '../../../../../../Users/User/Documents/Unreal Projects/Project/Content/Sprite/Jumping.uasset'
[2018.11.22-13.20.08:443][191]Cmd: OBJ SAVEPACKAGE PACKAGE="/Game/Sprite/character/Jumping" FILE="../../../../../../Users/User/Documents/Unreal Projects/Project/Content/Sprite/character/Jumping.uasset" SILENT=true
[2018.11.22-13.20.08:461][191]LogSavePackage: Moving '../../../../../../Users/User/Documents/Unreal Projects/Project/Saved/JumpingB01A31DD4F70301072BEADB23B6E8085.tmp' to '../../../../../../Users/User/Documents/Unreal Projects/Project/Content/Sprite/character/Jumping.uasset'
[2018.11.22-13.20.16:399][495]Cmd: OBJ SAVEPACKAGE PACKAGE="/Game/Sprite/character/Jumping_Sprite" FILE="../../../../../../Users/User/Documents/Unreal Projects/Project/Content/Sprite/character/Jumping_Sprite.uasset" SILENT=true
[2018.11.22-13.20.16:417][495]LogSavePackage: Moving '../../../../../../Users/User/Documents/Unreal Projects/Project/Saved/Jumping_SpriteF8DFBD40400293F75AC133B41C110C1F.tmp' to '../../../../../../Users/User/Documents/Unreal Projects/Project/Content/Sprite/character/Jumping_Sprite.uasset'
[2018.11.22-13.20.34:056][351]Cmd: OBJ SAVEPACKAGE PACKAGE="/Game/Sprite/character/JumpingFlip" FILE="../../../../../../Users/User/Documents/Unreal Projects/Project/Content/Sprite/character/JumpingFlip.uasset" SILENT=true
[2018.11.22-13.20.34:072][351]LogSavePackage: Moving '../../../../../../Users/User/Documents/Unreal Projects/Project/Saved/JumpingFlip125A7B1747A7D9E501DFDF818B427D64.tmp' to '../../../../../../Users/User/Documents/Unreal Projects/Project/Content/Sprite/character/JumpingFlip.uasset'
[2018.11.22-13.21.01:976][407]LogSlate: Window 'Delete Assets' being destroyed
[2018.11.22-13.21.10:226][728]LogSlate: Window 'Delete Assets' being destroyed
[2018.11.22-13.21.19:681][ 53]LogSavePackage: Moving '../../../../../../Users/User/Documents/Unreal Projects/Project/Saved/Jumping_Sprite2222701A438EF1D0BCF9CDB68687B6A9.tmp' to '../../../../../../Users/User/Documents/Unreal Projects/Project/Content/2DSideScroller/Sprites/Jumping_Sprite.uasset'
[2018.11.22-13.21.28:951][388]Cmd: OBJ SAVEPACKAGE PACKAGE="/Game/2DSideScroller/Sprites/JumpingFlip" FILE="../../../../../../Users/User/Documents/Unreal Projects/Project/Content/2DSideScroller/Sprites/JumpingFlip.uasset" SILENT=true
[2018.11.22-13.21.28:987][388]LogSavePackage: Moving '../../../../../../Users/User/Documents/Unreal Projects/Project/Saved/JumpingFlipCCADD6A749E6317CF865D592E11D2151.tmp' to '../../../../../../Users/User/Documents/Unreal Projects/Project/Content/2DSideScroller/Sprites/JumpingFlip.uasset'
[2018.11.22-13.21.32:688][529]LogAssetEditorManager: Opening Asset editor for Blueprint /Game/2DSideScrollerBP/Blueprints/2DSideScrollerCharacter.2DSideScrollerCharacter
[2018.11.22-13.22.02:343][289]BlueprintLog: New page: 2DSideScrollerCharacter 컴파일
[2018.11.22-13.22.04:050][302]LogSavePackage: Moving '../../../../../../Users/User/Documents/Unreal Projects/Project/Saved/2DSideScrollerCharacterF6532DCC4ACB7F67CD7E10BBEF33BE9E.tmp' to '../../../../../../Users/User/Documents/Unreal Projects/Project/Content/2DSideScrollerBP/Blueprints/2DSideScrollerCharacter.uasset'
[2018.11.22-13.22.04:542][316]LogSlate: Window '2DSideScrollerCharacter' being destroyed
[2018.11.22-13.22.04:558][316]LogSlate: Window '2DSideScrollerCharacter' being destroyed
[2018.11.22-13.22.08:014][452]LogTemp: Repeating last play command: 선택된 뷰포트
[2018.11.22-13.22.08:058][452]LogBlueprintUserMessages: Early PlayInEditor Detection: Level '/Game/2DSideScrollerBP/Maps/2DSideScrollerExampleMap.2DSideScrollerExampleMap:PersistentLevel' has LevelScriptBlueprint '/Game/2DSideScrollerBP/Maps/2DSideScrollerExampleMap.2DSideScrollerExampleMap:PersistentLevel.2DSideScrollerExampleMap' with GeneratedClass '/Game/2DSideScrollerBP/Maps/2DSideScrollerExampleMap.2DSideScrollerExampleMap_C' with ClassGeneratedBy '/Game/2DSideScrollerBP/Maps/2DSideScrollerExampleMap.2DSideScrollerExampleMap:PersistentLevel.2DSideScrollerExampleMap'
[2018.11.22-13.22.08:058][452]LogPlayLevel: PlayLevel: No blueprints needed recompiling
[2018.11.22-13.22.08:073][452]PIE: New page: PIE 세션: 2DSideScrollerExampleMap (2018. 11. 23. 오전 7:22:08)
[2018.11.22-13.22.08:073][452]LogPlayLevel: Creating play world package: /Game/2DSideScrollerBP/Maps/UEDPIE_0_2DSideScrollerExampleMap
[2018.11.22-13.22.08:077][452]LogPlayLevel: PIE: StaticDuplicateObject took: (0.004121s)
[2018.11.22-13.22.08:078][452]LogAIModule: Creating AISystem for world 2DSideScrollerExampleMap
[2018.11.22-13.22.08:078][452]LogPlayLevel: PIE: World Init took: (0.001042s)
[2018.11.22-13.22.08:078][452]LogPlayLevel: PIE: Created PIE world by copying editor world from /Game/2DSideScrollerBP/Maps/2DSideScrollerExampleMap.2DSideScrollerExampleMap to /Game/2DSideScrollerBP/Maps/UEDPIE_0_2DSideScrollerExampleMap.2DSideScrollerExampleMap (0.005376s)
[2018.11.22-13.22.08:119][452]LogInit: XAudio2 using '스피커(Conexant HD Audio)' : 2 channels at 48 kHz using 32 bits per sample (channel mask 0x3)
[2018.11.22-13.22.08:154][452]LogInit: FAudioDevice initialized.
[2018.11.22-13.22.08:197][452]LogLoad: Game class is '2DSideScrollerGameMode_C'
[2018.11.22-13.22.08:199][452]LogWorld: Bringing World /Game/2DSideScrollerBP/Maps/UEDPIE_0_2DSideScrollerExampleMap.2DSideScrollerExampleMap up for play (max tick rate 60) at 2018.11.22-22.22.08
[2018.11.22-13.22.08:199][452]LogWorld: Bringing up level for play took: 0.001292
[2018.11.22-13.22.08:234][452]LogContentBrowser: Native class hierarchy updated for 'MovieSceneCapture' in 0.0007 seconds. Added 10 classes and 0 folders.
[2018.11.22-13.22.08:254][452]LogBlueprintUserMessages: [2DSideScrollerCharacter_254] Load Game from Slot
[2018.11.22-13.22.08:255][452]PIE: /Game/2DSideScrollerBP/Maps/UEDPIE_0_2DSideScrollerExampleMap 에 대한 에디터에서 플레이 시작 시간: 1.164
[2018.11.22-13.22.08:256][452]LogBlueprintUserMessages: Late PlayInEditor Detection: Level '/Game/2DSideScrollerBP/Maps/2DSideScrollerExampleMap.2DSideScrollerExampleMap:PersistentLevel' has LevelScriptBlueprint '/Game/2DSideScrollerBP/Maps/2DSideScrollerExampleMap.2DSideScrollerExampleMap:PersistentLevel.2DSideScrollerExampleMap' with GeneratedClass '/Game/2DSideScrollerBP/Maps/2DSideScrollerExampleMap.2DSideScrollerExampleMap_C' with ClassGeneratedBy '/Game/2DSideScrollerBP/Maps/2DSideScrollerExampleMap.2DSideScrollerExampleMap:PersistentLevel.2DSideScrollerExampleMap'
[2018.11.22-13.22.14:428][750]LogSlate: Updating window title bar state: overlay mode, drag disabled, window buttons hidden, title bar hidden
[2018.11.22-13.22.17:034][881]LogAssetEditorManager: Opening Asset editor for Blueprint /Game/2DSideScrollerBP/Blueprints/2DSideScrollerCharacter.2DSideScrollerCharacter
[2018.11.22-13.22.19:335][910]LogBlueprintUserMessages: Early EndPlayMap Detection: Level '/Game/2DSideScrollerBP/Maps/2DSideScrollerExampleMap.2DSideScrollerExampleMap:PersistentLevel' has LevelScriptBlueprint '/Game/2DSideScrollerBP/Maps/2DSideScrollerExampleMap.2DSideScrollerExampleMap:PersistentLevel.2DSideScrollerExampleMap' with GeneratedClass '/Game/2DSideScrollerBP/Maps/2DSideScrollerExampleMap.2DSideScrollerExampleMap_C' with ClassGeneratedBy '/Game/2DSideScrollerBP/Maps/2DSideScrollerExampleMap.2DSideScrollerExampleMap:PersistentLevel.2DSideScrollerExampleMap'
[2018.11.22-13.22.19:339][910]LogSlate: Updating window title bar state: overlay mode, drag disabled, window buttons hidden, title bar hidden
[2018.11.22-13.22.19:415][910]LogPlayLevel: Display: Shutting down PIE online subsystems
[2018.11.22-13.22.19:416][910]LogBlueprintUserMessages: Late EndPlayMap Detection: Level '/Game/2DSideScrollerBP/Maps/2DSideScrollerExampleMap.2DSideScrollerExampleMap:PersistentLevel' has LevelScriptBlueprint '/Game/2DSideScrollerBP/Maps/2DSideScrollerExampleMap.2DSideScrollerExampleMap:PersistentLevel.2DSideScrollerExampleMap' with GeneratedClass '/Game/2DSideScrollerBP/Maps/2DSideScrollerExampleMap.2DSideScrollerExampleMap_C' with ClassGeneratedBy '/Game/2DSideScrollerBP/Maps/2DSideScrollerExampleMap.2DSideScrollerExampleMap:PersistentLevel.2DSideScrollerExampleMap'
[2018.11.22-13.22.19:496][910]LogSlate: Updating window title bar state: overlay mode, drag disabled, window buttons hidden, title bar hidden
[2018.11.22-13.22.20:368][911]LogPlayLevel: Display: Destroying online subsystem :Context_3
[2018.11.22-13.23.18:462][507]BlueprintLog: New page: 2DSideScrollerCharacter 컴파일
[2018.11.22-13.23.20:030][519]LogSavePackage: Moving '../../../../../../Users/User/Documents/Unreal Projects/Project/Saved/2DSideScrollerCharacterF8A4A87E45F274CDEA6031A2150D9C85.tmp' to '../../../../../../Users/User/Documents/Unreal Projects/Project/Content/2DSideScrollerBP/Blueprints/2DSideScrollerCharacter.uasset'
[2018.11.22-13.23.21:503][558]LogSlate: Window '2DSideScrollerCharacter' being destroyed
[2018.11.22-13.23.21:517][558]LogSlate: Window '2DSideScrollerCharacter' being destroyed
[2018.11.22-13.23.23:025][606]LogAssetEditorManager: Opening Asset editor for Blueprint /Game/2DSideScrollerBP/Blueprints/2DSideScrollerCharacter.2DSideScrollerCharacter
[2018.11.22-13.23.29:925][775]BlueprintLog: New page: 2DSideScrollerCharacter 컴파일
[2018.11.22-13.23.33:464][836]LogSavePackage: Moving '../../../../../../Users/User/Documents/Unreal Projects/Project/Saved/2DSideScrollerCharacter6375373A4797A0394E70BB969710B266.tmp' to '../../../../../../Users/User/Documents/Unreal Projects/Project/Content/2DSideScrollerBP/Blueprints/2DSideScrollerCharacter.uasset'
[2018.11.22-13.23.34:050][852]LogSlate: Window '2DSideScrollerCharacter' being destroyed
[2018.11.22-13.23.34:066][852]LogSlate: Window '2DSideScrollerCharacter' being destroyed
[2018.11.22-13.23.36:210][942]LogTemp: Repeating last play command: 선택된 뷰포트
[2018.11.22-13.23.36:262][942]LogBlueprintUserMessages: Early PlayInEditor Detection: Level '/Game/2DSideScrollerBP/Maps/2DSideScrollerExampleMap.2DSideScrollerExampleMap:PersistentLevel' has LevelScriptBlueprint '/Game/2DSideScrollerBP/Maps/2DSideScrollerExampleMap.2DSideScrollerExampleMap:PersistentLevel.2DSideScrollerExampleMap' with GeneratedClass '/Game/2DSideScrollerBP/Maps/2DSideScrollerExampleMap.2DSideScrollerExampleMap_C' with ClassGeneratedBy '/Game/2DSideScrollerBP/Maps/2DSideScrollerExampleMap.2DSideScrollerExampleMap:PersistentLevel.2DSideScrollerExampleMap'
[2018.11.22-13.23.36:262][942]LogPlayLevel: PlayLevel: No blueprints needed recompiling
[2018.11.22-13.23.36:262][942]PIE: New page: PIE 세션: 2DSideScrollerExampleMap (2018. 11. 23. 오전 7:23:36)
[2018.11.22-13.23.36:263][942]LogPlayLevel: Creating play world package: /Game/2DSideScrollerBP/Maps/UEDPIE_0_2DSideScrollerExampleMap
[2018.11.22-13.23.36:268][942]LogPlayLevel: PIE: StaticDuplicateObject took: (0.006368s)
[2018.11.22-13.23.36:270][942]LogAIModule: Creating AISystem for world 2DSideScrollerExampleMap
[2018.11.22-13.23.36:271][942]LogPlayLevel: PIE: World Init took: (0.001906s)
[2018.11.22-13.23.36:271][942]LogPlayLevel: PIE: Created PIE world by copying editor world from /Game/2DSideScrollerBP/Maps/2DSideScrollerExampleMap.2DSideScrollerExampleMap to /Game/2DSideScrollerBP/Maps/UEDPIE_0_2DSideScrollerExampleMap.2DSideScrollerExampleMap (0.008678s)
[2018.11.22-13.23.36:341][942]LogInit: XAudio2 using '스피커(Conexant HD Audio)' : 2 channels at 48 kHz using 32 bits per sample (channel mask 0x3)
[2018.11.22-13.23.36:379][942]LogInit: FAudioDevice initialized.
[2018.11.22-13.23.36:414][942]LogLoad: Game class is '2DSideScrollerGameMode_C'
[2018.11.22-13.23.36:416][942]LogWorld: Bringing World /Game/2DSideScrollerBP/Maps/UEDPIE_0_2DSideScrollerExampleMap.2DSideScrollerExampleMap up for play (max tick rate 60) at 2018.11.22-22.23.36
[2018.11.22-13.23.36:417][942]LogWorld: Bringing up level for play took: 0.001676
[2018.11.22-13.23.36:431][942]LogBlueprintUserMessages: [2DSideScrollerCharacter_254] Load Game from Slot
[2018.11.22-13.23.36:431][942]PIE: /Game/2DSideScrollerBP/Maps/UEDPIE_0_2DSideScrollerExampleMap 에 대한 에디터에서 플레이 시작 시간: -0.659
[2018.11.22-13.23.36:431][942]LogBlueprintUserMessages: Late PlayInEditor Detection: Level '/Game/2DSideScrollerBP/Maps/2DSideScrollerExampleMap.2DSideScrollerExampleMap:PersistentLevel' has LevelScriptBlueprint '/Game/2DSideScrollerBP/Maps/2DSideScrollerExampleMap.2DSideScrollerExampleMap:PersistentLevel.2DSideScrollerExampleMap' with GeneratedClass '/Game/2DSideScrollerBP/Maps/2DSideScrollerExampleMap.2DSideScrollerExampleMap_C' with ClassGeneratedBy '/Game/2DSideScrollerBP/Maps/2DSideScrollerExampleMap.2DSideScrollerExampleMap:PersistentLevel.2DSideScrollerExampleMap'
[2018.11.22-13.23.43:271][275]LogSlate: Updating window title bar state: overlay mode, drag disabled, window buttons hidden, title bar hidden
[2018.11.22-13.23.49:981][607]LogAssetEditorManager: Opening Asset editor for Blueprint /Game/2DSideScrollerBP/Blueprints/2DSideScrollerCharacter.2DSideScrollerCharacter
[2018.11.22-13.24.43:228][ 88]LogBlueprintUserMessages: Early EndPlayMap Detection: Level '/Game/2DSideScrollerBP/Maps/2DSideScrollerExampleMap.2DSideScrollerExampleMap:PersistentLevel' has LevelScriptBlueprint '/Game/2DSideScrollerBP/Maps/2DSideScrollerExampleMap.2DSideScrollerExampleMap:PersistentLevel.2DSideScrollerExampleMap' with GeneratedClass '/Game/2DSideScrollerBP/Maps/2DSideScrollerExampleMap.2DSideScrollerExampleMap_C' with ClassGeneratedBy '/Game/2DSideScrollerBP/Maps/2DSideScrollerExampleMap.2DSideScrollerExampleMap:PersistentLevel.2DSideScrollerExampleMap'
[2018.11.22-13.24.43:230][ 88]LogSlate: Updating window title bar state: overlay mode, drag disabled, window buttons hidden, title bar hidden
[2018.11.22-13.24.43:327][ 88]LogPlayLevel: Display: Shutting down PIE online subsystems
[2018.11.22-13.24.43:327][ 88]LogBlueprintUserMessages: Late EndPlayMap Detection: Level '/Game/2DSideScrollerBP/Maps/2DSideScrollerExampleMap.2DSideScrollerExampleMap:PersistentLevel' has LevelScriptBlueprint '/Game/2DSideScrollerBP/Maps/2DSideScrollerExampleMap.2DSideScrollerExampleMap:PersistentLevel.2DSideScrollerExampleMap' with GeneratedClass '/Game/2DSideScrollerBP/Maps/2DSideScrollerExampleMap.2DSideScrollerExampleMap_C' with ClassGeneratedBy '/Game/2DSideScrollerBP/Maps/2DSideScrollerExampleMap.2DSideScrollerExampleMap:PersistentLevel.2DSideScrollerExampleMap'
[2018.11.22-13.24.43:464][ 88]LogSlate: Updating window title bar state: overlay mode, drag disabled, window buttons hidden, title bar hidden
[2018.11.22-13.24.45:173][ 89]LogPlayLevel: Display: Destroying online subsystem :Context_6
[2018.11.22-13.25.14:293][789]BlueprintLog: New page: 2DSideScrollerCharacter 컴파일
[2018.11.22-13.26.40:661][360]BlueprintLog: New page: 2DSideScrollerCharacter 컴파일
[2018.11.22-13.26.42:169][374]LogSavePackage: Moving '../../../../../../Users/User/Documents/Unreal Projects/Project/Saved/2DSideScrollerCharacterBC5545604BCC60A0747D3FA5B7A956B8.tmp' to '../../../../../../Users/User/Documents/Unreal Projects/Project/Content/2DSideScrollerBP/Blueprints/2DSideScrollerCharacter.uasset'
[2018.11.22-13.26.43:866][421]LogSlate: Window '2DSideScrollerCharacter' being destroyed
[2018.11.22-13.26.43:883][421]LogSlate: Window '2DSideScrollerCharacter' being destroyed
[2018.11.22-13.26.46:652][536]LogTemp: Repeating last play command: 선택된 뷰포트
[2018.11.22-13.26.46:700][536]LogBlueprintUserMessages: Early PlayInEditor Detection: Level '/Game/2DSideScrollerBP/Maps/2DSideScrollerExampleMap.2DSideScrollerExampleMap:PersistentLevel' has LevelScriptBlueprint '/Game/2DSideScrollerBP/Maps/2DSideScrollerExampleMap.2DSideScrollerExampleMap:PersistentLevel.2DSideScrollerExampleMap' with GeneratedClass '/Game/2DSideScrollerBP/Maps/2DSideScrollerExampleMap.2DSideScrollerExampleMap_C' with ClassGeneratedBy '/Game/2DSideScrollerBP/Maps/2DSideScrollerExampleMap.2DSideScrollerExampleMap:PersistentLevel.2DSideScrollerExampleMap'
[2018.11.22-13.26.46:700][536]LogPlayLevel: PlayLevel: No blueprints needed recompiling
[2018.11.22-13.26.46:701][536]PIE: New page: PIE 세션: 2DSideScrollerExampleMap (2018. 11. 23. 오전 7:26:46)
[2018.11.22-13.26.46:701][536]LogPlayLevel: Creating play world package: /Game/2DSideScrollerBP/Maps/UEDPIE_0_2DSideScrollerExampleMap
[2018.11.22-13.26.46:705][536]LogPlayLevel: PIE: StaticDuplicateObject took: (0.004490s)
[2018.11.22-13.26.46:706][536]LogAIModule: Creating AISystem for world 2DSideScrollerExampleMap
[2018.11.22-13.26.46:706][536]LogPlayLevel: PIE: World Init took: (0.001071s)
[2018.11.22-13.26.46:706][536]LogPlayLevel: PIE: Created PIE world by copying editor world from /Game/2DSideScrollerBP/Maps/2DSideScrollerExampleMap.2DSideScrollerExampleMap to /Game/2DSideScrollerBP/Maps/UEDPIE_0_2DSideScrollerExampleMap.2DSideScrollerExampleMap (0.005770s)
[2018.11.22-13.26.46:748][536]LogInit: XAudio2 using '스피커(Conexant HD Audio)' : 2 channels at 48 kHz using 32 bits per sample (channel mask 0x3)
[2018.11.22-13.26.46:790][536]LogInit: FAudioDevice initialized.
[2018.11.22-13.26.46:822][536]LogLoad: Game class is '2DSideScrollerGameMode_C'
[2018.11.22-13.26.46:824][536]LogWorld: Bringing World /Game/2DSideScrollerBP/Maps/UEDPIE_0_2DSideScrollerExampleMap.2DSideScrollerExampleMap up for play (max tick rate 60) at 2018.11.22-22.26.46
[2018.11.22-13.26.46:825][536]LogWorld: Bringing up level for play took: 0.001572
[2018.11.22-13.26.46:838][536]LogBlueprintUserMessages: [2DSideScrollerCharacter_254] Load Game from Slot
[2018.11.22-13.26.46:839][536]PIE: /Game/2DSideScrollerBP/Maps/UEDPIE_0_2DSideScrollerExampleMap 에 대한 에디터에서 플레이 시작 시간: -0.252
[2018.11.22-13.26.46:839][536]LogBlueprintUserMessages: Late PlayInEditor Detection: Level '/Game/2DSideScrollerBP/Maps/2DSideScrollerExampleMap.2DSideScrollerExampleMap:PersistentLevel' has LevelScriptBlueprint '/Game/2DSideScrollerBP/Maps/2DSideScrollerExampleMap.2DSideScrollerExampleMap:PersistentLevel.2DSideScrollerExampleMap' with GeneratedClass '/Game/2DSideScrollerBP/Maps/2DSideScrollerExampleMap.2DSideScrollerExampleMap_C' with ClassGeneratedBy '/Game/2DSideScrollerBP/Maps/2DSideScrollerExampleMap.2DSideScrollerExampleMap:PersistentLevel.2DSideScrollerExampleMap'
[2018.11.22-13.26.52:722][827]LogSlate: Updating window title bar state: overlay mode, drag disabled, window buttons hidden, title bar hidden
[2018.11.22-13.27.15:325][111]LogSlate: FSceneViewport::OnFocusLost() reason 0
[2018.11.22-13.27.15:528][121]LogSlate: Updating window title bar state: overlay mode, drag disabled, window buttons hidden, title bar hidden
[2018.11.22-13.27.15:528][121]LogBlueprintUserMessages: Early EndPlayMap Detection: Level '/Game/2DSideScrollerBP/Maps/2DSideScrollerExampleMap.2DSideScrollerExampleMap:PersistentLevel' has LevelScriptBlueprint '/Game/2DSideScrollerBP/Maps/2DSideScrollerExampleMap.2DSideScrollerExampleMap:PersistentLevel.2DSideScrollerExampleMap' with GeneratedClass '/Game/2DSideScrollerBP/Maps/2DSideScrollerExampleMap.2DSideScrollerExampleMap_C' with ClassGeneratedBy '/Game/2DSideScrollerBP/Maps/2DSideScrollerExampleMap.2DSideScrollerExampleMap:PersistentLevel.2DSideScrollerExampleMap'
[2018.11.22-13.27.15:569][121]LogPlayLevel: Display: Shutting down PIE online subsystems
[2018.11.22-13.27.15:569][121]LogBlueprintUserMessages: Late EndPlayMap Detection: Level '/Game/2DSideScrollerBP/Maps/2DSideScrollerExampleMap.2DSideScrollerExampleMap:PersistentLevel' has LevelScriptBlueprint '/Game/2DSideScrollerBP/Maps/2DSideScrollerExampleMap.2DSideScrollerExampleMap:PersistentLevel.2DSideScrollerExampleMap' with GeneratedClass '/Game/2DSideScrollerBP/Maps/2DSideScrollerExampleMap.2DSideScrollerExampleMap_C' with ClassGeneratedBy '/Game/2DSideScrollerBP/Maps/2DSideScrollerExampleMap.2DSideScrollerExampleMap:PersistentLevel.2DSideScrollerExampleMap'
[2018.11.22-13.27.15:665][121]LogSlate: Updating window title bar state: overlay mode, drag disabled, window buttons hidden, title bar hidden
[2018.11.22-13.27.15:725][122]LogPlayLevel: Display: Destroying online subsystem :Context_8
[2018.11.22-13.27.50:412][333]LogSlate: Window '콘텐츠 저장' being destroyed
[2018.11.22-13.27.51:187][333]LogSavePackage: Moving '../../../../../../Users/User/Documents/Unreal Projects/Project/Saved/2DSideScrollerExampleMap48673523400F48479110DCB0EE2BF6BF.tmp' to '../../../../../../Users/User/Documents/Unreal Projects/Project/Content/2DSideScrollerBP/Maps/2DSideScrollerExampleMap.umap'
[2018.11.22-13.27.51:258][333]LogFileHelpers: Saving map '2DSideScrollerExampleMap' took 0.822
[2018.11.22-13.27.53:740][418]LogSlate: Window 'Project - 언리얼 에디터' being destroyed
[2018.11.22-13.27.54:124][419]Cmd: QUIT_EDITOR
[2018.11.22-13.27.54:601][419]LogWindowsTextInputMethodSystem: Display: IME system now activated using TSF (Microsoft 입력기).
[2018.11.22-13.27.54:699][419]LogExit: Preparing to exit.
[2018.11.22-13.27.55:937][419]LogExit: Editor shut down
[2018.11.22-13.27.55:939][419]LogExit: Transaction tracking system shut down
[2018.11.22-13.27.56:717][419]LogExit: Object subsystem successfully closed.
[2018.11.22-13.27.56:743][419]LogShaderCompilers: Display: Shaders left to compile 0
[2018.11.22-13.27.56:748][419]LogD3D11RHI: Shutdown
[2018.11.22-13.27.56:748][419]LogD3D11RHI: CleanupD3DDevice
[2018.11.22-13.27.56:758][419]LogD3D11RHI: ~FD3D11DynamicRHI
[2018.11.22-13.27.56:798][419]LogModuleManager: Shutting down and abandoning module MovieSceneCapture (634)
[2018.11.22-13.27.56:798][419]LogModuleManager: Shutting down and abandoning module Voice (632)
[2018.11.22-13.27.56:798][419]LogModuleManager: Shutting down and abandoning module BlueprintGraph (630)
[2018.11.22-13.27.56:798][419]LogModuleManager: Shutting down and abandoning module HierarchicalLODOutliner (628)
[2018.11.22-13.27.56:798][419]LogModuleManager: Shutting down and abandoning module SceneOutliner (626)
[2018.11.22-13.27.56:798][419]LogModuleManager: Shutting down and abandoning module AddContentDialog (624)
[2018.11.22-13.27.56:799][419]LogModuleManager: Shutting down and abandoning module WidgetCarousel (623)
[2018.11.22-13.27.56:799][419]LogModuleManager: Shutting down and abandoning module EditorWidgets (620)
[2018.11.22-13.27.56:799][419]LogModuleManager: Shutting down and abandoning module CollectionManager (618)
[2018.11.22-13.27.56:799][419]LogModuleManager: Shutting down and abandoning module StatsViewer (616)
[2018.11.22-13.27.56:799][419]LogModuleManager: Shutting down and abandoning module FoliageEdit (614)
[2018.11.22-13.27.56:799][419]LogModuleManager: Shutting down and abandoning module LandscapeEditor (612)
[2018.11.22-13.27.56:799][419]LogModuleManager: Shutting down and abandoning module MeshPaintMode (610)
[2018.11.22-13.27.56:799][419]LogModuleManager: Shutting down and abandoning module SceneDepthPickerMode (608)
[2018.11.22-13.27.56:799][419]LogModuleManager: Shutting down and abandoning module ActorPickerMode (606)
[2018.11.22-13.27.56:799][419]LogModuleManager: Shutting down and abandoning module GeometryMode (604)
[2018.11.22-13.27.56:799][419]LogModuleManager: Shutting down and abandoning module TextureAlignMode (602)
[2018.11.22-13.27.56:799][419]LogModuleManager: Shutting down and abandoning module BspMode (600)
[2018.11.22-13.27.56:799][419]LogModuleManager: Shutting down and abandoning module PIEPreviewDeviceProfileSelector (598)
[2018.11.22-13.27.56:799][419]LogModuleManager: Shutting down and abandoning module SequenceRecorderSections (596)
[2018.11.22-13.27.56:799][419]LogModuleManager: Shutting down and abandoning module AutomationWorker (594)
[2018.11.22-13.27.56:800][419]LogModuleManager: Shutting down and abandoning module DatasmithFBXImporter (592)
[2018.11.22-13.27.56:800][419]LogModuleManager: Shutting down and abandoning module DatasmithDeltaGenImporter (590)
[2018.11.22-13.27.56:800][419]LogModuleManager: Shutting down and abandoning module DatasmithVREDImporter (588)
[2018.11.22-13.27.56:800][419]LogModuleManager: Shutting down and abandoning module AudioCaptureEditor (586)
[2018.11.22-13.27.56:800][419]LogModuleManager: Shutting down and abandoning module SequenceRecorder (585)
[2018.11.22-13.27.56:800][419]LogModuleManager: Shutting down and abandoning module MatineeToLevelSequence (582)
[2018.11.22-13.27.56:800][419]LogModuleManager: Shutting down and abandoning module LevelSequenceEditor (580)
[2018.11.22-13.27.56:800][419]LogModuleManager: Shutting down and abandoning module PlacementMode (579)
[2018.11.22-13.27.56:800][419]LogModuleManager: Shutting down and abandoning module MaterialEditor (578)
[2018.11.22-13.27.56:801][419]LogModuleManager: Shutting down and abandoning module WmfMediaFactory (574)
[2018.11.22-13.27.56:801][419]LogModuleManager: Shutting down and abandoning module WmfMediaEditor (572)
[2018.11.22-13.27.56:801][419]LogModuleManager: Shutting down and abandoning module MediaPlayerEditor (570)
[2018.11.22-13.27.56:801][419]LogModuleManager: Shutting down and abandoning module OpenExrWrapper (568)
[2018.11.22-13.27.56:801][419]LogModuleManager: Shutting down and abandoning module ImgMediaFactory (566)
[2018.11.22-13.27.56:801][419]LogModuleManager: Shutting down and abandoning module ImgMediaEditor (564)
[2018.11.22-13.27.56:801][419]LogModuleManager: Shutting down and abandoning module AvfMediaFactory (562)
[2018.11.22-13.27.56:801][419]LogModuleManager: Shutting down and abandoning module AvfMediaEditor (560)
[2018.11.22-13.27.56:801][419]LogModuleManager: Shutting down and abandoning module AndroidMediaFactory (558)
[2018.11.22-13.27.56:801][419]LogModuleManager: Shutting down and abandoning module AndroidMediaEditor (556)
[2018.11.22-13.27.56:801][419]LogModuleManager: Shutting down and abandoning module MagicLeapCameraPreviewFactory (554)
[2018.11.22-13.27.56:801][419]LogModuleManager: Shutting down and abandoning module MagicLeapMediaFactory (552)
[2018.11.22-13.27.56:801][419]LogModuleManager: Shutting down and abandoning module MagicLeapMediaEditor (550)
[2018.11.22-13.27.56:801][419]LogModuleManager: Shutting down and abandoning module CharacterAI (548)
[2018.11.22-13.27.56:801][419]LogModuleManager: Shutting down and abandoning module SmartSnapping (546)
[2018.11.22-13.27.56:801][419]LogModuleManager: Shutting down and abandoning module SessionServices (544)
[2018.11.22-13.27.56:801][419]LogModuleManager: Shutting down and abandoning module ViewportSnapping (542)
[2018.11.22-13.27.56:801][419]LogModuleManager: Shutting down and abandoning module ViewportInteraction (540)
[2018.11.22-13.27.56:801][419]LogModuleManager: Shutting down and abandoning module ClothPainter (538)
[2018.11.22-13.27.56:801][419]LogModuleManager: Shutting down and abandoning module SkeletalMeshEditor (537)
[2018.11.22-13.27.56:801][419]LogModuleManager: Shutting down and abandoning module LogVisualizer (534)
[2018.11.22-13.27.56:801][419]LogModuleManager: Shutting down and abandoning module IntroTutorials (532)
[2018.11.22-13.27.56:801][419]LogModuleManager: Shutting down and abandoning module GameProjectGeneration (531)
[2018.11.22-13.27.56:801][419]LogModuleManager: Shutting down and abandoning module LuminPlatformEditor (528)
[2018.11.22-13.27.56:801][419]LogModuleManager: Shutting down and abandoning module IOSPlatformEditor (526)
[2018.11.22-13.27.56:801][419]LogModuleManager: Shutting down and abandoning module HTML5PlatformEditor (524)
[2018.11.22-13.27.56:801][419]LogModuleManager: Shutting down and abandoning module AndroidPlatformEditor (522)
[2018.11.22-13.27.56:801][419]LogModuleManager: Shutting down and abandoning module AndroidDeviceDetection (521)
[2018.11.22-13.27.57:815][419]LogModuleManager: Shutting down and abandoning module WindowsPlatformEditor (518)
[2018.11.22-13.27.57:815][419]LogModuleManager: Shutting down and abandoning module LuminRuntimeSettings (516)
[2018.11.22-13.27.57:816][419]LogModuleManager: Shutting down and abandoning module IOSRuntimeSettings (514)
[2018.11.22-13.27.57:816][419]LogModuleManager: Shutting down and abandoning module AndroidRuntimeSettings (512)
[2018.11.22-13.27.57:816][419]LogModuleManager: Shutting down and abandoning module InputBindingEditor (510)
[2018.11.22-13.27.57:816][419]LogModuleManager: Shutting down and abandoning module MergeActors (508)
[2018.11.22-13.27.57:816][419]LogModuleManager: Shutting down and abandoning module LocalizationDashboard (506)
[2018.11.22-13.27.57:817][419]LogModuleManager: Shutting down and abandoning module LocalizationService (505)
[2018.11.22-13.27.57:817][419]LogModuleManager: Shutting down and abandoning module HardwareTargeting (502)
[2018.11.22-13.27.57:817][419]LogModuleManager: Shutting down and abandoning module DeviceProfileEditor (500)
[2018.11.22-13.27.57:817][419]LogModuleManager: Shutting down and abandoning module UndoHistory (498)
[2018.11.22-13.27.57:818][419]LogModuleManager: Shutting down and abandoning module XmlParser (496)
[2018.11.22-13.27.57:818][419]LogModuleManager: Shutting down and abandoning module Blutility (494)
[2018.11.22-13.27.57:818][419]LogModuleManager: Shutting down and abandoning module ProjectSettingsViewer (492)
[2018.11.22-13.27.57:818][419]LogModuleManager: Shutting down and abandoning module ProjectTargetPlatformEditor (491)
[2018.11.22-13.27.57:819][419]LogModuleManager: Shutting down and abandoning module EditorSettingsViewer (488)
[2018.11.22-13.27.57:819][419]LogModuleManager: Shutting down and abandoning module SettingsEditor (486)
[2018.11.22-13.27.57:819][419]LogModuleManager: Shutting down and abandoning module ProjectLauncher (484)
[2018.11.22-13.27.57:819][419]LogModuleManager: Shutting down and abandoning module SessionFrontend (482)
[2018.11.22-13.27.57:819][419]LogModuleManager: Shutting down and abandoning module ProfilerClient (480)
[2018.11.22-13.27.57:820][419]LogModuleManager: Shutting down and abandoning module DeviceManager (478)
[2018.11.22-13.27.57:820][419]LogModuleManager: Shutting down and abandoning module TargetDeviceServices (477)
[2018.11.22-13.27.57:875][419]LogModuleManager: Shutting down and abandoning module AutomationController (474)
[2018.11.22-13.27.57:875][419]LogModuleManager: Shutting down and abandoning module AutomationWindow (472)
[2018.11.22-13.27.57:875][419]LogModuleManager: Shutting down and abandoning module Layers (470)
[2018.11.22-13.27.57:875][419]LogModuleManager: Shutting down and abandoning module ComponentVisualizers (468)
[2018.11.22-13.27.57:876][419]LogModuleManager: Shutting down and abandoning module DetailCustomizations (466)
[2018.11.22-13.27.57:876][419]LogModuleManager: Shutting down and abandoning module PackagesDialog (464)
[2018.11.22-13.27.57:877][419]LogModuleManager: Shutting down and abandoning module Persona (462)
[2018.11.22-13.27.57:877][419]LogModuleManager: Shutting down and abandoning module AnimGraph (461)
[2018.11.22-13.27.57:877][419]LogModuleManager: Shutting down and abandoning module Kismet (458)
[2018.11.22-13.27.57:901][419]LogModuleManager: Shutting down and abandoning module GraphEditor (456)
[2018.11.22-13.27.57:902][419]LogModuleManager: Shutting down and abandoning module ClassViewer (454)
[2018.11.22-13.27.57:902][419]LogModuleManager: Shutting down and abandoning module Toolbox (452)
[2018.11.22-13.27.57:902][419]LogModuleManager: Shutting down and abandoning module ModuleUI (450)
[2018.11.22-13.27.57:902][419]LogModuleManager: Shutting down and abandoning module MovieSceneTools (448)
[2018.11.22-13.27.57:902][419]LogModuleManager: Shutting down and abandoning module OutputLog (446)
[2018.11.22-13.27.57:903][419]LogModuleManager: Shutting down and abandoning module GammaUI (444)
[2018.11.22-13.27.57:903][419]LogModuleManager: Shutting down and abandoning module Documentation (442)
[2018.11.22-13.27.57:903][419]LogModuleManager: Shutting down and abandoning module MovieSceneTracks (440)
[2018.11.22-13.27.57:903][419]LogModuleManager: Shutting down and abandoning module MovieScene (438)
[2018.11.22-13.27.57:903][419]LogModuleManager: Shutting down and abandoning module StreamingPauseRendering (436)
[2018.11.22-13.27.57:904][419]LogModuleManager: Shutting down and abandoning module LauncherPlatform (434)
[2018.11.22-13.27.57:904][419]LogModuleManager: Shutting down and abandoning module AnalyticsET (432)
[2018.11.22-13.27.57:904][419]LogModuleManager: Shutting down and abandoning module PortalServices (430)
[2018.11.22-13.27.57:904][419]LogModuleManager: Shutting down and abandoning module PortalRpc (428)
[2018.11.22-13.27.57:904][419]LogModuleManager: Shutting down and abandoning module MessagingRpc (426)
[2018.11.22-13.27.57:904][419]LogModuleManager: Shutting down and abandoning module AIModule (424)
[2018.11.22-13.27.57:905][419]LogModuleManager: Shutting down and abandoning module GameplayDebugger (423)
[2018.11.22-13.27.57:905][419]LogModuleManager: Shutting down and abandoning module AITestSuite (421)
[2018.11.22-13.27.57:905][419]LogModuleManager: Shutting down and abandoning module NavigationSystem (419)
[2018.11.22-13.27.57:905][419]LogModuleManager: Shutting down and abandoning module DesktopPlatform (416)
[2018.11.22-13.27.57:905][419]LogModuleManager: Shutting down and abandoning module ProfilerService (414)
[2018.11.22-13.27.58:091][419]LogModuleManager: Shutting down and abandoning module TaskGraph (412)
[2018.11.22-13.27.58:091][419]LogModuleManager: Shutting down and abandoning module DatasmithCADImporter (410)
[2018.11.22-13.27.58:093][419]LogModuleManager: Shutting down and abandoning module StaticMeshEditorExtension (408)
[2018.11.22-13.27.58:094][419]LogModuleManager: Shutting down and abandoning module StaticMeshEditor (407)
[2018.11.22-13.27.58:096][419]LogModuleManager: Shutting down and abandoning module AdvancedPreviewScene (406)
[2018.11.22-13.27.58:096][419]LogModuleManager: Shutting down and abandoning module DatasmithMDLImporter (402)
[2018.11.22-13.27.58:105][419]LogModuleManager: Shutting down and abandoning module DatasmithImporter (400)
[2018.11.22-13.27.58:106][419]LogModuleManager: Shutting down and abandoning module SteamVRController (398)
[2018.11.22-13.27.58:106][419]LogModuleManager: Shutting down and abandoning module ProceduralMeshComponentEditor (396)
[2018.11.22-13.27.58:107][419]LogModuleManager: Shutting down and abandoning module ProceduralMeshComponent (394)
[2018.11.22-13.27.58:107][419]LogModuleManager: Shutting down and abandoning module OculusInput (392)
[2018.11.22-13.27.58:107][419]LogModuleManager: Shutting down and abandoning module MobilePatchingUtils (390)
[2018.11.22-13.27.58:107][419]LogModuleManager: Shutting down and abandoning module EditableMesh (388)
[2018.11.22-13.27.58:107][419]LogModuleManager: Shutting down and abandoning module CustomMeshComponent (386)
[2018.11.22-13.27.58:108][419]LogModuleManager: Shutting down and abandoning module CableComponent (384)
[2018.11.22-13.27.58:108][419]LogModuleManager: Shutting down and abandoning module AudioCapture (382)
[2018.11.22-13.27.58:108][419]LogModuleManager: Shutting down and abandoning module ArchVisCharacter (380)
[2018.11.22-13.27.58:108][419]LogModuleManager: Shutting down and abandoning module AndroidPermission (378)
[2018.11.22-13.27.58:108][419]LogModuleManager: Shutting down and abandoning module NUTUnrealEngine4 (376)
[2018.11.22-13.27.58:108][419]LogModuleManager: Shutting down and abandoning module NetcodeUnitTest (374)
[2018.11.22-13.27.58:109][419]LogModuleManager: Shutting down and abandoning module MediaCompositingEditor (372)
[2018.11.22-13.27.58:109][419]LogModuleManager: Shutting down and abandoning module MediaCompositing (370)
[2018.11.22-13.27.58:109][419]LogModuleManager: Shutting down and abandoning module LinearTimecode (368)
[2018.11.22-13.27.58:109][419]LogModuleManager: Shutting down and abandoning module ImgMedia (366)
[2018.11.22-13.27.58:124][419]LogModuleManager: Shutting down and abandoning module HTML5Networking (364)
[2018.11.22-13.27.58:125][419]LogModuleManager: Shutting down and abandoning module GeometryCacheTracks (362)
[2018.11.22-13.27.58:125][419]LogModuleManager: Shutting down and abandoning module GeometryCacheSequencer (360)
[2018.11.22-13.27.58:125][419]LogModuleManager: Shutting down and abandoning module BackChannel (358)
[2018.11.22-13.27.58:125][419]LogModuleManager: Shutting down and abandoning module AppleVision (356)
[2018.11.22-13.27.58:125][419]LogModuleManager: Shutting down and abandoning module AppleImageUtils (354)
[2018.11.22-13.27.58:125][419]LogModuleManager: Shutting down and abandoning module AlembicImporter (352)
[2018.11.22-13.27.58:126][419]LogModuleManager: Shutting down and abandoning module AlembicLibrary (351)
[2018.11.22-13.27.58:126][419]LogModuleManager: Shutting down and abandoning module GeometryCache (350)
[2018.11.22-13.27.58:127][419]LogModuleManager: Shutting down and abandoning module GeometryCacheEd (349)
[2018.11.22-13.27.58:127][419]LogModuleManager: Shutting down and abandoning module DatasmithContentEditor (344)
[2018.11.22-13.27.58:127][419]LogModuleManager: Shutting down and abandoning module DatasmithContent (342)
[2018.11.22-13.27.58:128][419]LogModuleManager: Shutting down and abandoning module SpeedTreeImporter (340)
[2018.11.22-13.27.58:128][419]LogModuleManager: Shutting down and abandoning module PluginBrowser (338)
[2018.11.22-13.27.58:128][419]LogModuleManager: Shutting down and abandoning module MobileLauncherProfileWizard (336)
[2018.11.22-13.27.58:128][419]LogModuleManager: Shutting down and abandoning module PolygonModeling (334)
[2018.11.22-13.27.58:128][419]LogModuleManager: Shutting down and abandoning module MeshEditor (332)
[2018.11.22-13.27.58:129][419]LogModuleManager: Shutting down and abandoning module EditorScriptingUtilities (330)
[2018.11.22-13.27.58:129][419]LogModuleManager: Shutting down and abandoning module CryptoKeysOpenSSL (328)
[2018.11.22-13.27.58:129][419]LogModuleManager: Shutting down and abandoning module CryptoKeys (326)
[2018.11.22-13.27.58:129][419]LogModuleManager: Shutting down and abandoning module VisualStudioSourceCodeAccess (324)
[2018.11.22-13.27.58:129][419]LogModuleManager: Shutting down and abandoning module VisualStudioCodeSourceCodeAccess (322)
[2018.11.22-13.27.58:129][419]LogModuleManager: Shutting down and abandoning module UObjectPlugin (320)
[2018.11.22-13.27.58:129][419]LogModuleManager: Shutting down and abandoning module SubversionSourceControl (318)
[2018.11.22-13.27.58:129][419]LogModuleManager: Shutting down and abandoning module PerforceSourceControl (316)
[2018.11.22-13.27.58:129][419]LogModuleManager: Shutting down and abandoning module GitSourceControl (314)
[2018.11.22-13.27.58:130][419]LogModuleManager: Shutting down and abandoning module SourceControl (313)
[2018.11.22-13.27.58:130][419]LogModuleManager: Shutting down and abandoning module CLionSourceCodeAccess (310)
[2018.11.22-13.27.58:130][419]LogModuleManager: Shutting down and abandoning module LightPropagationVolumeEditor (308)
[2018.11.22-13.27.58:130][419]LogModuleManager: Shutting down and abandoning module PaperTiledImporter (306)
[2018.11.22-13.27.58:130][419]LogModuleManager: Shutting down and abandoning module PaperSpriteSheetImporter (304)
[2018.11.22-13.27.58:130][419]LogModuleManager: Shutting down and abandoning module Paper2DEditor (302)
[2018.11.22-13.27.58:130][419]LogModuleManager: Shutting down and abandoning module MeshPaint (301)
[2018.11.22-13.27.58:130][419]LogModuleManager: Shutting down and abandoning module RuntimePhysXCooking (298)
[2018.11.22-13.27.58:130][419]LogModuleManager: Shutting down and abandoning module PhysXVehiclesEditor (296)
[2018.11.22-13.27.58:131][419]LogModuleManager: Shutting down and abandoning module PhysXVehicles (294)
[2018.11.22-13.27.58:131][419]LogModuleManager: Shutting down and abandoning module OculusEditor (292)
[2018.11.22-13.27.58:132][419]LogModuleManager: Shutting down and abandoning module LocationServicesBPLibrary (290)
[2018.11.22-13.27.58:132][419]LogModuleManager: Shutting down and abandoning module ImmediatePhysicsEditor (288)
[2018.11.22-13.27.58:132][419]LogModuleManager: Shutting down and abandoning module ImmediatePhysics (286)
[2018.11.22-13.27.58:132][419]LogModuleManager: Shutting down and abandoning module ActorSequence (284)
[2018.11.22-13.27.58:132][419]LogModuleManager: Shutting down and abandoning module UdpMessaging (282)
[2018.11.22-13.27.58:232][419]LogModuleManager: Shutting down and abandoning module TcpMessaging (280)
[2018.11.22-13.27.58:333][419]LogModuleManager: Shutting down and abandoning module MagicLeapAudio (278)
[2018.11.22-13.27.58:333][419]LogModuleManager: Shutting down and abandoning module GameplayTagsEditor (276)
[2018.11.22-13.27.58:333][419]LogModuleManager: Shutting down and abandoning module FacialAnimationEditor (274)
[2018.11.22-13.27.58:333][419]LogModuleManager: Shutting down and abandoning module FacialAnimation (272)
[2018.11.22-13.27.58:333][419]LogModuleManager: Shutting down and abandoning module DataValidation (270)
[2018.11.22-13.27.58:333][419]LogModuleManager: Shutting down and abandoning module AssetManagerEditor (268)
[2018.11.22-13.27.58:334][419]LogModuleManager: Shutting down and abandoning module LevelEditor (267)
[2018.11.22-13.27.58:336][419]LogModuleManager: Shutting down and abandoning module PixelInspectorModule (266)
[2018.11.22-13.27.58:337][419]LogModuleManager: Shutting down and abandoning module CommonMenuExtensions (264)
[2018.11.22-13.27.58:338][419]LogModuleManager: Shutting down and abandoning module MainFrame (262)
[2018.11.22-13.27.58:338][419]LogModuleManager: Shutting down and abandoning module HotReload (261)
[2018.11.22-13.27.58:340][419]LogModuleManager: Shutting down and abandoning module ContentBrowser (257)
[2018.11.22-13.27.58:343][419]LogModuleManager: Shutting down and abandoning module TreeMap (255)
[2018.11.22-13.27.58:343][419]LogModuleManager: Shutting down and abandoning module LightPropagationVolumeRuntime (252)
[2018.11.22-13.27.58:343][419]LogModuleManager: Shutting down and abandoning module AISupportModule (250)
[2018.11.22-13.27.58:343][419]LogModuleManager: Shutting down and abandoning module Paper2D (248)
[2018.11.22-13.27.58:343][419]LogModuleManager: Shutting down and abandoning module WindowsMoviePlayer (246)
[2018.11.22-13.27.58:344][419]LogModuleManager: Shutting down and abandoning module WmfMedia (244)
[2018.11.22-13.27.58:348][419]LogModuleManager: Shutting down and abandoning module Media (243)
[2018.11.22-13.27.58:356][419]LogModuleManager: Shutting down and abandoning module PacketHandler (240)
[2018.11.22-13.27.58:356][419]LogModuleManager: Shutting down and abandoning module ClothingSystemEditor (238)
[2018.11.22-13.27.58:356][419]LogModuleManager: Shutting down and abandoning module ClothingSystemRuntime (236)
[2018.11.22-13.27.58:356][419]LogModuleManager: Shutting down and abandoning module MediaAssets (234)
[2018.11.22-13.27.58:356][419]LogModuleManager: Shutting down and abandoning module Overlay (232)
[2018.11.22-13.27.58:357][419]LogModuleManager: Shutting down and abandoning module OverlayEditor (231)
[2018.11.22-13.27.58:357][419]LogModuleManager: Shutting down and abandoning module VREditor (228)
[2018.11.22-13.27.58:357][419]LogModuleManager: Shutting down and abandoning module StringTableEditor (226)
[2018.11.22-13.27.58:357][419]LogModuleManager: Shutting down and abandoning module GameplayTasksEditor (224)
[2018.11.22-13.27.58:357][419]LogModuleManager: Shutting down and abandoning module BehaviorTreeEditor (222)
[2018.11.22-13.27.58:357][419]LogModuleManager: Shutting down and abandoning module FunctionalTesting (220)
[2018.11.22-13.27.58:357][419]LogModuleManager: Shutting down and abandoning module CollisionAnalyzer (218)
[2018.11.22-13.27.58:357][419]LogModuleManager: Shutting down and abandoning module WorkspaceMenuStructure (217)
[2018.11.22-13.27.58:357][419]LogModuleManager: Shutting down and abandoning module UMG (214)
[2018.11.22-13.27.58:358][419]LogModuleManager: Shutting down and abandoning module UMGEditor (213)
[2018.11.22-13.27.58:358][419]LogModuleManager: Shutting down and abandoning module Sequencer (212)
[2018.11.22-13.27.58:358][419]LogModuleManager: Shutting down and abandoning module MessageLog (209)
[2018.11.22-13.27.58:358][419]LogModuleManager: Shutting down and abandoning module SlateReflector (204)
[2018.11.22-13.27.58:358][419]LogModuleManager: Shutting down and abandoning module Slate (202)
[2018.11.22-13.27.58:359][419]LogModuleManager: Shutting down and abandoning module EditorStyle (200)
[2018.11.22-13.27.58:366][419]LogModuleManager: Shutting down and abandoning module MRMesh (198)
[2018.11.22-13.27.58:366][419]LogModuleManager: Shutting down and abandoning module SourceCodeAccess (196)
[2018.11.22-13.27.58:366][419]LogModuleManager: Shutting down and abandoning module HeadMountedDisplay (194)
[2018.11.22-13.27.58:366][419]LogModuleManager: Shutting down and abandoning module XAudio2 (192)
[2018.11.22-13.27.58:366][419]LogModuleManager: Shutting down and abandoning module Networking (190)
[2018.11.22-13.27.58:366][419]LogModuleManager: Shutting down and abandoning module Core (188)
[2018.11.22-13.27.58:366][419]LogModuleManager: Shutting down and abandoning module LevelSequence (186)
[2018.11.22-13.27.58:367][419]LogModuleManager: Shutting down and abandoning module KismetCompiler (184)
[2018.11.22-13.27.58:367][419]LogModuleManager: Shutting down and abandoning module MeshUtilities (182)
[2018.11.22-13.27.58:367][419]LogModuleManager: Shutting down and abandoning module MeshMergeUtilities (181)
[2018.11.22-13.27.58:367][419]LogModuleManager: Shutting down and abandoning module MeshReductionInterface (180)
[2018.11.22-13.27.58:367][419]LogModuleManager: Shutting down and abandoning module SimplygonSwarm (179)
[2018.11.22-13.27.58:367][419]LogModuleManager: Shutting down and abandoning module ProxyLODMeshReduction (177)
[2018.11.22-13.27.58:367][419]LogModuleManager: Shutting down and abandoning module SimplygonMeshReduction (175)
[2018.11.22-13.27.58:368][419]LogModuleManager: Shutting down and abandoning module QuadricMeshReduction (173)
[2018.11.22-13.27.58:368][419]LogModuleManager: Shutting down and abandoning module MaterialBaking (169)
[2018.11.22-13.27.58:368][419]LogModuleManager: Shutting down and abandoning module DirectoryWatcher (165)
[2018.11.22-13.27.58:368][419]LogModuleManager: Shutting down and abandoning module DerivedDataCache (162)
[2018.11.22-13.27.58:462][419]LogDerivedDataCache: Shutdown
[2018.11.22-13.27.58:462][419]LogModuleManager: Shutting down and abandoning module XGEController (160)
[2018.11.22-13.27.58:462][419]LogModuleManager: Shutting down and abandoning module TargetPlatform (158)
[2018.11.22-13.27.58:463][419]LogModuleManager: Shutting down and abandoning module VulkanShaderFormat (157)
[2018.11.22-13.27.58:463][419]LogModuleManager: Shutting down and abandoning module ShaderFormatVectorVM (155)
[2018.11.22-13.27.58:463][419]LogModuleManager: Shutting down and abandoning module ShaderFormatOpenGL (153)
[2018.11.22-13.27.58:463][419]LogModuleManager: Shutting down and abandoning module ShaderFormatD3D (151)
[2018.11.22-13.27.58:463][419]LogModuleManager: Shutting down and abandoning module MetalShaderFormat (149)
[2018.11.22-13.27.58:463][419]LogModuleManager: Shutting down and abandoning module TextureFormatUncompressed (147)
[2018.11.22-13.27.58:463][419]LogModuleManager: Shutting down and abandoning module TextureFormatPVR (145)
[2018.11.22-13.27.58:464][419]LogModuleManager: Shutting down and abandoning module TextureFormatDXT (143)
[2018.11.22-13.27.58:464][419]LogModuleManager: Shutting down and abandoning module TextureFormatIntelISPCTexComp (141)
[2018.11.22-13.27.58:465][419]LogModuleManager: Shutting down and abandoning module TextureFormatASTC (139)
[2018.11.22-13.27.58:465][419]LogModuleManager: Shutting down and abandoning module ImageWrapper (138)
[2018.11.22-13.27.58:465][419]LogModuleManager: Shutting down and abandoning module TextureFormatAndroid (135)
[2018.11.22-13.27.58:465][419]LogModuleManager: Shutting down and abandoning module AudioFormatOpus (133)
[2018.11.22-13.27.58:465][419]LogModuleManager: Shutting down and abandoning module AudioFormatOgg (131)
[2018.11.22-13.27.58:466][419]LogModuleManager: Shutting down and abandoning module AudioFormatADPCM (129)
[2018.11.22-13.27.58:466][419]LogModuleManager: Shutting down and abandoning module LuminTargetPlatform (127)
[2018.11.22-13.27.58:466][419]LogModuleManager: Shutting down and abandoning module LinuxTargetPlatform (125)
[2018.11.22-13.27.58:466][419]LogModuleManager: Shutting down and abandoning module LinuxServerTargetPlatform (123)
[2018.11.22-13.27.58:466][419]LogModuleManager: Shutting down and abandoning module LinuxNoEditorTargetPlatform (121)
[2018.11.22-13.27.58:466][419]LogModuleManager: Shutting down and abandoning module LinuxClientTargetPlatform (119)
[2018.11.22-13.27.58:467][419]LogModuleManager: Shutting down and abandoning module TVOSTargetPlatform (117)
[2018.11.22-13.27.58:470][419]LogModuleManager: Shutting down and abandoning module Messaging (115)
[2018.11.22-13.27.58:470][419]LogModuleManager: Shutting down and abandoning module IOSTargetPlatform (113)
[2018.11.22-13.27.58:473][419]LogModuleManager: Shutting down and abandoning module HTML5TargetPlatform (111)
[2018.11.22-13.27.58:473][419]LogModuleManager: Shutting down and abandoning module AndroidTargetPlatform (109)
[2018.11.22-13.27.58:492][419]LogModuleManager: Shutting down and abandoning module WindowsTargetPlatform (107)
[2018.11.22-13.27.58:492][419]LogModuleManager: Shutting down and abandoning module WindowsServerTargetPlatform (105)
[2018.11.22-13.27.58:492][419]LogModuleManager: Shutting down and abandoning module WindowsNoEditorTargetPlatform (103)
[2018.11.22-13.27.58:492][419]LogModuleManager: Shutting down and abandoning module WindowsClientTargetPlatform (101)
[2018.11.22-13.27.58:492][419]LogModuleManager: Shutting down and abandoning module MacTargetPlatform (99)
[2018.11.22-13.27.58:492][419]LogModuleManager: Shutting down and abandoning module MacServerTargetPlatform (97)
[2018.11.22-13.27.58:492][419]LogModuleManager: Shutting down and abandoning module MacNoEditorTargetPlatform (95)
[2018.11.22-13.27.58:492][419]LogModuleManager: Shutting down and abandoning module MacClientTargetPlatform (93)
[2018.11.22-13.27.58:493][419]LogModuleManager: Shutting down and abandoning module AllDesktopTargetPlatform (91)
[2018.11.22-13.27.58:493][419]LogModuleManager: Shutting down and abandoning module InputCore (88)
[2018.11.22-13.27.58:493][419]LogModuleManager: Shutting down and abandoning module Settings (86)
[2018.11.22-13.27.58:493][419]LogModuleManager: Shutting down and abandoning module PhysXCooking (84)
[2018.11.22-13.27.58:493][419]LogModuleManager: Shutting down and abandoning module SteamVR (82)
[2018.11.22-13.27.58:493][419]LogModuleManager: Shutting down and abandoning module OculusHMD (80)
[2018.11.22-13.27.58:493][419]LogModuleManager: Shutting down and abandoning module ExampleDeviceProfileSelector (78)
[2018.11.22-13.27.58:493][419]LogModuleManager: Shutting down and abandoning module LauncherChunkInstaller (76)
[2018.11.22-13.27.58:494][419]LogModuleManager: Shutting down and abandoning module OnlineBlueprintSupport (74)
[2018.11.22-13.27.58:494][419]LogModuleManager: Shutting down and abandoning module OnlineSubsystem (70)
[2018.11.22-13.27.58:496][419]LogModuleManager: Shutting down and abandoning module XMPP (65)
[2018.11.22-13.27.58:496][419]LogModuleManager: Shutting down and abandoning module WebSockets (64)
[2018.11.22-13.27.58:528][419]LogModuleManager: Shutting down and abandoning module HTTP (61)
[2018.11.22-13.27.58:528][419]LogHttp: Display: Http module shutting down, but needs to wait on 1 outstanding Http requests:
[2018.11.22-13.27.58:528][419]LogHttp: Display: 	verb=[POST] url=[https://datarouter.ol.epicgames.com/datarouter/api/v1/public/data?SessionID=%7B9963DF44-4371-92BE-9086-E6B7C00938FC%7D&AppID=UEEditor.Rocket.Release&AppVersion=4.20.3-4369336%2B%2B%2BUE4%2BRelease-4.20&UserID=e57ba87b426d560315d2cf85f8a185a0%7C01811f2312ae4167ba6bb89423682e69%7C52fa6b2f-ee9e-4c89-8986-4cd63a1a1ca8&AppEnvironment=datacollector-binary&UploadType=eteventstream] status=Processing
[2018.11.22-13.27.58:538][419]LogModuleManager: Shutting down and abandoning module SSL (60)
[2018.11.22-13.27.58:543][419]LogModuleManager: Shutting down and abandoning module MagicLeapEmulator (56)
[2018.11.22-13.27.58:543][419]LogModuleManager: Shutting down and abandoning module MagicLeapPrivileges (54)
[2018.11.22-13.27.58:544][419]LogModuleManager: Shutting down and abandoning module MagicLeapIdentity (52)
[2018.11.22-13.27.58:545][419]LogModuleManager: Shutting down and abandoning module MagicLeapHelperVulkan (50)
[2018.11.22-13.27.58:545][419]LogModuleManager: Shutting down and abandoning module MagicLeapHelperOpenGL (48)
[2018.11.22-13.27.58:545][419]LogModuleManager: Shutting down and abandoning module MagicLeapSecureStorage (46)
[2018.11.22-13.27.58:545][419]LogModuleManager: Shutting down and abandoning module MagicLeapGestures (44)
[2018.11.22-13.27.58:545][419]LogModuleManager: Shutting down and abandoning module MagicLeapEyeTracker (42)
[2018.11.22-13.27.58:545][419]LogModuleManager: Shutting down and abandoning module MagicLeapController (40)
[2018.11.22-13.27.58:545][419]LogSlate: Slate User Destroyed.  User Index 0, Is Virtual User: 0
[2018.11.22-13.27.58:545][419]LogModuleManager: Shutting down and abandoning module MagicLeap (38)
[2018.11.22-13.27.58:546][419]LogModuleManager: Shutting down and abandoning module AnimationModifiers (36)
[2018.11.22-13.27.58:546][419]LogModuleManager: Shutting down and abandoning module PropertyEditor (35)
[2018.11.22-13.27.58:546][419]LogModuleManager: Shutting down and abandoning module AudioEditor (32)
[2018.11.22-13.27.58:546][419]LogModuleManager: Shutting down and abandoning module TextureCompressor (30)
[2018.11.22-13.27.58:547][419]LogModuleManager: Shutting down and abandoning module ShaderCore (28)
[2018.11.22-13.27.58:547][419]LogModuleManager: Shutting down and abandoning module Landscape (26)
[2018.11.22-13.27.58:547][419]LogModuleManager: Shutting down and abandoning module SlateRHIRenderer (24)
[2018.11.22-13.27.58:556][419]LogModuleManager: Shutting down and abandoning module OpenGLDrv (22)
[2018.11.22-13.27.58:556][419]LogModuleManager: Shutting down and abandoning module D3D11RHI (20)
[2018.11.22-13.27.58:556][419]LogModuleManager: Shutting down and abandoning module AnimGraphRuntime (18)
[2018.11.22-13.27.58:556][419]LogModuleManager: Shutting down and abandoning module Renderer (16)
[2018.11.22-13.27.58:556][419]LogModuleManager: Shutting down and abandoning module Engine (14)
[2018.11.22-13.27.58:556][419]LogModuleManager: Shutting down and abandoning module CoreUObject (12)
[2018.11.22-13.27.58:556][419]LogModuleManager: Shutting down and abandoning module NetworkFile (10)
[2018.11.22-13.27.58:557][419]LogModuleManager: Shutting down and abandoning module CookedIterativeFile (8)
[2018.11.22-13.27.58:557][419]LogModuleManager: Shutting down and abandoning module StreamingFile (6)
[2018.11.22-13.27.58:557][419]LogModuleManager: Shutting down and abandoning module SandboxFile (4)
[2018.11.22-13.27.58:557][419]LogModuleManager: Shutting down and abandoning module PakFile (2)
[2018.11.22-13.27.58:571][419]LogExit: Exiting.
[2018.11.22-13.27.58:580][419]Log file closed, 11/22/18 22:27:58
