Log file open, 11/23/18 14:17:19
LogWindows: Failed to load 'aqProf.dll' (GetLastError=126)
LogWindows: File 'aqProf.dll' does not exist
LogWindows: Failed to load 'VSPerf140.dll' (GetLastError=126)
LogWindows: File 'VSPerf140.dll' does not exist
LogWindows: Failed to load 'VtuneApi.dll' (GetLastError=126)
LogWindows: File 'VtuneApi.dll' does not exist
LogWindows: Failed to load 'VtuneApi32e.dll' (GetLastError=126)
LogWindows: File 'VtuneApi32e.dll' does not exist
LogInit: Display: Running engine for game: Project
LogPlatformFile: Not using cached read wrapper
LogTaskGraph: Started task graph with 5 named threads and 11 total threads with 3 sets of task threads.
LogStats: Stats thread started at 0.417147
LogD3D11RHI: Loaded GFSDK_Aftermath_Lib.x64.dll
LogICUInternationalization: Display: ICU TimeZone Detection - Raw Offset: +9:00, Platform Override: ''
LogPluginManager: Mounting plugin Paper2D
LogPluginManager: Mounting plugin AISupport
LogPluginManager: Mounting plugin LightPropagationVolume
LogPluginManager: Mounting plugin CLionSourceCodeAccess
LogPluginManager: Mounting plugin CodeLiteSourceCodeAccess
LogPluginManager: Mounting plugin GitSourceControl
LogPluginManager: Mounting plugin KDevelopSourceCodeAccess
LogPluginManager: Mounting plugin NullSourceCodeAccess
LogPluginManager: Mounting plugin PerforceSourceControl
LogPluginManager: Mounting plugin SubversionSourceControl
LogPluginManager: Mounting plugin UObjectPlugin
LogPluginManager: Mounting plugin VisualStudioCodeSourceCodeAccess
LogPluginManager: Mounting plugin VisualStudioSourceCodeAccess
LogPluginManager: Mounting plugin XCodeSourceCodeAccess
LogPluginManager: Mounting plugin AssetManagerEditor
LogPluginManager: Mounting plugin CryptoKeys
LogPluginManager: Mounting plugin DataValidation
LogPluginManager: Mounting plugin EditorScriptingUtilities
LogPluginManager: Mounting plugin FacialAnimation
LogPluginManager: Mounting plugin GameplayTagsEditor
LogPluginManager: Mounting plugin MacGraphicsSwitching
LogPluginManager: Mounting plugin MeshEditor
LogPluginManager: Mounting plugin MobileLauncherProfileWizard
LogPluginManager: Mounting plugin PluginBrowser
LogPluginManager: Mounting plugin SpeedTreeImporter
LogPluginManager: Mounting plugin DatasmithContent
LogPluginManager: Mounting plugin AlembicImporter
LogPluginManager: Mounting plugin AppleImageUtils
LogPluginManager: Mounting plugin AppleVision
LogPluginManager: Mounting plugin BackChannel
LogPluginManager: Mounting plugin CharacterAI
LogPluginManager: Mounting plugin GeometryCache
LogPluginManager: Mounting plugin HTML5Networking
LogPluginManager: Mounting plugin ProxyLODPlugin
LogPluginManager: Mounting plugin MagicLeap
LogPluginManager: Mounting plugin MagicLeapEmulator
LogPluginManager: Mounting plugin MagicLeapMedia
LogPluginManager: Mounting plugin AndroidMedia
LogPluginManager: Mounting plugin AvfMedia
LogPluginManager: Mounting plugin ImgMedia
LogPluginManager: Mounting plugin LinearTimecode
LogPluginManager: Mounting plugin MediaCompositing
LogPluginManager: Mounting plugin MediaPlayerEditor
LogPluginManager: Mounting plugin WmfMedia
LogPluginManager: Mounting plugin TcpMessaging
LogPluginManager: Mounting plugin UdpMessaging
LogPluginManager: Mounting plugin ActorSequence
LogPluginManager: Mounting plugin LevelSequenceEditor
LogPluginManager: Mounting plugin MatineeToLevelSequence
LogPluginManager: Mounting plugin NetcodeUnitTest
LogPluginManager: Mounting plugin NUTUnrealEngine4
LogPluginManager: Mounting plugin OnlineSubsystemGooglePlay
LogPluginManager: Mounting plugin OnlineSubsystemIOS
LogPluginManager: Mounting plugin OnlineSubsystem
LogPluginManager: Mounting plugin OnlineSubsystemNull
LogPluginManager: Mounting plugin OnlineSubsystemUtils
LogPluginManager: Mounting plugin LauncherChunkInstaller
LogPluginManager: Mounting plugin AndroidDeviceProfileSelector
LogPluginManager: Mounting plugin AndroidMoviePlayer
LogPluginManager: Mounting plugin AndroidPermission
LogPluginManager: Mounting plugin AppleMoviePlayer
LogPluginManager: Mounting plugin ArchVisCharacter
LogPluginManager: Mounting plugin AudioCapture
LogPluginManager: Mounting plugin CableComponent
LogPluginManager: Mounting plugin CustomMeshComponent
LogPluginManager: Mounting plugin EditableMesh
LogPluginManager: Mounting plugin ExampleDeviceProfileSelector
LogPluginManager: Mounting plugin GoogleCloudMessaging
LogPluginManager: Mounting plugin ImmediatePhysics
LogPluginManager: Mounting plugin IOSDeviceProfileSelector
LogPluginManager: Mounting plugin LinuxDeviceProfileSelector
LogPluginManager: Mounting plugin LocationServicesBPLibrary
LogPluginManager: Mounting plugin MobilePatchingUtils
LogPluginManager: Mounting plugin OculusVR
LogPluginManager: Plugin shader directory ../../../Engine/Plugins/Runtime/Oculus/OculusVR/Shaders found
LogPluginManager: Mapping shader source directory ../../../Engine/Plugins/Runtime/Oculus/OculusVR/Shaders to virtual directory /Plugin/OculusVR
LogPluginManager: Mounting plugin PhysXVehicles
LogPluginManager: Mounting plugin ProceduralMeshComponent
LogPluginManager: Mounting plugin RuntimePhysXCooking
LogPluginManager: Mounting plugin SteamVR
LogPluginManager: Mounting plugin WindowsMoviePlayer
LogPluginManager: Mounting plugin DatasmithCADImporter
LogPluginManager: Mounting plugin DatasmithFBXImporter
LogPluginManager: Mounting plugin DatasmithImporter
LogPluginManager: Mounting plugin DatasmithMDLImporter
LogPluginManager: Mounting plugin StaticMeshEditorExtension
LogStreaming: Display: Took  0.225s to configure plugins.
LogInit: Using libcurl 7.55.1-DEV
LogInit:  - built for x86_64-pc-win32
LogInit:  - supports SSL with OpenSSL/1.0.2h
LogInit:  - supports HTTP deflate (compression) using libz 1.2.8
LogInit:  - other features:
LogInit:      CURL_VERSION_SSL
LogInit:      CURL_VERSION_LIBZ
LogInit:      CURL_VERSION_IPV6
LogInit:      CURL_VERSION_ASYNCHDNS
LogInit:      CURL_VERSION_LARGEFILE
LogInit:      CURL_VERSION_IDN
LogInit:  CurlRequestOptions (configurable via config and command line):
LogInit:  - bVerifyPeer = false  - Libcurl will NOT verify peer certificate
LogInit:  - bUseHttpProxy = false  - Libcurl will NOT use HTTP proxy
LogInit:  - bDontReuseConnections = false  - Libcurl will reuse connections
LogInit:  - CertBundlePath = nullptr  - Libcurl will use whatever was configured at build time.
LogInit:  - MaxHostConnections = 16  - Libcurl will limit the number of connections to a host
LogInit:  - LocalHostAddr = Default
LogInit:  - BufferSize = 65536
LogInit: WinSock: version 1.1 (2.2), MaxSocks=32767, MaxUdp=65467
LogInit: Build: ++UE4+Release-4.20-CL-4369336
LogInit: Engine Version: 4.20.3-4369336+++UE4+Release-4.20
LogInit: Compatible Engine Version: 4.20.0-4212847+++UE4+Release-4.20
LogInit: Net CL: 4212847
LogInit: OS: Windows 10 (), CPU: Intel(R) Core(TM) i5-7200U CPU @ 2.50GHz, GPU: Intel(R) HD Graphics 620
LogInit: Compiled (64-bit): Sep 17 2018 12:26:19
LogInit: Compiled with Visual C++: 19.13.26129.00
LogInit: Build Configuration: Development
LogInit: Branch Name: ++UE4+Release-4.20
LogInit: Command Line: 
LogInit: Base Directory: C:/Program Files/Epic Games/UE_4.20/Engine/Binaries/Win64/
LogInit: Installed Engine Build: 1
LogDevObjectVersion: Number of dev versions registered: 20
LogDevObjectVersion:   Dev-Blueprints (B0D832E4-1F89-4F0D-ACCF-7EB736FD4AA2): 10
LogDevObjectVersion:   Dev-Build (E1C64328-A22C-4D53-A36C-8E866417BD8C): 0
LogDevObjectVersion:   Dev-Core (375EC13C-06E4-48FB-B500-84F0262A717E): 2
LogDevObjectVersion:   Dev-Editor (E4B068ED-F494-42E9-A231-DA0B2E46BB41): 24
LogDevObjectVersion:   Dev-Framework (CFFC743F-43B0-4480-9391-14DF171D2073): 34
LogDevObjectVersion:   Dev-Mobile (B02B49B5-BB20-44E9-A304-32B752E40360): 2
LogDevObjectVersion:   Dev-Networking (A4E4105C-59A1-49B5-A7C5-40C4547EDFEE): 0
LogDevObjectVersion:   Dev-Online (39C831C9-5AE6-47DC-9A44-9C173E1C8E7C): 0
LogDevObjectVersion:   Dev-Physics (78F01B33-EBEA-4F98-B9B4-84EACCB95AA2): 0
LogDevObjectVersion:   Dev-Platform (6631380F-2D4D-43E0-8009-CF276956A95A): 0
LogDevObjectVersion:   Dev-Rendering (12F88B9F-8875-4AFC-A67C-D90C383ABD29): 26
LogDevObjectVersion:   Dev-Sequencer (7B5AE74C-D270-4C10-A958-57980B212A5A): 9
LogDevObjectVersion:   Dev-VR (D7296918-1DD6-4BDD-9DE2-64A83CC13884): 2
LogDevObjectVersion:   Dev-LoadTimes (C2A15278-BFE7-4AFE-6C17-90FF531DF755): 1
LogDevObjectVersion:   Private-Geometry (6EACA3D4-40EC-4CC1-B786-8BED09428FC5): 3
LogDevObjectVersion:   Dev-AnimPhys (29E575DD-E0A3-4627-9D10-D276232CDCEA): 17
LogDevObjectVersion:   Dev-ReflectionCapture (6B266CEC-1EC7-4B8F-A30B-E4D90942FC07): 1
LogDevObjectVersion:   Dev-Automation (0DF73D61-A23F-47EA-B727-89E90C41499A): 1
LogDevObjectVersion:   FortniteMain (601D1886-AC64-4F84-AA16-D3DE0DEAC7D6): 12
LogDevObjectVersion:   Dev-Enterprise (9DFFBCD6-494F-0158-E221-12823C92A888): 1
LogStreaming: Display: Took  0.010s to delete old logs.
LogInit: Presizing for max 8388607 objects, including 0 objects not considered by GC, pre-allocating 0 bytes for permanent pool.
LogInit: Object subsystem initialized
[2018.11.23-05.17.20:418][  0]LogInit: Selected Device Profile: [Windows]
[2018.11.23-05.17.20:418][  0]LogInit: Applying CVar settings loaded from the selected device profile: [Windows]
[2018.11.23-05.17.20:467][  0]LogHAL: Display: Platform has ~ 8 GB [8442294272 / 8589934592 / 8], which maps to Default [LargestMinGB=32, LargerMinGB=12, DefaultMinGB=8, SmallerMinGB=6, SmallestMinGB=0)
[2018.11.23-05.17.20:467][  0]LogInit: Setting Device Profile CVar: [[r.Vulkan.UseRealUBs:1]]
[2018.11.23-05.17.20:467][  0]LogInit: Going up to parent DeviceProfile []
[2018.11.23-05.17.20:468][  0]LogInit: Computer: DESKTOP-QL9J6H5
[2018.11.23-05.17.20:468][  0]LogInit: User: User
[2018.11.23-05.17.20:468][  0]LogInit: CPU Page size=4096, Cores=2
[2018.11.23-05.17.20:468][  0]LogInit: High frequency timer resolution =2.648442 MHz
[2018.11.23-05.17.20:469][  0]LogMemory: Memory total: Physical=7.9GB (8GB approx)
[2018.11.23-05.17.20:469][  0]LogMemory: Platform Memory Stats for Windows
[2018.11.23-05.17.20:469][  0]LogMemory: Process Physical Memory: 100.57 MB used, 100.57 MB peak
[2018.11.23-05.17.20:471][  0]LogMemory: Process Virtual Memory: 92.00 MB used, 92.00 MB peak
[2018.11.23-05.17.20:471][  0]LogMemory: Physical Memory: 3289.34 MB used,  4761.86 MB free, 8051.20 MB total
[2018.11.23-05.17.20:471][  0]LogMemory: Virtual Memory: 4629.23 MB used,  4761.86 MB free, 134217728.00 MB total
[2018.11.23-05.17.20:514][  0]LogInit: Using OS detected language (ko-KR).
[2018.11.23-05.17.20:514][  0]LogInit: Using OS detected locale (ko-KR).
[2018.11.23-05.17.20:517][  0]LogTextLocalizationManager: No specific localization for 'ko-KR' exists, so the 'ko' localization will be used.
[2018.11.23-05.17.21:166][  0]LogStreaming: Display: Took  0.651s to InitEngineTextLocalization.
[2018.11.23-05.17.21:166][  0]LogInit: Setting process to per monitor DPI aware
[2018.11.23-05.17.21:210][  0]LogSlate: New Slate User Created.  User Index 0, Is Virtual User: 0
[2018.11.23-05.17.21:210][  0]LogSlate: Slate User Registered.  User Index 0, Is Virtual User: 0
[2018.11.23-05.17.21:464][  0]LogHMD: Failed to initialize OpenVR with code 110
[2018.11.23-05.17.21:464][  0]LogD3D11RHI: D3D11 adapters:
[2018.11.23-05.17.21:478][  0]LogD3D11RHI:    0. 'Intel(R) HD Graphics 620' (Feature Level 11_0)
[2018.11.23-05.17.21:478][  0]LogD3D11RHI:       128/0/4025 MB DedicatedVideo/DedicatedSystem/SharedSystem, Outputs:1, VendorId:0x8086
[2018.11.23-05.17.21:481][  0]LogD3D11RHI:    1. 'Microsoft Basic Render Driver' (Feature Level 11_0)
[2018.11.23-05.17.21:481][  0]LogD3D11RHI:       0/0/4025 MB DedicatedVideo/DedicatedSystem/SharedSystem, Outputs:0, VendorId:0x1414
[2018.11.23-05.17.21:481][  0]LogD3D11RHI: Chosen D3D11 Adapter: 0
[2018.11.23-05.17.21:487][  0]LogD3D11RHI: Creating new Direct3DDevice
[2018.11.23-05.17.21:487][  0]LogD3D11RHI:     GPU DeviceId: 0x5916 (for the marketing name, search the web for "GPU Device Id")
[2018.11.23-05.17.21:487][  0]LogWindows: EnumDisplayDevices:
[2018.11.23-05.17.21:487][  0]LogWindows:    0. 'Intel(R) HD Graphics 620' (P:1 D:1)
[2018.11.23-05.17.21:487][  0]LogWindows:    1. 'Intel(R) HD Graphics 620' (P:0 D:0)
[2018.11.23-05.17.21:488][  0]LogWindows:    2. 'Intel(R) HD Graphics 620' (P:0 D:0)
[2018.11.23-05.17.21:488][  0]LogWindows: DebugString: FoundDriverCount:3 
[2018.11.23-05.17.21:488][  0]LogD3D11RHI:     Adapter Name: Intel(R) HD Graphics 620
[2018.11.23-05.17.21:488][  0]LogD3D11RHI:   Driver Version: 23.20.16.4849 (internal:23.20.16.4849, unified:23.20.16.4849)
[2018.11.23-05.17.21:488][  0]LogD3D11RHI:      Driver Date: 10-27-2017
[2018.11.23-05.17.21:488][  0]LogRHI: Texture pool is 1498 MB (70% of 2140 MB)
[2018.11.23-05.17.21:499][  0]LogD3D11RHI: Async texture creation enabled
[2018.11.23-05.17.21:506][  0]LogD3D11RHI: GPU Timing Frequency: 12.000048 (Debug: 2 0)
[2018.11.23-05.17.21:507][  0]LogShaderCompilers: Guid format shader working directory is -17 characters bigger than the processId version (../../../../../../Users/User/Documents/Unreal Projects/Project/Intermediate/Shaders/WorkingDirectory/6616/).
[2018.11.23-05.17.21:507][  0]LogShaderCompilers: Cleaned the shader compiler working directory 'C:/Users/User/AppData/Local/Temp/UnrealShaderWorkingDir/3843C64247ABD2201DF891A68DE67308/'.
[2018.11.23-05.17.21:824][  0]LogTemp: Display: Loaded TP AllDesktopTargetPlatform
[2018.11.23-05.17.21:839][  0]LogTemp: Display: Loaded TP MacClientTargetPlatform
[2018.11.23-05.17.21:860][  0]LogTemp: Display: Loaded TP MacNoEditorTargetPlatform
[2018.11.23-05.17.21:882][  0]LogTemp: Display: Loaded TP MacServerTargetPlatform
[2018.11.23-05.17.21:905][  0]LogTemp: Display: Loaded TP MacTargetPlatform
[2018.11.23-05.17.21:930][  0]LogTemp: Display: Loaded TP WindowsClientTargetPlatform
[2018.11.23-05.17.21:951][  0]LogTemp: Display: Loaded TP WindowsNoEditorTargetPlatform
[2018.11.23-05.17.21:971][  0]LogTemp: Display: Loaded TP WindowsServerTargetPlatform
[2018.11.23-05.17.21:981][  0]LogTemp: Display: Loaded TP WindowsTargetPlatform
[2018.11.23-05.17.22:105][  0]LogTemp: Display: Loaded TP AndroidTargetPlatform
[2018.11.23-05.17.22:106][  0]LogTemp: Display: Loaded TP AndroidTargetPlatform
[2018.11.23-05.17.22:106][  0]LogTemp: Display: Loaded TP AndroidTargetPlatform
[2018.11.23-05.17.22:106][  0]LogTemp: Display: Loaded TP AndroidTargetPlatform
[2018.11.23-05.17.22:106][  0]LogTemp: Display: Loaded TP AndroidTargetPlatform
[2018.11.23-05.17.22:106][  0]LogTemp: Display: Loaded TP AndroidTargetPlatform
[2018.11.23-05.17.22:106][  0]LogTemp: Display: Loaded TP AndroidTargetPlatform
[2018.11.23-05.17.22:106][  0]LogTemp: Display: Loaded TP AndroidTargetPlatform
[2018.11.23-05.17.22:106][  0]LogTemp: Display: Loaded TP AndroidTargetPlatform
[2018.11.23-05.17.22:106][  0]LogTemp: Display: Loaded TP AndroidTargetPlatform
[2018.11.23-05.17.22:106][  0]LogTemp: Display: Loaded TP AndroidTargetPlatform
[2018.11.23-05.17.22:106][  0]LogTemp: Display: Loaded TP AndroidTargetPlatform
[2018.11.23-05.17.22:106][  0]LogTemp: Display: Loaded TP AndroidTargetPlatform
[2018.11.23-05.17.22:106][  0]LogTemp: Display: Loaded TP AndroidTargetPlatform
[2018.11.23-05.17.22:106][  0]LogTemp: Display: Loaded TP AndroidTargetPlatform
[2018.11.23-05.17.22:106][  0]LogTemp: Display: Loaded TP AndroidTargetPlatform
[2018.11.23-05.17.22:106][  0]LogTemp: Display: Loaded TP AndroidTargetPlatform
[2018.11.23-05.17.22:106][  0]LogTemp: Display: Loaded TP AndroidTargetPlatform
[2018.11.23-05.17.22:108][  0]LogTemp: Display: Loaded TP HTML5TargetPlatform
[2018.11.23-05.17.22:185][  0]LogTemp: Display: Loaded TP IOSTargetPlatform
[2018.11.23-05.17.22:185][  0]LogTemp: Display: Loaded TP IOSTargetPlatform
[2018.11.23-05.17.22:278][  0]LogTemp: Display: Loaded TP TVOSTargetPlatform
[2018.11.23-05.17.22:279][  0]LogTemp: Display: Loaded TP TVOSTargetPlatform
[2018.11.23-05.17.22:321][  0]LogTemp: Display: Loaded TP LinuxClientTargetPlatform
[2018.11.23-05.17.22:371][  0]LogTemp: Display: Loaded TP LinuxNoEditorTargetPlatform
[2018.11.23-05.17.22:413][  0]LogTemp: Display: Loaded TP LinuxServerTargetPlatform
[2018.11.23-05.17.22:437][  0]LogTemp: Display: Loaded TP LinuxTargetPlatform
[2018.11.23-05.17.22:449][  0]LogTemp: Display: Loaded TP LuminTargetPlatform
[2018.11.23-05.17.22:449][  0]LogTargetPlatformManager: Display: Building Assets For Windows
[2018.11.23-05.17.22:535][  0]LogShaderCompilers: Display: Using XGE Shader Compiler (Interception Interface).
[2018.11.23-05.17.23:423][  0]LogDerivedDataCache: Display: Max Cache Size: 512 MB
[2018.11.23-05.17.23:485][  0]LogDerivedDataCache: Loaded boot cache 0.06s 72MB C:/Users/User/AppData/Local/UnrealEngine/4.20/DerivedDataCache/Boot.ddc.
[2018.11.23-05.17.23:485][  0]LogDerivedDataCache: Display: Loaded Boot cache: C:/Users/User/AppData/Local/UnrealEngine/4.20/DerivedDataCache/Boot.ddc
[2018.11.23-05.17.23:485][  0]LogDerivedDataCache: FDerivedDataBackendGraph:  Pak pak cache file ../../../../../../Users/User/Documents/Unreal Projects/Project/DerivedDataCache/DDC.ddp not found, will not use a pak cache.
[2018.11.23-05.17.23:485][  0]LogDerivedDataCache: Unable to find inner node Pak for hierarchical cache Hierarchy.
[2018.11.23-05.17.23:485][  0]LogDerivedDataCache: FDerivedDataBackendGraph:  CompressedPak pak cache file ../../../../../../Users/User/Documents/Unreal Projects/Project/DerivedDataCache/Compressed.ddp not found, will not use a pak cache.
[2018.11.23-05.17.23:485][  0]LogDerivedDataCache: Unable to find inner node CompressedPak for hierarchical cache Hierarchy.
[2018.11.23-05.17.23:499][  0]LogDerivedDataCache: Display: Pak cache opened for reading ../../../Engine/DerivedDataCache/Compressed.ddp.
[2018.11.23-05.17.23:512][  0]LogDerivedDataCache: Using Local data cache path C:/Users/User/AppData/Local/UnrealEngine/Common/DerivedDataCache: Writable
[2018.11.23-05.17.23:512][  0]LogDerivedDataCache: Shared data cache path not found in *engine.ini, will not use an Shared cache.
[2018.11.23-05.17.23:512][  0]LogDerivedDataCache: Unable to find inner node Shared for hierarchical cache Hierarchy.
[2018.11.23-05.17.23:534][  0]LogMaterial: Verifying Global Shaders for PCD3D_SM5
[2018.11.23-05.17.23:536][  0]LogSlate: Using FreeType 2.6.0
[2018.11.23-05.17.23:536][  0]LogSlate: SlateFontServices - WITH_FREETYPE: 1, WITH_HARFBUZZ: 1
[2018.11.23-05.17.23:634][  0]LogAssetRegistry: FAssetRegistry took 0.0264 seconds to start up
[2018.11.23-05.17.24:042][  0]LogInit: Selected Device Profile: [Windows]
[2018.11.23-05.17.24:110][  0]LogSimplygon: Simplygon DLL not present - disabling.
[2018.11.23-05.17.24:115][  0]LogMeshReduction: Using SimplygonSwarm for distributed automatic mesh merging
[2018.11.23-05.17.24:115][  0]LogMeshReduction: Using ProxyLODMeshReduction for automatic mesh merging
[2018.11.23-05.17.24:115][  0]LogMeshReduction: Using QuadricMeshReduction for automatic static mesh reduction
[2018.11.23-05.17.24:115][  0]LogMeshReduction: No automatic skeletal mesh reduction module available
[2018.11.23-05.17.24:240][  0]LogNetVersion: Project 1.0.0, NetCL: 4212847, EngineNetVer: 5, GameNetVer: 0 (Checksum: 1790082038)
[2018.11.23-05.17.24:941][  0]LogPackageLocalizationCache: Processed 13 localized package path(s) for 2 prioritized culture(s) in 0.177797 seconds
[2018.11.23-05.17.24:951][  0]LogUObjectArray: 38425 objects as part of root set at end of initial load.
[2018.11.23-05.17.24:951][  0]LogUObjectAllocator: 6690872 out of 0 bytes used by permanent object pool.
[2018.11.23-05.17.24:951][  0]LogUObjectArray: CloseDisregardForGC: 0/0 objects in disregard for GC pool
[2018.11.23-05.17.25:946][  0]LogTcpMessaging: Initializing TcpMessaging bridge
[2018.11.23-05.17.25:961][  0]LogUdpMessaging: Initializing bridge on interface 0.0.0.0:0 to multicast group 230.0.0.1:6666.
[2018.11.23-05.17.26:281][  0]SourceControl: 소스 컨트롤이 꺼졌습니다.
[2018.11.23-05.17.26:281][  0]SourceControl: 소스 컨트롤이 꺼졌습니다.
[2018.11.23-05.17.26:285][  0]SourceControl: 소스 컨트롤이 꺼졌습니다.
[2018.11.23-05.17.26:288][  0]SourceControl: 소스 컨트롤이 꺼졌습니다.
[2018.11.23-05.17.26:557][  0]LogAndroidPermission: UAndroidPermissionCallbackProxy::GetInstance
[2018.11.23-05.17.26:732][  0]LogOcInput: OculusInput pre-init called
[2018.11.23-05.17.31:221][  0]LogEngine: Initializing Engine...
[2018.11.23-05.17.31:223][  0]LogHMD: Failed to initialize OpenVR with code 110
[2018.11.23-05.17.31:226][  0]LogStats: UGameplayTagsManager::ConstructGameplayTagTree: ImportINI prefixes -  0.000 s
[2018.11.23-05.17.31:226][  0]LogStats: UGameplayTagsManager::ConstructGameplayTagTree: Construct from data asset -  0.000 s
[2018.11.23-05.17.31:227][  0]LogStats: UGameplayTagsManager::ConstructGameplayTagTree: ImportINI -  0.000 s
[2018.11.23-05.17.31:227][  0]LogStats: UGameplayTagsManager::ConstructGameplayTagTree: GameplayTagTreeChangedEvent.Broadcast -  0.000 s
[2018.11.23-05.17.31:642][  0]LogInit: Initializing FReadOnlyCVARCache
[2018.11.23-05.17.31:671][  0]LogAIModule: Creating AISystem for world Untitled
[2018.11.23-05.17.31:683][  0]LogInit: XAudio2 using '스피커(Conexant HD Audio)' : 2 channels at 48 kHz using 32 bits per sample (channel mask 0x3)
[2018.11.23-05.17.31:808][  0]LogInit: FAudioDevice initialized.
[2018.11.23-05.17.31:809][  0]LogNetVersion: Set ProjectVersion to 1.0.0.0. Version Checksum will be recalculated on next use.
[2018.11.23-05.17.31:916][  0]LogDerivedDataCache: Saved boot cache 0.11s 72MB C:/Users/User/AppData/Local/UnrealEngine/4.20/DerivedDataCache/Boot.ddc.
[2018.11.23-05.17.31:963][  0]LogInit: Texture streaming: Enabled
[2018.11.23-05.17.32:030][  0]LogEngineSessionManager: EngineSessionManager initialized
[2018.11.23-05.17.32:096][  0]LogInit: Transaction tracking system initialized
[2018.11.23-05.17.32:200][  0]BlueprintLog: New page: 에디터 로드
[2018.11.23-05.17.32:319][  0]LocalizationService: 현지화 서비스가 비활성화되었습니다.
[2018.11.23-05.17.32:841][  0]LogCook: Display: Max memory allowance for cook 16384mb min free memory 0mb
[2018.11.23-05.17.32:841][  0]LogCook: Display: Mobile HDR setting 1
[2018.11.23-05.17.32:841][  0]LogGameplayTags: Display: UGameplayTagsManager::DoneAddingNativeTags. DelegateIsBound: 0
[2018.11.23-05.17.32:841][  0]LogStats: UGameplayTagsManager::ConstructGameplayTagTree: ImportINI prefixes -  0.000 s
[2018.11.23-05.17.32:841][  0]LogStats: UGameplayTagsManager::ConstructGameplayTagTree: Construct from data asset -  0.000 s
[2018.11.23-05.17.32:842][  0]LogStats: UGameplayTagsManager::ConstructGameplayTagTree: ImportINI -  0.000 s
[2018.11.23-05.17.32:842][  0]LogStats: UGameplayTagsManager::ConstructGameplayTagTree: GameplayTagTreeChangedEvent.Broadcast -  0.000 s
[2018.11.23-05.17.33:105][  0]LogFileCache: Scanning file cache for directory 'C:/Users/User/Documents/Unreal Projects/Project/Content/' took 0.02s
[2018.11.23-05.17.34:627][  0]SourceControl: 소스 컨트롤이 꺼졌습니다.
[2018.11.23-05.17.34:627][  0]Cmd: MAP LOAD FILE="../../../../../../Users/User/Documents/Unreal Projects/Project/Content/2DSideScrollerBP/Maps/2DSideScrollerExampleMap.umap" TEMPLATE=0 SHOWPROGRESS=1 FEATURELEVEL=3
[2018.11.23-05.17.34:636][  0]LightingResults: New page: 라이팅 빌드
[2018.11.23-05.17.34:640][  0]MapCheck: New page: 맵 체크
[2018.11.23-05.17.34:640][  0]LightingResults: New page: 라이팅 빌드
[2018.11.23-05.17.36:708][  0]LogAIModule: Creating AISystem for world 2DSideScrollerExampleMap
[2018.11.23-05.17.36:724][  0]LogEditorServer: Finished looking for orphan Actors (0.000 secs)
[2018.11.23-05.17.36:782][  0]Cmd: MAP CHECKDEP NOCLEARLOG
[2018.11.23-05.17.36:982][  0]MapCheck: 맵 체크 완료: 오류 0 회, 경고 0 회, 소요 시간 200.128ms.
[2018.11.23-05.17.36:983][  0]LogFileHelpers: Loading map '2DSideScrollerExampleMap' took 2.356
[2018.11.23-05.17.37:189][  0]LogSlate: Updating window title bar state: overlay mode, drag disabled, window buttons hidden, title bar hidden
[2018.11.23-05.17.37:201][  0]LogSlate: Updating window title bar state: overlay mode, drag disabled, window buttons hidden, title bar hidden
[2018.11.23-05.17.37:211][  0]LogSlate: Updating window title bar state: overlay mode, drag disabled, window buttons hidden, title bar hidden
[2018.11.23-05.17.37:221][  0]LogSlate: Updating window title bar state: overlay mode, drag disabled, window buttons hidden, title bar hidden
[2018.11.23-05.17.37:257][  0]LogCollectionManager: Loaded 0 collections in 0.005058 seconds
[2018.11.23-05.17.37:362][  0]LogFileCache: Scanning file cache for directory 'C:/Users/User/Documents/Unreal Projects/Project/Saved/Collections/' took 0.01s
[2018.11.23-05.17.37:362][  0]LogFileCache: Scanning file cache for directory 'C:/Users/User/Documents/Unreal Projects/Project/Content/Developers/User/Collections/' took 0.01s
[2018.11.23-05.17.37:363][  0]LogFileCache: Scanning file cache for directory 'C:/Users/User/Documents/Unreal Projects/Project/Content/Collections/' took 0.01s
[2018.11.23-05.17.37:364][  0]LogCollectionManager: Rebuilt the GUID cache for 0 collections in 0.000002 seconds
[2018.11.23-05.17.37:419][  0]LogContentBrowser: Native class hierarchy populated in 0.0513 seconds. Added 2621 classes and 629 folders.
[2018.11.23-05.17.37:466][  0]LogContentBrowser: Native class hierarchy updated for 'WidgetCarousel' in 0.0010 seconds. Added 0 classes and 0 folders.
[2018.11.23-05.17.38:655][  0]LogContentBrowser: Native class hierarchy updated for 'AddContentDialog' in 0.0005 seconds. Added 0 classes and 0 folders.
[2018.11.23-05.17.38:683][  0]LogContentBrowser: Native class hierarchy updated for 'SceneOutliner' in 0.0006 seconds. Added 1 classes and 2 folders.
[2018.11.23-05.17.38:820][  0]LogSlate: Took 0.000866 seconds to synchronously load lazily loaded font '../../../Engine/Content/Slate/Fonts/Roboto-Regular.ttf' (155K)
[2018.11.23-05.17.38:842][  0]LogSlate: Took 0.013307 seconds to synchronously load lazily loaded font '../../../Engine/Content/Editor/Slate/Fonts/NanumGothic.ttf' (4243K)
[2018.11.23-05.17.38:855][  0]LogSlate: Took 0.009641 seconds to synchronously load lazily loaded font '../../../Engine/Content/Editor/Slate/Fonts/NanumGothicBold.ttf' (4188K)
[2018.11.23-05.17.38:856][  0]LogSlate: Took 0.000692 seconds to synchronously load lazily loaded font '../../../Engine/Content/Slate/Fonts/Roboto-Bold.ttf' (160K)
[2018.11.23-05.17.38:914][  0]LogSlate: Took 0.027890 seconds to synchronously load lazily loaded font '../../../Engine/Content/Editor/Slate/Fonts/FontAwesome.ttf' (139K)
[2018.11.23-05.17.39:415][  0]LogRenderer: Reallocating scene render targets to support 784x440 Format 10 NumSamples 1 (Frame:1).
[2018.11.23-05.17.40:260][  0]LogContentBrowser: Native class hierarchy updated for 'HierarchicalLODOutliner' in 0.0008 seconds. Added 0 classes and 0 folders.
[2018.11.23-05.17.40:261][  0]LogLoad: (Engine Initialization) Total time: 23.06 seconds
[2018.11.23-05.17.40:261][  0]LogLoad: (Engine Initialization) Total Blueprint compile time: 0.00 seconds
[2018.11.23-05.17.40:286][  0]LogWindowsTextInputMethodSystem: Display: IME system now activated using TSF (Microsoft 입력기).
[2018.11.23-05.17.40:346][  0]LogContentStreaming: Texture pool size now 1000 MB
[2018.11.23-05.17.40:716][  1]LogSlate: Took 0.182066 seconds to synchronously load lazily loaded font '../../../Engine/Content/Slate/Fonts/Roboto-Light.ttf' (167K)
[2018.11.23-05.17.40:789][  3]LogAssetRegistry: Asset discovery search completed in 17.1781 seconds
[2018.11.23-05.17.40:791][  3]LogCollectionManager: Rebuilt the object cache for 0 collections in 0.000001 seconds (found 0 objects)
[2018.11.23-05.17.40:792][  3]LogCollectionManager: Fixed up redirectors for 0 collections in 0.000080 seconds (updated 0 objects)
[2018.11.23-05.18.32:698][157]LogSlate: FSceneViewport::OnFocusLost() reason 0
[2018.11.23-05.18.35:455][363]LogTemp: Repeating last play command: 선택된 뷰포트
[2018.11.23-05.18.35:493][363]LogBlueprintUserMessages: Early PlayInEditor Detection: Level '/Game/2DSideScrollerBP/Maps/2DSideScrollerExampleMap.2DSideScrollerExampleMap:PersistentLevel' has LevelScriptBlueprint '/Game/2DSideScrollerBP/Maps/2DSideScrollerExampleMap.2DSideScrollerExampleMap:PersistentLevel.2DSideScrollerExampleMap' with GeneratedClass '/Game/2DSideScrollerBP/Maps/2DSideScrollerExampleMap.2DSideScrollerExampleMap_C' with ClassGeneratedBy '/Game/2DSideScrollerBP/Maps/2DSideScrollerExampleMap.2DSideScrollerExampleMap:PersistentLevel.2DSideScrollerExampleMap'
[2018.11.23-05.18.35:493][363]LogPlayLevel: PlayLevel: No blueprints needed recompiling
[2018.11.23-05.18.35:509][363]PIE: New page: PIE 세션: 2DSideScrollerExampleMap (2018. 11. 23. 오후 11:18:35)
[2018.11.23-05.18.35:510][363]LogPlayLevel: Creating play world package: /Game/2DSideScrollerBP/Maps/UEDPIE_0_2DSideScrollerExampleMap
[2018.11.23-05.18.35:516][363]LogPlayLevel: PIE: StaticDuplicateObject took: (0.005798s)
[2018.11.23-05.18.35:517][363]LogAIModule: Creating AISystem for world 2DSideScrollerExampleMap
[2018.11.23-05.18.35:517][363]LogPlayLevel: PIE: World Init took: (0.001532s)
[2018.11.23-05.18.35:518][363]LogPlayLevel: PIE: Created PIE world by copying editor world from /Game/2DSideScrollerBP/Maps/2DSideScrollerExampleMap.2DSideScrollerExampleMap to /Game/2DSideScrollerBP/Maps/UEDPIE_0_2DSideScrollerExampleMap.2DSideScrollerExampleMap (0.007597s)
[2018.11.23-05.18.35:597][363]LogInit: XAudio2 using '스피커(Conexant HD Audio)' : 2 channels at 48 kHz using 32 bits per sample (channel mask 0x3)
[2018.11.23-05.18.35:703][363]LogInit: FAudioDevice initialized.
[2018.11.23-05.18.35:758][363]LogLoad: Game class is '2DSideScrollerGameMode_C'
[2018.11.23-05.18.35:771][363]LogWorld: Bringing World /Game/2DSideScrollerBP/Maps/UEDPIE_0_2DSideScrollerExampleMap.2DSideScrollerExampleMap up for play (max tick rate 0) at 2018.11.23-14.18.35
[2018.11.23-05.18.35:775][363]LogWorld: Bringing up level for play took: 0.007510
[2018.11.23-05.18.35:839][363]LogContentBrowser: Native class hierarchy updated for 'MovieSceneCapture' in 0.0019 seconds. Added 10 classes and 0 folders.
[2018.11.23-05.18.35:884][363]LogBlueprintUserMessages: [2DSideScrollerCharacter_254] Load Game from Slot
[2018.11.23-05.18.35:886][363]PIE: /Game/2DSideScrollerBP/Maps/UEDPIE_0_2DSideScrollerExampleMap 에 대한 에디터에서 플레이 시작 시간: 0.839
[2018.11.23-05.18.35:887][363]LogBlueprintUserMessages: Late PlayInEditor Detection: Level '/Game/2DSideScrollerBP/Maps/2DSideScrollerExampleMap.2DSideScrollerExampleMap:PersistentLevel' has LevelScriptBlueprint '/Game/2DSideScrollerBP/Maps/2DSideScrollerExampleMap.2DSideScrollerExampleMap:PersistentLevel.2DSideScrollerExampleMap' with GeneratedClass '/Game/2DSideScrollerBP/Maps/2DSideScrollerExampleMap.2DSideScrollerExampleMap_C' with ClassGeneratedBy '/Game/2DSideScrollerBP/Maps/2DSideScrollerExampleMap.2DSideScrollerExampleMap:PersistentLevel.2DSideScrollerExampleMap'
[2018.11.23-05.18.40:657][580]LogSlate: Updating window title bar state: overlay mode, drag disabled, window buttons hidden, title bar hidden
[2018.11.23-05.19.01:918][587]LogNet: Browse: /Game/2DSideScrollerBP/Maps/2DSideScrollerExampleMap
[2018.11.23-05.19.01:919][587]LogLoad: LoadMap: /Game/2DSideScrollerBP/Maps/2DSideScrollerExampleMap
[2018.11.23-05.19.01:953][587]LogPlayLevel: Creating play world package: /Game/2DSideScrollerBP/Maps/UEDPIE_0_2DSideScrollerExampleMap
[2018.11.23-05.19.01:956][587]LogPlayLevel: PIE: StaticDuplicateObject took: (0.002864s)
[2018.11.23-05.19.01:957][587]LogAIModule: Creating AISystem for world 2DSideScrollerExampleMap
[2018.11.23-05.19.01:957][587]LogPlayLevel: PIE: World Init took: (0.001013s)
[2018.11.23-05.19.01:957][587]LogPlayLevel: PIE: Created PIE world by copying editor world from /Game/2DSideScrollerBP/Maps/2DSideScrollerExampleMap.2DSideScrollerExampleMap to /Game/2DSideScrollerBP/Maps/UEDPIE_0_2DSideScrollerExampleMap.2DSideScrollerExampleMap (0.004094s)
[2018.11.23-05.19.01:957][587]LogLoad: Game class is '2DSideScrollerGameMode_C'
[2018.11.23-05.19.01:959][587]LogWorld: Bringing World /Game/2DSideScrollerBP/Maps/UEDPIE_0_2DSideScrollerExampleMap.2DSideScrollerExampleMap up for play (max tick rate 0) at 2018.11.23-14.19.01
[2018.11.23-05.19.01:959][587]LogWorld: Bringing up level for play took: 0.001292
[2018.11.23-05.19.01:967][587]LogBlueprintUserMessages: [2DSideScrollerCharacter_254] Load Game from Slot
[2018.11.23-05.19.01:968][587]LogLoad: Took 0.048597 seconds to LoadMap(/Game/2DSideScrollerBP/Maps/UEDPIE_0_2DSideScrollerExampleMap)
[2018.11.23-05.19.04:585][716]LogSlate: Updating window title bar state: overlay mode, drag disabled, window buttons hidden, title bar hidden
[2018.11.23-05.19.07:215][841]LogNet: Browse: /Game/2DSideScrollerBP/Maps/2DSideScrollerExampleMap
[2018.11.23-05.19.07:216][841]LogLoad: LoadMap: /Game/2DSideScrollerBP/Maps/2DSideScrollerExampleMap
[2018.11.23-05.19.07:246][841]LogPlayLevel: Creating play world package: /Game/2DSideScrollerBP/Maps/UEDPIE_0_2DSideScrollerExampleMap
[2018.11.23-05.19.07:250][841]LogPlayLevel: PIE: StaticDuplicateObject took: (0.002744s)
[2018.11.23-05.19.07:250][841]LogAIModule: Creating AISystem for world 2DSideScrollerExampleMap
[2018.11.23-05.19.07:251][841]LogPlayLevel: PIE: World Init took: (0.000865s)
[2018.11.23-05.19.07:251][841]LogPlayLevel: PIE: Created PIE world by copying editor world from /Game/2DSideScrollerBP/Maps/2DSideScrollerExampleMap.2DSideScrollerExampleMap to /Game/2DSideScrollerBP/Maps/UEDPIE_0_2DSideScrollerExampleMap.2DSideScrollerExampleMap (0.003847s)
[2018.11.23-05.19.07:251][841]LogLoad: Game class is '2DSideScrollerGameMode_C'
[2018.11.23-05.19.07:252][841]LogWorld: Bringing World /Game/2DSideScrollerBP/Maps/UEDPIE_0_2DSideScrollerExampleMap.2DSideScrollerExampleMap up for play (max tick rate 0) at 2018.11.23-14.19.07
[2018.11.23-05.19.07:252][841]LogWorld: Bringing up level for play took: 0.001208
[2018.11.23-05.19.07:256][841]LogBlueprintUserMessages: [2DSideScrollerCharacter_254] Load Game from Slot
[2018.11.23-05.19.07:257][841]LogLoad: Took 0.041680 seconds to LoadMap(/Game/2DSideScrollerBP/Maps/UEDPIE_0_2DSideScrollerExampleMap)
[2018.11.23-05.19.13:158][135]LogSlate: Updating window title bar state: overlay mode, drag disabled, window buttons hidden, title bar hidden
[2018.11.23-05.19.19:775][455]LogNet: Browse: /Game/2DSideScrollerBP/Maps/2DSideScrollerExampleMap
[2018.11.23-05.19.19:796][455]LogLoad: LoadMap: /Game/2DSideScrollerBP/Maps/2DSideScrollerExampleMap
[2018.11.23-05.19.19:833][455]LogPlayLevel: Creating play world package: /Game/2DSideScrollerBP/Maps/UEDPIE_0_2DSideScrollerExampleMap
[2018.11.23-05.19.19:837][455]LogPlayLevel: PIE: StaticDuplicateObject took: (0.003243s)
[2018.11.23-05.19.19:838][455]LogAIModule: Creating AISystem for world 2DSideScrollerExampleMap
[2018.11.23-05.19.19:838][455]LogPlayLevel: PIE: World Init took: (0.001460s)
[2018.11.23-05.19.19:838][455]LogPlayLevel: PIE: Created PIE world by copying editor world from /Game/2DSideScrollerBP/Maps/2DSideScrollerExampleMap.2DSideScrollerExampleMap to /Game/2DSideScrollerBP/Maps/UEDPIE_0_2DSideScrollerExampleMap.2DSideScrollerExampleMap (0.005008s)
[2018.11.23-05.19.19:838][455]LogLoad: Game class is '2DSideScrollerGameMode_C'
[2018.11.23-05.19.19:840][455]LogWorld: Bringing World /Game/2DSideScrollerBP/Maps/UEDPIE_0_2DSideScrollerExampleMap.2DSideScrollerExampleMap up for play (max tick rate 0) at 2018.11.23-14.19.19
[2018.11.23-05.19.19:841][455]LogWorld: Bringing up level for play took: 0.001589
[2018.11.23-05.19.19:844][455]LogBlueprintUserMessages: [2DSideScrollerCharacter_254] Load Game from Slot
[2018.11.23-05.19.19:844][455]LogLoad: Took 0.047893 seconds to LoadMap(/Game/2DSideScrollerBP/Maps/UEDPIE_0_2DSideScrollerExampleMap)
[2018.11.23-05.19.22:990][604]LogSlate: Updating window title bar state: overlay mode, drag disabled, window buttons hidden, title bar hidden
[2018.11.23-05.19.22:990][604]LogBlueprintUserMessages: Early EndPlayMap Detection: Level '/Game/2DSideScrollerBP/Maps/2DSideScrollerExampleMap.2DSideScrollerExampleMap:PersistentLevel' has LevelScriptBlueprint '/Game/2DSideScrollerBP/Maps/2DSideScrollerExampleMap.2DSideScrollerExampleMap:PersistentLevel.2DSideScrollerExampleMap' with GeneratedClass '/Game/2DSideScrollerBP/Maps/2DSideScrollerExampleMap.2DSideScrollerExampleMap_C' with ClassGeneratedBy '/Game/2DSideScrollerBP/Maps/2DSideScrollerExampleMap.2DSideScrollerExampleMap:PersistentLevel.2DSideScrollerExampleMap'
[2018.11.23-05.19.23:032][604]LogPlayLevel: Display: Shutting down PIE online subsystems
[2018.11.23-05.19.23:032][604]LogBlueprintUserMessages: Late EndPlayMap Detection: Level '/Game/2DSideScrollerBP/Maps/2DSideScrollerExampleMap.2DSideScrollerExampleMap:PersistentLevel' has LevelScriptBlueprint '/Game/2DSideScrollerBP/Maps/2DSideScrollerExampleMap.2DSideScrollerExampleMap:PersistentLevel.2DSideScrollerExampleMap' with GeneratedClass '/Game/2DSideScrollerBP/Maps/2DSideScrollerExampleMap.2DSideScrollerExampleMap_C' with ClassGeneratedBy '/Game/2DSideScrollerBP/Maps/2DSideScrollerExampleMap.2DSideScrollerExampleMap:PersistentLevel.2DSideScrollerExampleMap'
[2018.11.23-05.19.23:066][604]LogSlate: Updating window title bar state: overlay mode, drag disabled, window buttons hidden, title bar hidden
[2018.11.23-05.19.23:100][605]LogPlayLevel: Display: Destroying online subsystem :Context_1
[2018.11.23-05.20.29:273][126]LogTemp: Repeating last play command: 선택된 뷰포트
[2018.11.23-05.20.29:365][126]LogBlueprintUserMessages: Early PlayInEditor Detection: Level '/Game/2DSideScrollerBP/Maps/2DSideScrollerExampleMap.2DSideScrollerExampleMap:PersistentLevel' has LevelScriptBlueprint '/Game/2DSideScrollerBP/Maps/2DSideScrollerExampleMap.2DSideScrollerExampleMap:PersistentLevel.2DSideScrollerExampleMap' with GeneratedClass '/Game/2DSideScrollerBP/Maps/2DSideScrollerExampleMap.2DSideScrollerExampleMap_C' with ClassGeneratedBy '/Game/2DSideScrollerBP/Maps/2DSideScrollerExampleMap.2DSideScrollerExampleMap:PersistentLevel.2DSideScrollerExampleMap'
[2018.11.23-05.20.29:365][126]LogPlayLevel: PlayLevel: No blueprints needed recompiling
[2018.11.23-05.20.29:365][126]PIE: New page: PIE 세션: 2DSideScrollerExampleMap (2018. 11. 23. 오후 11:20:29)
[2018.11.23-05.20.29:366][126]LogPlayLevel: Creating play world package: /Game/2DSideScrollerBP/Maps/UEDPIE_0_2DSideScrollerExampleMap
[2018.11.23-05.20.29:371][126]LogPlayLevel: PIE: StaticDuplicateObject took: (0.005465s)
[2018.11.23-05.20.29:373][126]LogAIModule: Creating AISystem for world 2DSideScrollerExampleMap
[2018.11.23-05.20.29:373][126]LogPlayLevel: PIE: World Init took: (0.002022s)
[2018.11.23-05.20.29:373][126]LogPlayLevel: PIE: Created PIE world by copying editor world from /Game/2DSideScrollerBP/Maps/2DSideScrollerExampleMap.2DSideScrollerExampleMap to /Game/2DSideScrollerBP/Maps/UEDPIE_0_2DSideScrollerExampleMap.2DSideScrollerExampleMap (0.007829s)
[2018.11.23-05.20.29:462][126]LogInit: XAudio2 using '스피커(Conexant HD Audio)' : 2 channels at 48 kHz using 32 bits per sample (channel mask 0x3)
[2018.11.23-05.20.29:527][126]LogInit: FAudioDevice initialized.
[2018.11.23-05.20.29:561][126]LogLoad: Game class is '2DSideScrollerGameMode_C'
[2018.11.23-05.20.29:563][126]LogWorld: Bringing World /Game/2DSideScrollerBP/Maps/UEDPIE_0_2DSideScrollerExampleMap.2DSideScrollerExampleMap up for play (max tick rate 0) at 2018.11.23-14.20.29
[2018.11.23-05.20.29:563][126]LogWorld: Bringing up level for play took: 0.001154
[2018.11.23-05.20.29:577][126]LogBlueprintUserMessages: [2DSideScrollerCharacter_254] Load Game from Slot
[2018.11.23-05.20.29:578][126]PIE: /Game/2DSideScrollerBP/Maps/UEDPIE_0_2DSideScrollerExampleMap 에 대한 에디터에서 플레이 시작 시간: 0.53
[2018.11.23-05.20.29:578][126]LogBlueprintUserMessages: Late PlayInEditor Detection: Level '/Game/2DSideScrollerBP/Maps/2DSideScrollerExampleMap.2DSideScrollerExampleMap:PersistentLevel' has LevelScriptBlueprint '/Game/2DSideScrollerBP/Maps/2DSideScrollerExampleMap.2DSideScrollerExampleMap:PersistentLevel.2DSideScrollerExampleMap' with GeneratedClass '/Game/2DSideScrollerBP/Maps/2DSideScrollerExampleMap.2DSideScrollerExampleMap_C' with ClassGeneratedBy '/Game/2DSideScrollerBP/Maps/2DSideScrollerExampleMap.2DSideScrollerExampleMap:PersistentLevel.2DSideScrollerExampleMap'
[2018.11.23-05.21.01:760][750]LogSlate: FSceneViewport::OnFocusLost() reason 2
[2018.11.23-05.21.05:997][878]LogSlate: FSceneViewport::OnFocusLost() reason 2
[2018.11.23-05.21.17:294][282]LogSlate: Updating window title bar state: overlay mode, drag disabled, window buttons hidden, title bar hidden
[2018.11.23-05.21.23:919][523]LogNet: Browse: /Game/2DSideScrollerBP/Maps/2DSideScrollerExampleMap
[2018.11.23-05.21.23:919][523]LogLoad: LoadMap: /Game/2DSideScrollerBP/Maps/2DSideScrollerExampleMap
[2018.11.23-05.21.23:959][523]LogPlayLevel: Creating play world package: /Game/2DSideScrollerBP/Maps/UEDPIE_0_2DSideScrollerExampleMap
[2018.11.23-05.21.23:962][523]LogPlayLevel: PIE: StaticDuplicateObject took: (0.002929s)
[2018.11.23-05.21.23:963][523]LogAIModule: Creating AISystem for world 2DSideScrollerExampleMap
[2018.11.23-05.21.23:963][523]LogPlayLevel: PIE: World Init took: (0.000933s)
[2018.11.23-05.21.23:963][523]LogPlayLevel: PIE: Created PIE world by copying editor world from /Game/2DSideScrollerBP/Maps/2DSideScrollerExampleMap.2DSideScrollerExampleMap to /Game/2DSideScrollerBP/Maps/UEDPIE_0_2DSideScrollerExampleMap.2DSideScrollerExampleMap (0.004119s)
[2018.11.23-05.21.23:963][523]LogLoad: Game class is '2DSideScrollerGameMode_C'
[2018.11.23-05.21.23:965][523]LogWorld: Bringing World /Game/2DSideScrollerBP/Maps/UEDPIE_0_2DSideScrollerExampleMap.2DSideScrollerExampleMap up for play (max tick rate 0) at 2018.11.23-14.21.23
[2018.11.23-05.21.23:966][523]LogWorld: Bringing up level for play took: 0.001447
[2018.11.23-05.21.23:969][523]LogBlueprintUserMessages: [2DSideScrollerCharacter_254] Load Game from Slot
[2018.11.23-05.21.23:970][523]LogLoad: Took 0.050119 seconds to LoadMap(/Game/2DSideScrollerBP/Maps/UEDPIE_0_2DSideScrollerExampleMap)
[2018.11.23-05.21.30:094][743]LogSlate: Updating window title bar state: overlay mode, drag disabled, window buttons hidden, title bar hidden
[2018.11.23-05.21.33:532][867]LogNet: Browse: /Game/2DSideScrollerBP/Maps/2DSideScrollerExampleMap
[2018.11.23-05.21.33:566][867]LogLoad: LoadMap: /Game/2DSideScrollerBP/Maps/2DSideScrollerExampleMap
[2018.11.23-05.21.33:676][867]LogPlayLevel: Creating play world package: /Game/2DSideScrollerBP/Maps/UEDPIE_0_2DSideScrollerExampleMap
[2018.11.23-05.21.33:681][867]LogPlayLevel: PIE: StaticDuplicateObject took: (0.005211s)
[2018.11.23-05.21.33:682][867]LogAIModule: Creating AISystem for world 2DSideScrollerExampleMap
[2018.11.23-05.21.33:683][867]LogPlayLevel: PIE: World Init took: (0.001405s)
[2018.11.23-05.21.33:683][867]LogPlayLevel: PIE: Created PIE world by copying editor world from /Game/2DSideScrollerBP/Maps/2DSideScrollerExampleMap.2DSideScrollerExampleMap to /Game/2DSideScrollerBP/Maps/UEDPIE_0_2DSideScrollerExampleMap.2DSideScrollerExampleMap (0.006929s)
[2018.11.23-05.21.33:683][867]LogLoad: Game class is '2DSideScrollerGameMode_C'
[2018.11.23-05.21.33:686][867]LogWorld: Bringing World /Game/2DSideScrollerBP/Maps/UEDPIE_0_2DSideScrollerExampleMap.2DSideScrollerExampleMap up for play (max tick rate 0) at 2018.11.23-14.21.33
[2018.11.23-05.21.33:686][867]LogWorld: Bringing up level for play took: 0.002355
[2018.11.23-05.21.33:690][867]LogBlueprintUserMessages: [2DSideScrollerCharacter_254] Load Game from Slot
[2018.11.23-05.21.33:690][867]LogLoad: Took 0.124015 seconds to LoadMap(/Game/2DSideScrollerBP/Maps/UEDPIE_0_2DSideScrollerExampleMap)
[2018.11.23-05.21.43:193][210]LogSlate: Updating window title bar state: overlay mode, drag disabled, window buttons hidden, title bar hidden
[2018.11.23-05.21.53:181][571]LogNet: Browse: /Game/2DSideScrollerBP/Maps/2DSideScrollerExampleMap
[2018.11.23-05.21.53:185][571]LogLoad: LoadMap: /Game/2DSideScrollerBP/Maps/2DSideScrollerExampleMap
[2018.11.23-05.21.53:233][571]LogPlayLevel: Creating play world package: /Game/2DSideScrollerBP/Maps/UEDPIE_0_2DSideScrollerExampleMap
[2018.11.23-05.21.53:237][571]LogPlayLevel: PIE: StaticDuplicateObject took: (0.003690s)
[2018.11.23-05.21.53:238][571]LogAIModule: Creating AISystem for world 2DSideScrollerExampleMap
[2018.11.23-05.21.53:238][571]LogPlayLevel: PIE: World Init took: (0.000881s)
[2018.11.23-05.21.53:238][571]LogPlayLevel: PIE: Created PIE world by copying editor world from /Game/2DSideScrollerBP/Maps/2DSideScrollerExampleMap.2DSideScrollerExampleMap to /Game/2DSideScrollerBP/Maps/UEDPIE_0_2DSideScrollerExampleMap.2DSideScrollerExampleMap (0.004790s)
[2018.11.23-05.21.53:238][571]LogLoad: Game class is '2DSideScrollerGameMode_C'
[2018.11.23-05.21.53:240][571]LogWorld: Bringing World /Game/2DSideScrollerBP/Maps/UEDPIE_0_2DSideScrollerExampleMap.2DSideScrollerExampleMap up for play (max tick rate 0) at 2018.11.23-14.21.53
[2018.11.23-05.21.53:240][571]LogWorld: Bringing up level for play took: 0.001167
[2018.11.23-05.21.53:243][571]LogBlueprintUserMessages: [2DSideScrollerCharacter_254] Load Game from Slot
[2018.11.23-05.21.53:243][571]LogLoad: Took 0.057766 seconds to LoadMap(/Game/2DSideScrollerBP/Maps/UEDPIE_0_2DSideScrollerExampleMap)
[2018.11.23-05.22.21:436][589]LogSlate: Updating window title bar state: overlay mode, drag disabled, window buttons hidden, title bar hidden
[2018.11.23-05.22.30:264][905]LogNet: Browse: /Game/2DSideScrollerBP/Maps/2DSideScrollerExampleMap
[2018.11.23-05.22.30:272][905]LogLoad: LoadMap: /Game/2DSideScrollerBP/Maps/2DSideScrollerExampleMap
[2018.11.23-05.22.30:319][905]LogPlayLevel: Creating play world package: /Game/2DSideScrollerBP/Maps/UEDPIE_0_2DSideScrollerExampleMap
[2018.11.23-05.22.30:325][905]LogPlayLevel: PIE: StaticDuplicateObject took: (0.005414s)
[2018.11.23-05.22.30:326][905]LogAIModule: Creating AISystem for world 2DSideScrollerExampleMap
[2018.11.23-05.22.30:327][905]LogPlayLevel: PIE: World Init took: (0.001154s)
[2018.11.23-05.22.30:327][905]LogPlayLevel: PIE: Created PIE world by copying editor world from /Game/2DSideScrollerBP/Maps/2DSideScrollerExampleMap.2DSideScrollerExampleMap to /Game/2DSideScrollerBP/Maps/UEDPIE_0_2DSideScrollerExampleMap.2DSideScrollerExampleMap (0.006852s)
[2018.11.23-05.22.30:327][905]LogLoad: Game class is '2DSideScrollerGameMode_C'
[2018.11.23-05.22.30:329][905]LogWorld: Bringing World /Game/2DSideScrollerBP/Maps/UEDPIE_0_2DSideScrollerExampleMap.2DSideScrollerExampleMap up for play (max tick rate 60) at 2018.11.23-14.22.30
[2018.11.23-05.22.30:330][905]LogWorld: Bringing up level for play took: 0.001916
[2018.11.23-05.22.30:332][905]LogBlueprintUserMessages: [2DSideScrollerCharacter_254] Load Game from Slot
[2018.11.23-05.22.30:333][905]LogLoad: Took 0.060232 seconds to LoadMap(/Game/2DSideScrollerBP/Maps/UEDPIE_0_2DSideScrollerExampleMap)
[2018.11.23-05.22.45:812][462]LogSlate: Updating window title bar state: overlay mode, drag disabled, window buttons hidden, title bar hidden
[2018.11.23-05.22.51:773][675]LogNet: Browse: /Game/2DSideScrollerBP/Maps/2DSideScrollerExampleMap
[2018.11.23-05.22.51:773][675]LogLoad: LoadMap: /Game/2DSideScrollerBP/Maps/2DSideScrollerExampleMap
[2018.11.23-05.22.51:810][675]LogPlayLevel: Creating play world package: /Game/2DSideScrollerBP/Maps/UEDPIE_0_2DSideScrollerExampleMap
[2018.11.23-05.22.51:813][675]LogPlayLevel: PIE: StaticDuplicateObject took: (0.002985s)
[2018.11.23-05.22.51:814][675]LogAIModule: Creating AISystem for world 2DSideScrollerExampleMap
[2018.11.23-05.22.51:814][675]LogPlayLevel: PIE: World Init took: (0.000895s)
[2018.11.23-05.22.51:814][675]LogPlayLevel: PIE: Created PIE world by copying editor world from /Game/2DSideScrollerBP/Maps/2DSideScrollerExampleMap.2DSideScrollerExampleMap to /Game/2DSideScrollerBP/Maps/UEDPIE_0_2DSideScrollerExampleMap.2DSideScrollerExampleMap (0.004210s)
[2018.11.23-05.22.51:814][675]LogLoad: Game class is '2DSideScrollerGameMode_C'
[2018.11.23-05.22.51:816][675]LogWorld: Bringing World /Game/2DSideScrollerBP/Maps/UEDPIE_0_2DSideScrollerExampleMap.2DSideScrollerExampleMap up for play (max tick rate 60) at 2018.11.23-14.22.51
[2018.11.23-05.22.51:816][675]LogWorld: Bringing up level for play took: 0.001320
[2018.11.23-05.22.51:820][675]LogBlueprintUserMessages: [2DSideScrollerCharacter_254] Load Game from Slot
[2018.11.23-05.22.51:820][675]LogLoad: Took 0.046931 seconds to LoadMap(/Game/2DSideScrollerBP/Maps/UEDPIE_0_2DSideScrollerExampleMap)
[2018.11.23-05.22.57:662][886]LogSlate: Updating window title bar state: overlay mode, drag disabled, window buttons hidden, title bar hidden
[2018.11.23-05.22.59:924][966]LogNet: Browse: /Game/2DSideScrollerBP/Maps/2DSideScrollerExampleMap
[2018.11.23-05.22.59:930][966]LogLoad: LoadMap: /Game/2DSideScrollerBP/Maps/2DSideScrollerExampleMap
[2018.11.23-05.22.59:979][966]LogPlayLevel: Creating play world package: /Game/2DSideScrollerBP/Maps/UEDPIE_0_2DSideScrollerExampleMap
[2018.11.23-05.22.59:982][966]LogPlayLevel: PIE: StaticDuplicateObject took: (0.002604s)
[2018.11.23-05.22.59:983][966]LogAIModule: Creating AISystem for world 2DSideScrollerExampleMap
[2018.11.23-05.22.59:983][966]LogPlayLevel: PIE: World Init took: (0.000899s)
[2018.11.23-05.22.59:983][966]LogPlayLevel: PIE: Created PIE world by copying editor world from /Game/2DSideScrollerBP/Maps/2DSideScrollerExampleMap.2DSideScrollerExampleMap to /Game/2DSideScrollerBP/Maps/UEDPIE_0_2DSideScrollerExampleMap.2DSideScrollerExampleMap (0.003710s)
[2018.11.23-05.22.59:983][966]LogLoad: Game class is '2DSideScrollerGameMode_C'
[2018.11.23-05.22.59:985][966]LogWorld: Bringing World /Game/2DSideScrollerBP/Maps/UEDPIE_0_2DSideScrollerExampleMap.2DSideScrollerExampleMap up for play (max tick rate 60) at 2018.11.23-14.22.59
[2018.11.23-05.22.59:985][966]LogWorld: Bringing up level for play took: 0.001423
[2018.11.23-05.22.59:990][966]LogBlueprintUserMessages: [2DSideScrollerCharacter_254] Load Game from Slot
[2018.11.23-05.22.59:991][966]LogLoad: Took 0.060155 seconds to LoadMap(/Game/2DSideScrollerBP/Maps/UEDPIE_0_2DSideScrollerExampleMap)
[2018.11.23-05.23.58:902][996]LogSlate: Updating window title bar state: overlay mode, drag disabled, window buttons hidden, title bar hidden
[2018.11.23-05.24.04:500][201]LogNet: Browse: /Game/2DSideScrollerBP/Maps/2DSideScrollerExampleMap
[2018.11.23-05.24.04:528][201]LogLoad: LoadMap: /Game/2DSideScrollerBP/Maps/2DSideScrollerExampleMap
[2018.11.23-05.24.04:563][201]LogPlayLevel: Creating play world package: /Game/2DSideScrollerBP/Maps/UEDPIE_0_2DSideScrollerExampleMap
[2018.11.23-05.24.04:566][201]LogPlayLevel: PIE: StaticDuplicateObject took: (0.002474s)
[2018.11.23-05.24.04:566][201]LogAIModule: Creating AISystem for world 2DSideScrollerExampleMap
[2018.11.23-05.24.04:566][201]LogPlayLevel: PIE: World Init took: (0.000876s)
[2018.11.23-05.24.04:566][201]LogPlayLevel: PIE: Created PIE world by copying editor world from /Game/2DSideScrollerBP/Maps/2DSideScrollerExampleMap.2DSideScrollerExampleMap to /Game/2DSideScrollerBP/Maps/UEDPIE_0_2DSideScrollerExampleMap.2DSideScrollerExampleMap (0.003555s)
[2018.11.23-05.24.04:566][201]LogLoad: Game class is '2DSideScrollerGameMode_C'
[2018.11.23-05.24.04:568][201]LogWorld: Bringing World /Game/2DSideScrollerBP/Maps/UEDPIE_0_2DSideScrollerExampleMap.2DSideScrollerExampleMap up for play (max tick rate 60) at 2018.11.23-14.24.04
[2018.11.23-05.24.04:568][201]LogWorld: Bringing up level for play took: 0.001157
[2018.11.23-05.24.04:571][201]LogBlueprintUserMessages: [2DSideScrollerCharacter_254] Load Game from Slot
[2018.11.23-05.24.04:571][201]LogLoad: Took 0.043117 seconds to LoadMap(/Game/2DSideScrollerBP/Maps/UEDPIE_0_2DSideScrollerExampleMap)
[2018.11.23-05.24.51:145][778]LogSlate: Updating window title bar state: overlay mode, drag disabled, window buttons hidden, title bar hidden
[2018.11.23-05.24.54:724][902]LogNet: Browse: /Game/2DSideScrollerBP/Maps/2DSideScrollerExampleMap
[2018.11.23-05.24.54:760][902]LogLoad: LoadMap: /Game/2DSideScrollerBP/Maps/2DSideScrollerExampleMap
[2018.11.23-05.24.54:809][902]LogPlayLevel: Creating play world package: /Game/2DSideScrollerBP/Maps/UEDPIE_0_2DSideScrollerExampleMap
[2018.11.23-05.24.54:814][902]LogPlayLevel: PIE: StaticDuplicateObject took: (0.003615s)
[2018.11.23-05.24.54:814][902]LogAIModule: Creating AISystem for world 2DSideScrollerExampleMap
[2018.11.23-05.24.54:814][902]LogPlayLevel: PIE: World Init took: (0.000928s)
[2018.11.23-05.24.54:814][902]LogPlayLevel: PIE: Created PIE world by copying editor world from /Game/2DSideScrollerBP/Maps/2DSideScrollerExampleMap.2DSideScrollerExampleMap to /Game/2DSideScrollerBP/Maps/UEDPIE_0_2DSideScrollerExampleMap.2DSideScrollerExampleMap (0.004805s)
[2018.11.23-05.24.54:814][902]LogLoad: Game class is '2DSideScrollerGameMode_C'
[2018.11.23-05.24.54:816][902]LogWorld: Bringing World /Game/2DSideScrollerBP/Maps/UEDPIE_0_2DSideScrollerExampleMap.2DSideScrollerExampleMap up for play (max tick rate 60) at 2018.11.23-14.24.54
[2018.11.23-05.24.54:817][902]LogWorld: Bringing up level for play took: 0.001580
[2018.11.23-05.24.54:819][902]LogBlueprintUserMessages: [2DSideScrollerCharacter_254] Load Game from Slot
[2018.11.23-05.24.54:820][902]LogLoad: Took 0.059802 seconds to LoadMap(/Game/2DSideScrollerBP/Maps/UEDPIE_0_2DSideScrollerExampleMap)
[2018.11.23-05.25.11:624][498]LogSlate: Updating window title bar state: overlay mode, drag disabled, window buttons hidden, title bar hidden
[2018.11.23-05.25.22:275][886]LogNet: Browse: /Game/2DSideScrollerBP/Maps/2DSideScrollerExampleMap
[2018.11.23-05.25.22:276][886]LogLoad: LoadMap: /Game/2DSideScrollerBP/Maps/2DSideScrollerExampleMap
[2018.11.23-05.25.22:313][886]LogPlayLevel: Creating play world package: /Game/2DSideScrollerBP/Maps/UEDPIE_0_2DSideScrollerExampleMap
[2018.11.23-05.25.22:316][886]LogPlayLevel: PIE: StaticDuplicateObject took: (0.002751s)
[2018.11.23-05.25.22:317][886]LogAIModule: Creating AISystem for world 2DSideScrollerExampleMap
[2018.11.23-05.25.22:317][886]LogPlayLevel: PIE: World Init took: (0.000907s)
[2018.11.23-05.25.22:317][886]LogPlayLevel: PIE: Created PIE world by copying editor world from /Game/2DSideScrollerBP/Maps/2DSideScrollerExampleMap.2DSideScrollerExampleMap to /Game/2DSideScrollerBP/Maps/UEDPIE_0_2DSideScrollerExampleMap.2DSideScrollerExampleMap (0.003873s)
[2018.11.23-05.25.22:317][886]LogLoad: Game class is '2DSideScrollerGameMode_C'
[2018.11.23-05.25.22:319][886]LogWorld: Bringing World /Game/2DSideScrollerBP/Maps/UEDPIE_0_2DSideScrollerExampleMap.2DSideScrollerExampleMap up for play (max tick rate 60) at 2018.11.23-14.25.22
[2018.11.23-05.25.22:319][886]LogWorld: Bringing up level for play took: 0.001120
[2018.11.23-05.25.22:323][886]LogBlueprintUserMessages: [2DSideScrollerCharacter_254] Load Game from Slot
[2018.11.23-05.25.22:323][886]LogLoad: Took 0.047786 seconds to LoadMap(/Game/2DSideScrollerBP/Maps/UEDPIE_0_2DSideScrollerExampleMap)
[2018.11.23-05.25.27:910][ 88]LogSlate: Updating window title bar state: overlay mode, drag disabled, window buttons hidden, title bar hidden
[2018.11.23-05.25.33:982][299]LogSlate: Updating window title bar state: overlay mode, drag disabled, window buttons hidden, title bar hidden
[2018.11.23-05.25.33:982][299]LogBlueprintUserMessages: Early EndPlayMap Detection: Level '/Game/2DSideScrollerBP/Maps/2DSideScrollerExampleMap.2DSideScrollerExampleMap:PersistentLevel' has LevelScriptBlueprint '/Game/2DSideScrollerBP/Maps/2DSideScrollerExampleMap.2DSideScrollerExampleMap:PersistentLevel.2DSideScrollerExampleMap' with GeneratedClass '/Game/2DSideScrollerBP/Maps/2DSideScrollerExampleMap.2DSideScrollerExampleMap_C' with ClassGeneratedBy '/Game/2DSideScrollerBP/Maps/2DSideScrollerExampleMap.2DSideScrollerExampleMap:PersistentLevel.2DSideScrollerExampleMap'
[2018.11.23-05.25.34:041][299]LogPlayLevel: Display: Shutting down PIE online subsystems
[2018.11.23-05.25.34:042][299]LogBlueprintUserMessages: Late EndPlayMap Detection: Level '/Game/2DSideScrollerBP/Maps/2DSideScrollerExampleMap.2DSideScrollerExampleMap:PersistentLevel' has LevelScriptBlueprint '/Game/2DSideScrollerBP/Maps/2DSideScrollerExampleMap.2DSideScrollerExampleMap:PersistentLevel.2DSideScrollerExampleMap' with GeneratedClass '/Game/2DSideScrollerBP/Maps/2DSideScrollerExampleMap.2DSideScrollerExampleMap_C' with ClassGeneratedBy '/Game/2DSideScrollerBP/Maps/2DSideScrollerExampleMap.2DSideScrollerExampleMap:PersistentLevel.2DSideScrollerExampleMap'
[2018.11.23-05.25.34:137][299]LogSlate: Updating window title bar state: overlay mode, drag disabled, window buttons hidden, title bar hidden
[2018.11.23-05.25.34:209][300]LogPlayLevel: Display: Destroying online subsystem :Context_2
[2018.11.23-05.35.35:452][129]LogD3D11RHI: Timed out while waiting for GPU to catch up. (0.5 s)
[2018.11.23-05.36.57:131][447]LogSlate: Window 'Project - 언리얼 에디터' being destroyed
[2018.11.23-05.36.57:475][448]Cmd: QUIT_EDITOR
[2018.11.23-05.36.58:240][448]LogWindowsTextInputMethodSystem: Display: IME system now activated using TSF (Microsoft 입력기).
[2018.11.23-05.36.58:296][448]LogExit: Preparing to exit.
[2018.11.23-05.36.59:440][448]LogExit: Editor shut down
[2018.11.23-05.36.59:442][448]LogExit: Transaction tracking system shut down
[2018.11.23-05.37.00:421][448]LogExit: Object subsystem successfully closed.
[2018.11.23-05.37.00:469][448]LogShaderCompilers: Display: Shaders left to compile 0
[2018.11.23-05.37.00:482][448]LogD3D11RHI: Shutdown
[2018.11.23-05.37.00:482][448]LogD3D11RHI: CleanupD3DDevice
[2018.11.23-05.37.00:509][448]LogD3D11RHI: ~FD3D11DynamicRHI
[2018.11.23-05.37.00:650][448]LogModuleManager: Shutting down and abandoning module MovieSceneCapture (632)
[2018.11.23-05.37.00:650][448]LogModuleManager: Shutting down and abandoning module Voice (630)
[2018.11.23-05.37.00:650][448]LogModuleManager: Shutting down and abandoning module HierarchicalLODOutliner (628)
[2018.11.23-05.37.00:650][448]LogModuleManager: Shutting down and abandoning module SceneOutliner (626)
[2018.11.23-05.37.00:651][448]LogModuleManager: Shutting down and abandoning module AddContentDialog (624)
[2018.11.23-05.37.00:652][448]LogModuleManager: Shutting down and abandoning module WidgetCarousel (623)
[2018.11.23-05.37.00:652][448]LogModuleManager: Shutting down and abandoning module EditorWidgets (620)
[2018.11.23-05.37.00:652][448]LogModuleManager: Shutting down and abandoning module CollectionManager (618)
[2018.11.23-05.37.00:653][448]LogModuleManager: Shutting down and abandoning module StatsViewer (616)
[2018.11.23-05.37.00:653][448]LogModuleManager: Shutting down and abandoning module FoliageEdit (614)
[2018.11.23-05.37.00:653][448]LogModuleManager: Shutting down and abandoning module LandscapeEditor (612)
[2018.11.23-05.37.00:654][448]LogModuleManager: Shutting down and abandoning module MeshPaintMode (610)
[2018.11.23-05.37.00:655][448]LogModuleManager: Shutting down and abandoning module SceneDepthPickerMode (608)
[2018.11.23-05.37.00:655][448]LogModuleManager: Shutting down and abandoning module ActorPickerMode (606)
[2018.11.23-05.37.00:655][448]LogModuleManager: Shutting down and abandoning module GeometryMode (604)
[2018.11.23-05.37.00:656][448]LogModuleManager: Shutting down and abandoning module TextureAlignMode (602)
[2018.11.23-05.37.00:657][448]LogModuleManager: Shutting down and abandoning module BspMode (600)
[2018.11.23-05.37.00:657][448]LogModuleManager: Shutting down and abandoning module PIEPreviewDeviceProfileSelector (598)
[2018.11.23-05.37.00:657][448]LogModuleManager: Shutting down and abandoning module SequenceRecorderSections (596)
[2018.11.23-05.37.00:657][448]LogModuleManager: Shutting down and abandoning module AutomationWorker (594)
[2018.11.23-05.37.00:657][448]LogModuleManager: Shutting down and abandoning module DatasmithFBXImporter (592)
[2018.11.23-05.37.00:658][448]LogModuleManager: Shutting down and abandoning module DatasmithDeltaGenImporter (590)
[2018.11.23-05.37.00:659][448]LogModuleManager: Shutting down and abandoning module DatasmithVREDImporter (588)
[2018.11.23-05.37.00:659][448]LogModuleManager: Shutting down and abandoning module AudioCaptureEditor (586)
[2018.11.23-05.37.00:659][448]LogModuleManager: Shutting down and abandoning module SequenceRecorder (585)
[2018.11.23-05.37.00:659][448]LogModuleManager: Shutting down and abandoning module MatineeToLevelSequence (582)
[2018.11.23-05.37.00:660][448]LogModuleManager: Shutting down and abandoning module LevelSequenceEditor (580)
[2018.11.23-05.37.00:660][448]LogModuleManager: Shutting down and abandoning module PlacementMode (579)
[2018.11.23-05.37.00:660][448]LogModuleManager: Shutting down and abandoning module MaterialEditor (578)
[2018.11.23-05.37.00:661][448]LogModuleManager: Shutting down and abandoning module WmfMediaFactory (574)
[2018.11.23-05.37.00:661][448]LogModuleManager: Shutting down and abandoning module WmfMediaEditor (572)
[2018.11.23-05.37.00:661][448]LogModuleManager: Shutting down and abandoning module MediaPlayerEditor (570)
[2018.11.23-05.37.00:662][448]LogModuleManager: Shutting down and abandoning module OpenExrWrapper (568)
[2018.11.23-05.37.00:662][448]LogModuleManager: Shutting down and abandoning module ImgMediaFactory (566)
[2018.11.23-05.37.00:662][448]LogModuleManager: Shutting down and abandoning module ImgMediaEditor (564)
[2018.11.23-05.37.00:662][448]LogModuleManager: Shutting down and abandoning module AvfMediaFactory (562)
[2018.11.23-05.37.00:663][448]LogModuleManager: Shutting down and abandoning module AvfMediaEditor (560)
[2018.11.23-05.37.00:663][448]LogModuleManager: Shutting down and abandoning module AndroidMediaFactory (558)
[2018.11.23-05.37.00:663][448]LogModuleManager: Shutting down and abandoning module AndroidMediaEditor (556)
[2018.11.23-05.37.00:663][448]LogModuleManager: Shutting down and abandoning module MagicLeapCameraPreviewFactory (554)
[2018.11.23-05.37.00:663][448]LogModuleManager: Shutting down and abandoning module MagicLeapMediaFactory (552)
[2018.11.23-05.37.00:663][448]LogModuleManager: Shutting down and abandoning module MagicLeapMediaEditor (550)
[2018.11.23-05.37.00:663][448]LogModuleManager: Shutting down and abandoning module CharacterAI (548)
[2018.11.23-05.37.00:663][448]LogModuleManager: Shutting down and abandoning module SmartSnapping (546)
[2018.11.23-05.37.00:663][448]LogModuleManager: Shutting down and abandoning module SessionServices (544)
[2018.11.23-05.37.00:664][448]LogModuleManager: Shutting down and abandoning module ViewportSnapping (542)
[2018.11.23-05.37.00:664][448]LogModuleManager: Shutting down and abandoning module ViewportInteraction (540)
[2018.11.23-05.37.00:664][448]LogModuleManager: Shutting down and abandoning module ClothPainter (538)
[2018.11.23-05.37.00:664][448]LogModuleManager: Shutting down and abandoning module SkeletalMeshEditor (537)
[2018.11.23-05.37.00:664][448]LogModuleManager: Shutting down and abandoning module LogVisualizer (534)
[2018.11.23-05.37.00:664][448]LogModuleManager: Shutting down and abandoning module IntroTutorials (532)
[2018.11.23-05.37.00:665][448]LogModuleManager: Shutting down and abandoning module GameProjectGeneration (531)
[2018.11.23-05.37.00:665][448]LogModuleManager: Shutting down and abandoning module LuminPlatformEditor (528)
[2018.11.23-05.37.00:665][448]LogModuleManager: Shutting down and abandoning module IOSPlatformEditor (526)
[2018.11.23-05.37.00:665][448]LogModuleManager: Shutting down and abandoning module HTML5PlatformEditor (524)
[2018.11.23-05.37.00:665][448]LogModuleManager: Shutting down and abandoning module AndroidPlatformEditor (522)
[2018.11.23-05.37.00:665][448]LogModuleManager: Shutting down and abandoning module AndroidDeviceDetection (521)
[2018.11.23-05.37.01:150][448]LogModuleManager: Shutting down and abandoning module WindowsPlatformEditor (518)
[2018.11.23-05.37.01:150][448]LogModuleManager: Shutting down and abandoning module LuminRuntimeSettings (516)
[2018.11.23-05.37.01:150][448]LogModuleManager: Shutting down and abandoning module IOSRuntimeSettings (514)
[2018.11.23-05.37.01:150][448]LogModuleManager: Shutting down and abandoning module AndroidRuntimeSettings (512)
[2018.11.23-05.37.01:150][448]LogModuleManager: Shutting down and abandoning module InputBindingEditor (510)
[2018.11.23-05.37.01:151][448]LogModuleManager: Shutting down and abandoning module MergeActors (508)
[2018.11.23-05.37.01:151][448]LogModuleManager: Shutting down and abandoning module LocalizationDashboard (506)
[2018.11.23-05.37.01:151][448]LogModuleManager: Shutting down and abandoning module LocalizationService (505)
[2018.11.23-05.37.01:151][448]LogModuleManager: Shutting down and abandoning module HardwareTargeting (502)
[2018.11.23-05.37.01:151][448]LogModuleManager: Shutting down and abandoning module DeviceProfileEditor (500)
[2018.11.23-05.37.01:151][448]LogModuleManager: Shutting down and abandoning module UndoHistory (498)
[2018.11.23-05.37.01:151][448]LogModuleManager: Shutting down and abandoning module XmlParser (496)
[2018.11.23-05.37.01:152][448]LogModuleManager: Shutting down and abandoning module Blutility (494)
[2018.11.23-05.37.01:153][448]LogModuleManager: Shutting down and abandoning module ProjectSettingsViewer (492)
[2018.11.23-05.37.01:153][448]LogModuleManager: Shutting down and abandoning module ProjectTargetPlatformEditor (491)
[2018.11.23-05.37.01:154][448]LogModuleManager: Shutting down and abandoning module EditorSettingsViewer (488)
[2018.11.23-05.37.01:155][448]LogModuleManager: Shutting down and abandoning module SettingsEditor (486)
[2018.11.23-05.37.01:155][448]LogModuleManager: Shutting down and abandoning module ProjectLauncher (484)
[2018.11.23-05.37.01:155][448]LogModuleManager: Shutting down and abandoning module SessionFrontend (482)
[2018.11.23-05.37.01:155][448]LogModuleManager: Shutting down and abandoning module ProfilerClient (480)
[2018.11.23-05.37.01:156][448]LogModuleManager: Shutting down and abandoning module DeviceManager (478)
[2018.11.23-05.37.01:156][448]LogModuleManager: Shutting down and abandoning module TargetDeviceServices (477)
[2018.11.23-05.37.01:212][448]LogModuleManager: Shutting down and abandoning module AutomationController (474)
[2018.11.23-05.37.01:213][448]LogModuleManager: Shutting down and abandoning module AutomationWindow (472)
[2018.11.23-05.37.01:213][448]LogModuleManager: Shutting down and abandoning module Layers (470)
[2018.11.23-05.37.01:213][448]LogModuleManager: Shutting down and abandoning module ComponentVisualizers (468)
[2018.11.23-05.37.01:213][448]LogModuleManager: Shutting down and abandoning module DetailCustomizations (466)
[2018.11.23-05.37.01:214][448]LogModuleManager: Shutting down and abandoning module PackagesDialog (464)
[2018.11.23-05.37.01:214][448]LogModuleManager: Shutting down and abandoning module Persona (462)
[2018.11.23-05.37.01:214][448]LogModuleManager: Shutting down and abandoning module AnimGraph (461)
[2018.11.23-05.37.01:214][448]LogModuleManager: Shutting down and abandoning module Kismet (458)
[2018.11.23-05.37.01:216][448]LogModuleManager: Shutting down and abandoning module GraphEditor (456)
[2018.11.23-05.37.01:216][448]LogModuleManager: Shutting down and abandoning module ClassViewer (454)
[2018.11.23-05.37.01:217][448]LogModuleManager: Shutting down and abandoning module Toolbox (452)
[2018.11.23-05.37.01:217][448]LogModuleManager: Shutting down and abandoning module ModuleUI (450)
[2018.11.23-05.37.01:217][448]LogModuleManager: Shutting down and abandoning module MovieSceneTools (448)
[2018.11.23-05.37.01:217][448]LogModuleManager: Shutting down and abandoning module OutputLog (446)
[2018.11.23-05.37.01:217][448]LogModuleManager: Shutting down and abandoning module GammaUI (444)
[2018.11.23-05.37.01:217][448]LogModuleManager: Shutting down and abandoning module Documentation (442)
[2018.11.23-05.37.01:217][448]LogModuleManager: Shutting down and abandoning module MovieSceneTracks (440)
[2018.11.23-05.37.01:218][448]LogModuleManager: Shutting down and abandoning module MovieScene (438)
[2018.11.23-05.37.01:218][448]LogModuleManager: Shutting down and abandoning module StreamingPauseRendering (436)
[2018.11.23-05.37.01:218][448]LogModuleManager: Shutting down and abandoning module LauncherPlatform (434)
[2018.11.23-05.37.01:218][448]LogModuleManager: Shutting down and abandoning module AnalyticsET (432)
[2018.11.23-05.37.01:218][448]LogModuleManager: Shutting down and abandoning module PortalServices (430)
[2018.11.23-05.37.01:218][448]LogModuleManager: Shutting down and abandoning module PortalRpc (428)
[2018.11.23-05.37.01:218][448]LogModuleManager: Shutting down and abandoning module MessagingRpc (426)
[2018.11.23-05.37.01:218][448]LogModuleManager: Shutting down and abandoning module AIModule (424)
[2018.11.23-05.37.01:218][448]LogModuleManager: Shutting down and abandoning module GameplayDebugger (423)
[2018.11.23-05.37.01:219][448]LogModuleManager: Shutting down and abandoning module AITestSuite (421)
[2018.11.23-05.37.01:219][448]LogModuleManager: Shutting down and abandoning module NavigationSystem (419)
[2018.11.23-05.37.01:219][448]LogModuleManager: Shutting down and abandoning module DesktopPlatform (416)
[2018.11.23-05.37.01:219][448]LogModuleManager: Shutting down and abandoning module ProfilerService (414)
[2018.11.23-05.37.01:398][448]LogModuleManager: Shutting down and abandoning module TaskGraph (412)
[2018.11.23-05.37.01:398][448]LogModuleManager: Shutting down and abandoning module DatasmithCADImporter (410)
[2018.11.23-05.37.01:400][448]LogModuleManager: Shutting down and abandoning module StaticMeshEditorExtension (408)
[2018.11.23-05.37.01:401][448]LogModuleManager: Shutting down and abandoning module StaticMeshEditor (407)
[2018.11.23-05.37.01:405][448]LogModuleManager: Shutting down and abandoning module AdvancedPreviewScene (406)
[2018.11.23-05.37.01:405][448]LogModuleManager: Shutting down and abandoning module DatasmithMDLImporter (402)
[2018.11.23-05.37.01:416][448]LogModuleManager: Shutting down and abandoning module DatasmithImporter (400)
[2018.11.23-05.37.01:418][448]LogModuleManager: Shutting down and abandoning module SteamVRController (398)
[2018.11.23-05.37.01:418][448]LogModuleManager: Shutting down and abandoning module ProceduralMeshComponentEditor (396)
[2018.11.23-05.37.01:418][448]LogModuleManager: Shutting down and abandoning module ProceduralMeshComponent (394)
[2018.11.23-05.37.01:418][448]LogModuleManager: Shutting down and abandoning module OculusInput (392)
[2018.11.23-05.37.01:418][448]LogModuleManager: Shutting down and abandoning module MobilePatchingUtils (390)
[2018.11.23-05.37.01:418][448]LogModuleManager: Shutting down and abandoning module EditableMesh (388)
[2018.11.23-05.37.01:419][448]LogModuleManager: Shutting down and abandoning module CustomMeshComponent (386)
[2018.11.23-05.37.01:419][448]LogModuleManager: Shutting down and abandoning module CableComponent (384)
[2018.11.23-05.37.01:419][448]LogModuleManager: Shutting down and abandoning module AudioCapture (382)
[2018.11.23-05.37.01:419][448]LogModuleManager: Shutting down and abandoning module ArchVisCharacter (380)
[2018.11.23-05.37.01:419][448]LogModuleManager: Shutting down and abandoning module AndroidPermission (378)
[2018.11.23-05.37.01:420][448]LogModuleManager: Shutting down and abandoning module NUTUnrealEngine4 (376)
[2018.11.23-05.37.01:420][448]LogModuleManager: Shutting down and abandoning module NetcodeUnitTest (374)
[2018.11.23-05.37.01:420][448]LogModuleManager: Shutting down and abandoning module MediaCompositingEditor (372)
[2018.11.23-05.37.01:420][448]LogModuleManager: Shutting down and abandoning module MediaCompositing (370)
[2018.11.23-05.37.01:421][448]LogModuleManager: Shutting down and abandoning module LinearTimecode (368)
[2018.11.23-05.37.01:421][448]LogModuleManager: Shutting down and abandoning module ImgMedia (366)
[2018.11.23-05.37.01:443][448]LogModuleManager: Shutting down and abandoning module HTML5Networking (364)
[2018.11.23-05.37.01:443][448]LogModuleManager: Shutting down and abandoning module GeometryCacheTracks (362)
[2018.11.23-05.37.01:443][448]LogModuleManager: Shutting down and abandoning module GeometryCacheSequencer (360)
[2018.11.23-05.37.01:443][448]LogModuleManager: Shutting down and abandoning module BackChannel (358)
[2018.11.23-05.37.01:443][448]LogModuleManager: Shutting down and abandoning module AppleVision (356)
[2018.11.23-05.37.01:443][448]LogModuleManager: Shutting down and abandoning module AppleImageUtils (354)
[2018.11.23-05.37.01:443][448]LogModuleManager: Shutting down and abandoning module AlembicImporter (352)
[2018.11.23-05.37.01:443][448]LogModuleManager: Shutting down and abandoning module AlembicLibrary (351)
[2018.11.23-05.37.01:444][448]LogModuleManager: Shutting down and abandoning module GeometryCache (350)
[2018.11.23-05.37.01:444][448]LogModuleManager: Shutting down and abandoning module GeometryCacheEd (349)
[2018.11.23-05.37.01:444][448]LogModuleManager: Shutting down and abandoning module DatasmithContentEditor (344)
[2018.11.23-05.37.01:444][448]LogModuleManager: Shutting down and abandoning module DatasmithContent (342)
[2018.11.23-05.37.01:447][448]LogModuleManager: Shutting down and abandoning module SpeedTreeImporter (340)
[2018.11.23-05.37.01:447][448]LogModuleManager: Shutting down and abandoning module PluginBrowser (338)
[2018.11.23-05.37.01:448][448]LogModuleManager: Shutting down and abandoning module MobileLauncherProfileWizard (336)
[2018.11.23-05.37.01:448][448]LogModuleManager: Shutting down and abandoning module PolygonModeling (334)
[2018.11.23-05.37.01:448][448]LogModuleManager: Shutting down and abandoning module MeshEditor (332)
[2018.11.23-05.37.01:448][448]LogModuleManager: Shutting down and abandoning module EditorScriptingUtilities (330)
[2018.11.23-05.37.01:448][448]LogModuleManager: Shutting down and abandoning module CryptoKeysOpenSSL (328)
[2018.11.23-05.37.01:448][448]LogModuleManager: Shutting down and abandoning module CryptoKeys (326)
[2018.11.23-05.37.01:448][448]LogModuleManager: Shutting down and abandoning module VisualStudioSourceCodeAccess (324)
[2018.11.23-05.37.01:449][448]LogModuleManager: Shutting down and abandoning module VisualStudioCodeSourceCodeAccess (322)
[2018.11.23-05.37.01:449][448]LogModuleManager: Shutting down and abandoning module UObjectPlugin (320)
[2018.11.23-05.37.01:449][448]LogModuleManager: Shutting down and abandoning module SubversionSourceControl (318)
[2018.11.23-05.37.01:449][448]LogModuleManager: Shutting down and abandoning module PerforceSourceControl (316)
[2018.11.23-05.37.01:449][448]LogModuleManager: Shutting down and abandoning module GitSourceControl (314)
[2018.11.23-05.37.01:450][448]LogModuleManager: Shutting down and abandoning module SourceControl (313)
[2018.11.23-05.37.01:450][448]LogModuleManager: Shutting down and abandoning module CLionSourceCodeAccess (310)
[2018.11.23-05.37.01:450][448]LogModuleManager: Shutting down and abandoning module LightPropagationVolumeEditor (308)
[2018.11.23-05.37.01:450][448]LogModuleManager: Shutting down and abandoning module PaperTiledImporter (306)
[2018.11.23-05.37.01:450][448]LogModuleManager: Shutting down and abandoning module PaperSpriteSheetImporter (304)
[2018.11.23-05.37.01:450][448]LogModuleManager: Shutting down and abandoning module Paper2DEditor (302)
[2018.11.23-05.37.01:450][448]LogModuleManager: Shutting down and abandoning module MeshPaint (301)
[2018.11.23-05.37.01:451][448]LogModuleManager: Shutting down and abandoning module RuntimePhysXCooking (298)
[2018.11.23-05.37.01:451][448]LogModuleManager: Shutting down and abandoning module PhysXVehiclesEditor (296)
[2018.11.23-05.37.01:451][448]LogModuleManager: Shutting down and abandoning module PhysXVehicles (294)
[2018.11.23-05.37.01:452][448]LogModuleManager: Shutting down and abandoning module OculusEditor (292)
[2018.11.23-05.37.01:452][448]LogModuleManager: Shutting down and abandoning module LocationServicesBPLibrary (290)
[2018.11.23-05.37.01:452][448]LogModuleManager: Shutting down and abandoning module ImmediatePhysicsEditor (288)
[2018.11.23-05.37.01:452][448]LogModuleManager: Shutting down and abandoning module ImmediatePhysics (286)
[2018.11.23-05.37.01:453][448]LogModuleManager: Shutting down and abandoning module ActorSequence (284)
[2018.11.23-05.37.01:453][448]LogModuleManager: Shutting down and abandoning module UdpMessaging (282)
[2018.11.23-05.37.01:554][448]LogModuleManager: Shutting down and abandoning module TcpMessaging (280)
[2018.11.23-05.37.01:655][448]LogModuleManager: Shutting down and abandoning module MagicLeapAudio (278)
[2018.11.23-05.37.01:655][448]LogModuleManager: Shutting down and abandoning module GameplayTagsEditor (276)
[2018.11.23-05.37.01:655][448]LogModuleManager: Shutting down and abandoning module FacialAnimationEditor (274)
[2018.11.23-05.37.01:655][448]LogModuleManager: Shutting down and abandoning module FacialAnimation (272)
[2018.11.23-05.37.01:655][448]LogModuleManager: Shutting down and abandoning module DataValidation (270)
[2018.11.23-05.37.01:655][448]LogModuleManager: Shutting down and abandoning module AssetManagerEditor (268)
[2018.11.23-05.37.01:655][448]LogModuleManager: Shutting down and abandoning module LevelEditor (267)
[2018.11.23-05.37.01:657][448]LogModuleManager: Shutting down and abandoning module PixelInspectorModule (266)
[2018.11.23-05.37.01:658][448]LogModuleManager: Shutting down and abandoning module CommonMenuExtensions (264)
[2018.11.23-05.37.01:659][448]LogModuleManager: Shutting down and abandoning module MainFrame (262)
[2018.11.23-05.37.01:659][448]LogModuleManager: Shutting down and abandoning module HotReload (261)
[2018.11.23-05.37.01:661][448]LogModuleManager: Shutting down and abandoning module ContentBrowser (257)
[2018.11.23-05.37.01:667][448]LogModuleManager: Shutting down and abandoning module TreeMap (255)
[2018.11.23-05.37.01:667][448]LogModuleManager: Shutting down and abandoning module LightPropagationVolumeRuntime (252)
[2018.11.23-05.37.01:667][448]LogModuleManager: Shutting down and abandoning module AISupportModule (250)
[2018.11.23-05.37.01:667][448]LogModuleManager: Shutting down and abandoning module Paper2D (248)
[2018.11.23-05.37.01:667][448]LogModuleManager: Shutting down and abandoning module WindowsMoviePlayer (246)
[2018.11.23-05.37.01:667][448]LogModuleManager: Shutting down and abandoning module WmfMedia (244)
[2018.11.23-05.37.01:680][448]LogModuleManager: Shutting down and abandoning module Media (243)
[2018.11.23-05.37.01:688][448]LogModuleManager: Shutting down and abandoning module PacketHandler (240)
[2018.11.23-05.37.01:688][448]LogModuleManager: Shutting down and abandoning module ClothingSystemEditor (238)
[2018.11.23-05.37.01:688][448]LogModuleManager: Shutting down and abandoning module ClothingSystemRuntime (236)
[2018.11.23-05.37.01:688][448]LogModuleManager: Shutting down and abandoning module MediaAssets (234)
[2018.11.23-05.37.01:688][448]LogModuleManager: Shutting down and abandoning module Overlay (232)
[2018.11.23-05.37.01:688][448]LogModuleManager: Shutting down and abandoning module OverlayEditor (231)
[2018.11.23-05.37.01:688][448]LogModuleManager: Shutting down and abandoning module VREditor (228)
[2018.11.23-05.37.01:689][448]LogModuleManager: Shutting down and abandoning module StringTableEditor (226)
[2018.11.23-05.37.01:689][448]LogModuleManager: Shutting down and abandoning module GameplayTasksEditor (224)
[2018.11.23-05.37.01:689][448]LogModuleManager: Shutting down and abandoning module BehaviorTreeEditor (222)
[2018.11.23-05.37.01:689][448]LogModuleManager: Shutting down and abandoning module FunctionalTesting (220)
[2018.11.23-05.37.01:689][448]LogModuleManager: Shutting down and abandoning module CollisionAnalyzer (218)
[2018.11.23-05.37.01:689][448]LogModuleManager: Shutting down and abandoning module WorkspaceMenuStructure (217)
[2018.11.23-05.37.01:689][448]LogModuleManager: Shutting down and abandoning module UMG (214)
[2018.11.23-05.37.01:689][448]LogModuleManager: Shutting down and abandoning module UMGEditor (213)
[2018.11.23-05.37.01:690][448]LogModuleManager: Shutting down and abandoning module Sequencer (212)
[2018.11.23-05.37.01:690][448]LogModuleManager: Shutting down and abandoning module MessageLog (209)
[2018.11.23-05.37.01:690][448]LogModuleManager: Shutting down and abandoning module SlateReflector (204)
[2018.11.23-05.37.01:690][448]LogModuleManager: Shutting down and abandoning module Slate (202)
[2018.11.23-05.37.01:690][448]LogModuleManager: Shutting down and abandoning module EditorStyle (200)
[2018.11.23-05.37.01:697][448]LogModuleManager: Shutting down and abandoning module MRMesh (198)
[2018.11.23-05.37.01:697][448]LogModuleManager: Shutting down and abandoning module SourceCodeAccess (196)
[2018.11.23-05.37.01:697][448]LogModuleManager: Shutting down and abandoning module HeadMountedDisplay (194)
[2018.11.23-05.37.01:698][448]LogModuleManager: Shutting down and abandoning module XAudio2 (192)
[2018.11.23-05.37.01:698][448]LogModuleManager: Shutting down and abandoning module Networking (190)
[2018.11.23-05.37.01:698][448]LogModuleManager: Shutting down and abandoning module Core (188)
[2018.11.23-05.37.01:698][448]LogModuleManager: Shutting down and abandoning module LevelSequence (186)
[2018.11.23-05.37.01:698][448]LogModuleManager: Shutting down and abandoning module KismetCompiler (184)
[2018.11.23-05.37.01:698][448]LogModuleManager: Shutting down and abandoning module MeshUtilities (182)
[2018.11.23-05.37.01:699][448]LogModuleManager: Shutting down and abandoning module MeshMergeUtilities (181)
[2018.11.23-05.37.01:699][448]LogModuleManager: Shutting down and abandoning module MeshReductionInterface (180)
[2018.11.23-05.37.01:699][448]LogModuleManager: Shutting down and abandoning module SimplygonSwarm (179)
[2018.11.23-05.37.01:699][448]LogModuleManager: Shutting down and abandoning module ProxyLODMeshReduction (177)
[2018.11.23-05.37.01:700][448]LogModuleManager: Shutting down and abandoning module SimplygonMeshReduction (175)
[2018.11.23-05.37.01:700][448]LogModuleManager: Shutting down and abandoning module QuadricMeshReduction (173)
[2018.11.23-05.37.01:700][448]LogModuleManager: Shutting down and abandoning module MaterialBaking (169)
[2018.11.23-05.37.01:700][448]LogModuleManager: Shutting down and abandoning module DirectoryWatcher (165)
[2018.11.23-05.37.01:700][448]LogModuleManager: Shutting down and abandoning module DerivedDataCache (162)
[2018.11.23-05.37.01:705][448]LogDerivedDataCache: Shutdown
[2018.11.23-05.37.01:705][448]LogModuleManager: Shutting down and abandoning module XGEController (160)
[2018.11.23-05.37.01:706][448]LogModuleManager: Shutting down and abandoning module TargetPlatform (158)
[2018.11.23-05.37.01:706][448]LogModuleManager: Shutting down and abandoning module VulkanShaderFormat (157)
[2018.11.23-05.37.01:706][448]LogModuleManager: Shutting down and abandoning module ShaderFormatVectorVM (155)
[2018.11.23-05.37.01:706][448]LogModuleManager: Shutting down and abandoning module ShaderFormatOpenGL (153)
[2018.11.23-05.37.01:706][448]LogModuleManager: Shutting down and abandoning module ShaderFormatD3D (151)
[2018.11.23-05.37.01:706][448]LogModuleManager: Shutting down and abandoning module MetalShaderFormat (149)
[2018.11.23-05.37.01:707][448]LogModuleManager: Shutting down and abandoning module TextureFormatUncompressed (147)
[2018.11.23-05.37.01:707][448]LogModuleManager: Shutting down and abandoning module TextureFormatPVR (145)
[2018.11.23-05.37.01:707][448]LogModuleManager: Shutting down and abandoning module TextureFormatDXT (143)
[2018.11.23-05.37.01:707][448]LogModuleManager: Shutting down and abandoning module TextureFormatIntelISPCTexComp (141)
[2018.11.23-05.37.01:708][448]LogModuleManager: Shutting down and abandoning module TextureFormatASTC (139)
[2018.11.23-05.37.01:708][448]LogModuleManager: Shutting down and abandoning module ImageWrapper (138)
[2018.11.23-05.37.01:708][448]LogModuleManager: Shutting down and abandoning module TextureFormatAndroid (135)
[2018.11.23-05.37.01:709][448]LogModuleManager: Shutting down and abandoning module AudioFormatOpus (133)
[2018.11.23-05.37.01:709][448]LogModuleManager: Shutting down and abandoning module AudioFormatOgg (131)
[2018.11.23-05.37.01:709][448]LogModuleManager: Shutting down and abandoning module AudioFormatADPCM (129)
[2018.11.23-05.37.01:709][448]LogModuleManager: Shutting down and abandoning module LuminTargetPlatform (127)
[2018.11.23-05.37.01:709][448]LogModuleManager: Shutting down and abandoning module LinuxTargetPlatform (125)
[2018.11.23-05.37.01:709][448]LogModuleManager: Shutting down and abandoning module LinuxServerTargetPlatform (123)
[2018.11.23-05.37.01:709][448]LogModuleManager: Shutting down and abandoning module LinuxNoEditorTargetPlatform (121)
[2018.11.23-05.37.01:710][448]LogModuleManager: Shutting down and abandoning module LinuxClientTargetPlatform (119)
[2018.11.23-05.37.01:710][448]LogModuleManager: Shutting down and abandoning module TVOSTargetPlatform (117)
[2018.11.23-05.37.01:712][448]LogModuleManager: Shutting down and abandoning module Messaging (115)
[2018.11.23-05.37.01:713][448]LogModuleManager: Shutting down and abandoning module IOSTargetPlatform (113)
[2018.11.23-05.37.01:716][448]LogModuleManager: Shutting down and abandoning module HTML5TargetPlatform (111)
[2018.11.23-05.37.01:716][448]LogModuleManager: Shutting down and abandoning module AndroidTargetPlatform (109)
[2018.11.23-05.37.01:746][448]LogModuleManager: Shutting down and abandoning module WindowsTargetPlatform (107)
[2018.11.23-05.37.01:746][448]LogModuleManager: Shutting down and abandoning module WindowsServerTargetPlatform (105)
[2018.11.23-05.37.01:746][448]LogModuleManager: Shutting down and abandoning module WindowsNoEditorTargetPlatform (103)
[2018.11.23-05.37.01:746][448]LogModuleManager: Shutting down and abandoning module WindowsClientTargetPlatform (101)
[2018.11.23-05.37.01:747][448]LogModuleManager: Shutting down and abandoning module MacTargetPlatform (99)
[2018.11.23-05.37.01:747][448]LogModuleManager: Shutting down and abandoning module MacServerTargetPlatform (97)
[2018.11.23-05.37.01:747][448]LogModuleManager: Shutting down and abandoning module MacNoEditorTargetPlatform (95)
[2018.11.23-05.37.01:747][448]LogModuleManager: Shutting down and abandoning module MacClientTargetPlatform (93)
[2018.11.23-05.37.01:747][448]LogModuleManager: Shutting down and abandoning module AllDesktopTargetPlatform (91)
[2018.11.23-05.37.01:747][448]LogModuleManager: Shutting down and abandoning module InputCore (88)
[2018.11.23-05.37.01:747][448]LogModuleManager: Shutting down and abandoning module Settings (86)
[2018.11.23-05.37.01:748][448]LogModuleManager: Shutting down and abandoning module PhysXCooking (84)
[2018.11.23-05.37.01:748][448]LogModuleManager: Shutting down and abandoning module SteamVR (82)
[2018.11.23-05.37.01:748][448]LogModuleManager: Shutting down and abandoning module OculusHMD (80)
[2018.11.23-05.37.01:748][448]LogModuleManager: Shutting down and abandoning module ExampleDeviceProfileSelector (78)
[2018.11.23-05.37.01:748][448]LogModuleManager: Shutting down and abandoning module LauncherChunkInstaller (76)
[2018.11.23-05.37.01:748][448]LogModuleManager: Shutting down and abandoning module OnlineBlueprintSupport (74)
[2018.11.23-05.37.01:748][448]LogModuleManager: Shutting down and abandoning module OnlineSubsystem (70)
[2018.11.23-05.37.01:751][448]LogModuleManager: Shutting down and abandoning module XMPP (65)
[2018.11.23-05.37.01:751][448]LogModuleManager: Shutting down and abandoning module WebSockets (64)
[2018.11.23-05.37.01:789][448]LogModuleManager: Shutting down and abandoning module HTTP (61)
[2018.11.23-05.37.01:790][448]LogHttp: Display: Http module shutting down, but needs to wait on 1 outstanding Http requests:
[2018.11.23-05.37.01:790][448]LogHttp: Display: 	verb=[POST] url=[https://datarouter.ol.epicgames.com/datarouter/api/v1/public/data?SessionID=%7B2E6B5741-4A54-F9F4-C181-FA8BB6478241%7D&AppID=UEEditor.Rocket.Release&AppVersion=4.20.3-4369336%2B%2B%2BUE4%2BRelease-4.20&UserID=e57ba87b426d560315d2cf85f8a185a0%7C01811f2312ae4167ba6bb89423682e69%7C52fa6b2f-ee9e-4c89-8986-4cd63a1a1ca8&AppEnvironment=datacollector-binary&UploadType=eteventstream] status=Processing
[2018.11.23-05.37.01:801][448]LogModuleManager: Shutting down and abandoning module SSL (60)
[2018.11.23-05.37.01:806][448]LogModuleManager: Shutting down and abandoning module MagicLeapEmulator (56)
[2018.11.23-05.37.01:806][448]LogModuleManager: Shutting down and abandoning module MagicLeapPrivileges (54)
[2018.11.23-05.37.01:806][448]LogModuleManager: Shutting down and abandoning module MagicLeapIdentity (52)
[2018.11.23-05.37.01:806][448]LogModuleManager: Shutting down and abandoning module MagicLeapHelperVulkan (50)
[2018.11.23-05.37.01:806][448]LogModuleManager: Shutting down and abandoning module MagicLeapHelperOpenGL (48)
[2018.11.23-05.37.01:806][448]LogModuleManager: Shutting down and abandoning module MagicLeapSecureStorage (46)
[2018.11.23-05.37.01:806][448]LogModuleManager: Shutting down and abandoning module MagicLeapGestures (44)
[2018.11.23-05.37.01:807][448]LogModuleManager: Shutting down and abandoning module MagicLeapEyeTracker (42)
[2018.11.23-05.37.01:807][448]LogModuleManager: Shutting down and abandoning module MagicLeapController (40)
[2018.11.23-05.37.01:807][448]LogSlate: Slate User Destroyed.  User Index 0, Is Virtual User: 0
[2018.11.23-05.37.01:807][448]LogModuleManager: Shutting down and abandoning module MagicLeap (38)
[2018.11.23-05.37.01:808][448]LogModuleManager: Shutting down and abandoning module AnimationModifiers (36)
[2018.11.23-05.37.01:808][448]LogModuleManager: Shutting down and abandoning module PropertyEditor (35)
[2018.11.23-05.37.01:808][448]LogModuleManager: Shutting down and abandoning module AudioEditor (32)
[2018.11.23-05.37.01:808][448]LogModuleManager: Shutting down and abandoning module TextureCompressor (30)
[2018.11.23-05.37.01:809][448]LogModuleManager: Shutting down and abandoning module ShaderCore (28)
[2018.11.23-05.37.01:809][448]LogModuleManager: Shutting down and abandoning module Landscape (26)
[2018.11.23-05.37.01:809][448]LogModuleManager: Shutting down and abandoning module SlateRHIRenderer (24)
[2018.11.23-05.37.01:815][448]LogModuleManager: Shutting down and abandoning module OpenGLDrv (22)
[2018.11.23-05.37.01:815][448]LogModuleManager: Shutting down and abandoning module D3D11RHI (20)
[2018.11.23-05.37.01:815][448]LogModuleManager: Shutting down and abandoning module AnimGraphRuntime (18)
[2018.11.23-05.37.01:815][448]LogModuleManager: Shutting down and abandoning module Renderer (16)
[2018.11.23-05.37.01:815][448]LogModuleManager: Shutting down and abandoning module Engine (14)
[2018.11.23-05.37.01:815][448]LogModuleManager: Shutting down and abandoning module CoreUObject (12)
[2018.11.23-05.37.01:815][448]LogModuleManager: Shutting down and abandoning module NetworkFile (10)
[2018.11.23-05.37.01:815][448]LogModuleManager: Shutting down and abandoning module CookedIterativeFile (8)
[2018.11.23-05.37.01:816][448]LogModuleManager: Shutting down and abandoning module StreamingFile (6)
[2018.11.23-05.37.01:816][448]LogModuleManager: Shutting down and abandoning module SandboxFile (4)
[2018.11.23-05.37.01:816][448]LogModuleManager: Shutting down and abandoning module PakFile (2)
[2018.11.23-05.37.01:831][448]LogExit: Exiting.
[2018.11.23-05.37.01:843][448]Log file closed, 11/23/18 14:37:01
